Downloading/unpacking h5py
  Running setup.py (path:/space/sc15770/myprojects/tensorflow/build/h5py/setup.py) egg_info for package h5py
    no previously-included directories found matching 'doc/.build'
    
    Installed /tmp/easy_install-IbOohF/pkgconfig-1.2.1/.eggs/nose-1.3.7-py2.7.egg
    zip_safe flag not set; analyzing archive contents...
    
    Installed /space/sc15770/myprojects/tensorflow/build/h5py/.eggs/pkgconfig-1.2.1-py2.7.egg
    
    warning: no previously-included files found matching 'h5py/defs.pyx'
    warning: no previously-included files found matching 'h5py/defs.pxd'
    warning: no previously-included files found matching 'h5py/config.pxi'
    no previously-included directories found matching 'docs/_build'
    no previously-included directories found matching 'docs_api/_build'
    warning: no previously-included files matching '.DS_Store' found under directory '*'
Requirement already satisfied (use --upgrade to upgrade): numpy>=1.6.1 in /space/sc15770/myprojects/tensorflow/lib/python2.7/site-packages (from h5py)
Requirement already satisfied (use --upgrade to upgrade): six in /space/sc15770/myprojects/tensorflow/lib/python2.7/site-packages (from h5py)
Installing collected packages: h5py
  Running setup.py install for h5py
    Autodetection skipped [libhdf5.so: cannot open shared object file: No such file or directory]
    ********************************************************************************
                           Summary of the h5py configuration
    
        Path to HDF5: None
        HDF5 Version: '1.8.4'
         MPI Enabled: False
    Rebuild Required: False
    
    ********************************************************************************
    Executing api_gen rebuild of defs
    Executing cythonize()
    ./h5py/api_types_ext.pxd: cannot find cimported module 'mpi4py.MPI'
    /space/sc15770/myprojects/tensorflow/build/h5py/h5py/h5p.pyx: cannot find cimported module 'mpi4py.libmpi'
    /space/sc15770/myprojects/tensorflow/build/h5py/h5py/h5p.pyx: cannot find cimported module 'mpi4py.mpi_c'
    Compiling /space/sc15770/myprojects/tensorflow/build/h5py/h5py/defs.pyx because it changed.
    Compiling /space/sc15770/myprojects/tensorflow/build/h5py/h5py/_errors.pyx because it changed.
    Compiling /space/sc15770/myprojects/tensorflow/build/h5py/h5py/_objects.pyx because it changed.
    Compiling /space/sc15770/myprojects/tensorflow/build/h5py/h5py/_proxy.pyx because it changed.
    Compiling /space/sc15770/myprojects/tensorflow/build/h5py/h5py/h5fd.pyx because it changed.
    Compiling /space/sc15770/myprojects/tensorflow/build/h5py/h5py/h5z.pyx because it changed.
    Compiling /space/sc15770/myprojects/tensorflow/build/h5py/h5py/h5.pyx because it changed.
    Compiling /space/sc15770/myprojects/tensorflow/build/h5py/h5py/h5i.pyx because it changed.
    Compiling /space/sc15770/myprojects/tensorflow/build/h5py/h5py/h5r.pyx because it changed.
    Compiling /space/sc15770/myprojects/tensorflow/build/h5py/h5py/utils.pyx because it changed.
    Compiling /space/sc15770/myprojects/tensorflow/build/h5py/h5py/_conv.pyx because it changed.
    Compiling /space/sc15770/myprojects/tensorflow/build/h5py/h5py/h5t.pyx because it changed.
    Compiling /space/sc15770/myprojects/tensorflow/build/h5py/h5py/h5s.pyx because it changed.
    Compiling /space/sc15770/myprojects/tensorflow/build/h5py/h5py/h5p.pyx because it changed.
    Compiling /space/sc15770/myprojects/tensorflow/build/h5py/h5py/h5d.pyx because it changed.
    Compiling /space/sc15770/myprojects/tensorflow/build/h5py/h5py/h5a.pyx because it changed.
    Compiling /space/sc15770/myprojects/tensorflow/build/h5py/h5py/h5f.pyx because it changed.
    Compiling /space/sc15770/myprojects/tensorflow/build/h5py/h5py/h5g.pyx because it changed.
    Compiling /space/sc15770/myprojects/tensorflow/build/h5py/h5py/h5l.pyx because it changed.
    Compiling /space/sc15770/myprojects/tensorflow/build/h5py/h5py/h5o.pyx because it changed.
    Compiling /space/sc15770/myprojects/tensorflow/build/h5py/h5py/h5ds.pyx because it changed.
    Compiling /space/sc15770/myprojects/tensorflow/build/h5py/h5py/h5ac.pyx because it changed.
    [ 1/22] Cythonizing /space/sc15770/myprojects/tensorflow/build/h5py/h5py/_conv.pyx
    [ 2/22] Cythonizing /space/sc15770/myprojects/tensorflow/build/h5py/h5py/_errors.pyx
    [ 3/22] Cythonizing /space/sc15770/myprojects/tensorflow/build/h5py/h5py/_objects.pyx
    [ 4/22] Cythonizing /space/sc15770/myprojects/tensorflow/build/h5py/h5py/_proxy.pyx
    [ 5/22] Cythonizing /space/sc15770/myprojects/tensorflow/build/h5py/h5py/defs.pyx
    [ 6/22] Cythonizing /space/sc15770/myprojects/tensorflow/build/h5py/h5py/h5.pyx
    [ 7/22] Cythonizing /space/sc15770/myprojects/tensorflow/build/h5py/h5py/h5a.pyx
    [ 8/22] Cythonizing /space/sc15770/myprojects/tensorflow/build/h5py/h5py/h5ac.pyx
    [ 9/22] Cythonizing /space/sc15770/myprojects/tensorflow/build/h5py/h5py/h5d.pyx
    [10/22] Cythonizing /space/sc15770/myprojects/tensorflow/build/h5py/h5py/h5ds.pyx
    [11/22] Cythonizing /space/sc15770/myprojects/tensorflow/build/h5py/h5py/h5f.pyx
    [12/22] Cythonizing /space/sc15770/myprojects/tensorflow/build/h5py/h5py/h5fd.pyx
    [13/22] Cythonizing /space/sc15770/myprojects/tensorflow/build/h5py/h5py/h5g.pyx
    [14/22] Cythonizing /space/sc15770/myprojects/tensorflow/build/h5py/h5py/h5i.pyx
    [15/22] Cythonizing /space/sc15770/myprojects/tensorflow/build/h5py/h5py/h5l.pyx
    [16/22] Cythonizing /space/sc15770/myprojects/tensorflow/build/h5py/h5py/h5o.pyx
    [17/22] Cythonizing /space/sc15770/myprojects/tensorflow/build/h5py/h5py/h5p.pyx
    [18/22] Cythonizing /space/sc15770/myprojects/tensorflow/build/h5py/h5py/h5r.pyx
    [19/22] Cythonizing /space/sc15770/myprojects/tensorflow/build/h5py/h5py/h5s.pyx
    [20/22] Cythonizing /space/sc15770/myprojects/tensorflow/build/h5py/h5py/h5t.pyx
    [21/22] Cythonizing /space/sc15770/myprojects/tensorflow/build/h5py/h5py/h5z.pyx
    [22/22] Cythonizing /space/sc15770/myprojects/tensorflow/build/h5py/h5py/utils.pyx
    building 'h5py.defs' extension
    gcc -pthread -fno-strict-aliasing -g -O2 -DNDEBUG -g -fwrapv -O3 -Wall -Wstrict-prototypes -fPIC -DH5_USE_16_API -I/space/sc15770/myprojects/tensorflow/build/h5py/lzf -I/opt/local/include -I/usr/local/include -I/space/sc15770/myprojects/tensorflow/lib/python2.7/site-packages/numpy/core/include -I/usr/local/python2.7/include/python2.7 -c /space/sc15770/myprojects/tensorflow/build/h5py/h5py/defs.c -o build/temp.linux-x86_64-2.7/space/sc15770/myprojects/tensorflow/build/h5py/h5py/defs.o
    In file included from /space/sc15770/myprojects/tensorflow/lib/python2.7/site-packages/numpy/core/include/numpy/ndarraytypes.h:1777,
                     from /space/sc15770/myprojects/tensorflow/lib/python2.7/site-packages/numpy/core/include/numpy/ndarrayobject.h:18,
                     from /space/sc15770/myprojects/tensorflow/lib/python2.7/site-packages/numpy/core/include/numpy/arrayobject.h:4,
                     from /space/sc15770/myprojects/tensorflow/build/h5py/h5py/api_compat.h:26,
                     from /space/sc15770/myprojects/tensorflow/build/h5py/h5py/defs.c:444:
    /space/sc15770/myprojects/tensorflow/lib/python2.7/site-packages/numpy/core/include/numpy/npy_1_7_deprecated_api.h:15:2: warning: #warning "Using deprecated NumPy API, disable it by " "#defining NPY_NO_DEPRECATED_API NPY_1_7_API_VERSION"
    In file included from /space/sc15770/myprojects/tensorflow/build/h5py/h5py/defs.c:444:
    /space/sc15770/myprojects/tensorflow/build/h5py/h5py/api_compat.h:27:18: error: hdf5.h: No such file or directory
    /space/sc15770/myprojects/tensorflow/build/h5py/h5py/defs.c:447:23: error: H5Cpublic.h: No such file or directory
    /space/sc15770/myprojects/tensorflow/build/h5py/h5py/defs.c:448:21: error: hdf5_hl.h: No such file or directory
    /space/sc15770/myprojects/tensorflow/build/h5py/h5py/defs.c:679: error: expected specifier-qualifier-list before ‘H5E_auto_t’
    /space/sc15770/myprojects/tensorflow/build/h5py/h5py/defs.c:913: error: expected ‘=’, ‘,’, ‘;’, ‘asm’ or ‘__attribute__’ before ‘__pyx_f_4h5py_4defs_H5open’
    /space/sc15770/myprojects/tensorflow/build/h5py/h5py/defs.c:1025: error: expected ‘=’, ‘,’, ‘;’, ‘asm’ or ‘__attribute__’ before ‘__pyx_f_4h5py_4defs_H5close’
    /space/sc15770/myprojects/tensorflow/build/h5py/h5py/defs.c:1137: error: expected ‘=’, ‘,’, ‘;’, ‘asm’ or ‘__attribute__’ before ‘__pyx_f_4h5py_4defs_H5get_libversion’
    /space/sc15770/myprojects/tensorflow/build/h5py/h5py/defs.c:1249: error: expected ‘=’, ‘,’, ‘;’, ‘asm’ or ‘__attribute__’ before ‘__pyx_f_4h5py_4defs_H5Acreate’
    /space/sc15770/myprojects/tensorflow/build/h5py/h5py/defs.c:1361: error: expected ‘=’, ‘,’, ‘;’, ‘asm’ or ‘__attribute__’ before ‘__pyx_f_4h5py_4defs_H5Aopen_idx’
    /space/sc15770/myprojects/tensorflow/build/h5py/h5py/defs.c:1473: error: expected ‘=’, ‘,’, ‘;’, ‘asm’ or ‘__attribute__’ before ‘__pyx_f_4h5py_4defs_H5Aopen_name’
    /space/sc15770/myprojects/tensorflow/build/h5py/h5py/defs.c:1585: error: expected ‘=’, ‘,’, ‘;’, ‘asm’ or ‘__attribute__’ before ‘__pyx_f_4h5py_4defs_H5Aclose’
    /space/sc15770/myprojects/tensorflow/build/h5py/h5py/defs.c:1697: error: expected ‘=’, ‘,’, ‘;’, ‘asm’ or ‘__attribute__’ before ‘__pyx_f_4h5py_4defs_H5Adelete’
    /space/sc15770/myprojects/tensorflow/build/h5py/h5py/defs.c:1809: error: expected ‘=’, ‘,’, ‘;’, ‘asm’ or ‘__attribute__’ before ‘__pyx_f_4h5py_4defs_H5Aread’
    /space/sc15770/myprojects/tensorflow/build/h5py/h5py/defs.c:1921: error: expected ‘=’, ‘,’, ‘;’, ‘asm’ or ‘__attribute__’ before ‘__pyx_f_4h5py_4defs_H5Awrite’
    /space/sc15770/myprojects/tensorflow/build/h5py/h5py/defs.c:2033: error: expected ‘)’ before ‘__pyx_v_loc_id’
    /space/sc15770/myprojects/tensorflow/build/h5py/h5py/defs.c:2144: error: expected ‘)’ before ‘__pyx_v_attr_id’
    /space/sc15770/myprojects/tensorflow/build/h5py/h5py/defs.c:2256: error: expected ‘=’, ‘,’, ‘;’, ‘asm’ or ‘__attribute__’ before ‘__pyx_f_4h5py_4defs_H5Aget_space’
    /space/sc15770/myprojects/tensorflow/build/h5py/h5py/defs.c:2368: error: expected ‘=’, ‘,’, ‘;’, ‘asm’ or ‘__attribute__’ before ‘__pyx_f_4h5py_4defs_H5Aget_type’
    /space/sc15770/myprojects/tensorflow/build/h5py/h5py/defs.c:2480: error: expected ‘=’, ‘,’, ‘;’, ‘asm’ or ‘__attribute__’ before ‘__pyx_f_4h5py_4defs_H5Aiterate’
    /space/sc15770/myprojects/tensorflow/build/h5py/h5py/defs.c:2592: error: expected ‘=’, ‘,’, ‘;’, ‘asm’ or ‘__attribute__’ before ‘__pyx_f_4h5py_4defs_H5Adelete_by_name’
    /space/sc15770/myprojects/tensorflow/build/h5py/h5py/defs.c:2704: error: expected ‘=’, ‘,’, ‘;’, ‘asm’ or ‘__attribute__’ before ‘__pyx_f_4h5py_4defs_H5Adelete_by_idx’
    /space/sc15770/myprojects/tensorflow/build/h5py/h5py/defs.c:2816: error: expected ‘=’, ‘,’, ‘;’, ‘asm’ or ‘__attribute__’ before ‘__pyx_f_4h5py_4defs_H5Acreate_by_name’
    /space/sc15770/myprojects/tensorflow/build/h5py/h5py/defs.c:2928: error: expected ‘=’, ‘,’, ‘;’, ‘asm’ or ‘__attribute__’ before ‘__pyx_f_4h5py_4defs_H5Aopen’
    /space/sc15770/myprojects/tensorflow/build/h5py/h5py/defs.c:3040: error: expected ‘=’, ‘,’, ‘;’, ‘asm’ or ‘__attribute__’ before ‘__pyx_f_4h5py_4defs_H5Aopen_by_name’
    /space/sc15770/myprojects/tensorflow/build/h5py/h5py/defs.c:3152: error: expected ‘=’, ‘,’, ‘;’, ‘asm’ or ‘__attribute__’ before ‘__pyx_f_4h5py_4defs_H5Aopen_by_idx’
    /space/sc15770/myprojects/tensorflow/build/h5py/h5py/defs.c:3264: error: expected ‘=’, ‘,’, ‘;’, ‘asm’ or ‘__attribute__’ before ‘__pyx_f_4h5py_4defs_H5Aexists_by_name’
    /space/sc15770/myprojects/tensorflow/build/h5py/h5py/defs.c:3376: error: expected ‘=’, ‘,’, ‘;’, ‘asm’ or ‘__attribute__’ before ‘__pyx_f_4h5py_4defs_H5Aexists’
    /space/sc15770/myprojects/tensorflow/build/h5py/h5py/defs.c:3488: error: expected ‘=’, ‘,’, ‘;’, ‘asm’ or ‘__attribute__’ before ‘__pyx_f_4h5py_4defs_H5Arename’
    /space/sc15770/myprojects/tensorflow/build/h5py/h5py/defs.c:3600: error: expected ‘=’, ‘,’, ‘;’, ‘asm’ or ‘__attribute__’ before ‘__pyx_f_4h5py_4defs_H5Arename_by_name’
    /space/sc15770/myprojects/tensorflow/build/h5py/h5py/defs.c:3712: error: expected ‘=’, ‘,’, ‘;’, ‘asm’ or ‘__attribute__’ before ‘__pyx_f_4h5py_4defs_H5Aget_info’
    /space/sc15770/myprojects/tensorflow/build/h5py/h5py/defs.c:3824: error: expected ‘=’, ‘,’, ‘;’, ‘asm’ or ‘__attribute__’ before ‘__pyx_f_4h5py_4defs_H5Aget_info_by_name’
    /space/sc15770/myprojects/tensorflow/build/h5py/h5py/defs.c:3936: error: expected ‘=’, ‘,’, ‘;’, ‘asm’ or ‘__attribute__’ before ‘__pyx_f_4h5py_4defs_H5Aget_info_by_idx’
    /space/sc15770/myprojects/tensorflow/build/h5py/h5py/defs.c:4048: error: expected ‘=’, ‘,’, ‘;’, ‘asm’ or ‘__attribute__’ before ‘__pyx_f_4h5py_4defs_H5Aiterate2’
    /space/sc15770/myprojects/tensorflow/build/h5py/h5py/defs.c:4160: error: expected ‘=’, ‘,’, ‘;’, ‘asm’ or ‘__attribute__’ before ‘__pyx_f_4h5py_4defs_H5Aget_storage_size’
    /space/sc15770/myprojects/tensorflow/build/h5py/h5py/defs.c:4272: error: expected ‘=’, ‘,’, ‘;’, ‘asm’ or ‘__attribute__’ before ‘__pyx_f_4h5py_4defs_H5Dcreate2’
    /space/sc15770/myprojects/tensorflow/build/h5py/h5py/defs.c:4384: error: expected ‘=’, ‘,’, ‘;’, ‘asm’ or ‘__attribute__’ before ‘__pyx_f_4h5py_4defs_H5Dcreate_anon’
    /space/sc15770/myprojects/tensorflow/build/h5py/h5py/defs.c:4496: error: expected ‘=’, ‘,’, ‘;’, ‘asm’ or ‘__attribute__’ before ‘__pyx_f_4h5py_4defs_H5Dopen’
    /space/sc15770/myprojects/tensorflow/build/h5py/h5py/defs.c:4608: error: expected ‘=’, ‘,’, ‘;’, ‘asm’ or ‘__attribute__’ before ‘__pyx_f_4h5py_4defs_H5Dopen2’
    /space/sc15770/myprojects/tensorflow/build/h5py/h5py/defs.c:4720: error: expected ‘=’, ‘,’, ‘;’, ‘asm’ or ‘__attribute__’ before ‘__pyx_f_4h5py_4defs_H5Dclose’
    /space/sc15770/myprojects/tensorflow/build/h5py/h5py/defs.c:4832: error: expected ‘=’, ‘,’, ‘;’, ‘asm’ or ‘__attribute__’ before ‘__pyx_f_4h5py_4defs_H5Dget_space’
    /space/sc15770/myprojects/tensorflow/build/h5py/h5py/defs.c:4944: error: expected ‘=’, ‘,’, ‘;’, ‘asm’ or ‘__attribute__’ before ‘__pyx_f_4h5py_4defs_H5Dget_space_status’
    /space/sc15770/myprojects/tensorflow/build/h5py/h5py/defs.c:5056: error: expected ‘=’, ‘,’, ‘;’, ‘asm’ or ‘__attribute__’ before ‘__pyx_f_4h5py_4defs_H5Dget_type’
    /space/sc15770/myprojects/tensorflow/build/h5py/h5py/defs.c:5168: error: expected ‘=’, ‘,’, ‘;’, ‘asm’ or ‘__attribute__’ before ‘__pyx_f_4h5py_4defs_H5Dget_create_plist’
    /space/sc15770/myprojects/tensorflow/build/h5py/h5py/defs.c:5280: error: expected ‘=’, ‘,’, ‘;’, ‘asm’ or ‘__attribute__’ before ‘__pyx_f_4h5py_4defs_H5Dget_access_plist’
    /space/sc15770/myprojects/tensorflow/build/h5py/h5py/defs.c:5392: error: expected ‘=’, ‘,’, ‘;’, ‘asm’ or ‘__attribute__’ before ‘__pyx_f_4h5py_4defs_H5Dget_offset’
    /space/sc15770/myprojects/tensorflow/build/h5py/h5py/defs.c:5504: error: expected ‘=’, ‘,’, ‘;’, ‘asm’ or ‘__attribute__’ before ‘__pyx_f_4h5py_4defs_H5Dget_storage_size’
    /space/sc15770/myprojects/tensorflow/build/h5py/h5py/defs.c:5616: error: expected ‘=’, ‘,’, ‘;’, ‘asm’ or ‘__attribute__’ before ‘__pyx_f_4h5py_4defs_H5Dread’
    /space/sc15770/myprojects/tensorflow/build/h5py/h5py/defs.c:5728: error: expected ‘=’, ‘,’, ‘;’, ‘asm’ or ‘__attribute__’ before ‘__pyx_f_4h5py_4defs_H5Dwrite’
    /space/sc15770/myprojects/tensorflow/build/h5py/h5py/defs.c:5840: error: expected ‘=’, ‘,’, ‘;’, ‘asm’ or ‘__attribute__’ before ‘__pyx_f_4h5py_4defs_H5Dextend’
    /space/sc15770/myprojects/tensorflow/build/h5py/h5py/defs.c:5952: error: expected ‘=’, ‘,’, ‘;’, ‘asm’ or ‘__attribute__’ before ‘__pyx_f_4h5py_4defs_H5Dfill’
    /space/sc15770/myprojects/tensorflow/build/h5py/h5py/defs.c:6064: error: expected ‘=’, ‘,’, ‘;’, ‘asm’ or ‘__attribute__’ before ‘__pyx_f_4h5py_4defs_H5Dvlen_get_buf_size’
    /space/sc15770/myprojects/tensorflow/build/h5py/h5py/defs.c:6176: error: expected ‘=’, ‘,’, ‘;’, ‘asm’ or ‘__attribute__’ before ‘__pyx_f_4h5py_4defs_H5Dvlen_reclaim’
    /space/sc15770/myprojects/tensorflow/build/h5py/h5py/defs.c:6288: error: expected ‘=’, ‘,’, ‘;’, ‘asm’ or ‘__attribute__’ before ‘__pyx_f_4h5py_4defs_H5Diterate’
    /space/sc15770/myprojects/tensorflow/build/h5py/h5py/defs.c:6400: error: expected ‘=’, ‘,’, ‘;’, ‘asm’ or ‘__attribute__’ before ‘__pyx_f_4h5py_4defs_H5Dset_extent’
    /space/sc15770/myprojects/tensorflow/build/h5py/h5py/defs.c:6512: error: expected ‘=’, ‘,’, ‘;’, ‘asm’ or ‘__attribute__’ before ‘__pyx_f_4h5py_4defs_H5Eset_auto’
    /space/sc15770/myprojects/tensorflow/build/h5py/h5py/defs.c:6624: error: expected ‘=’, ‘,’, ‘;’, ‘asm’ or ‘__attribute__’ before ‘__pyx_f_4h5py_4defs_H5Fcreate’
    /space/sc15770/myprojects/tensorflow/build/h5py/h5py/defs.c:6736: error: expected ‘=’, ‘,’, ‘;’, ‘asm’ or ‘__attribute__’ before ‘__pyx_f_4h5py_4defs_H5Fopen’
    /space/sc15770/myprojects/tensorflow/build/h5py/h5py/defs.c:6848: error: expected ‘=’, ‘,’, ‘;’, ‘asm’ or ‘__attribute__’ before ‘__pyx_f_4h5py_4defs_H5Fclose’
    /space/sc15770/myprojects/tensorflow/build/h5py/h5py/defs.c:6960: error: expected ‘=’, ‘,’, ‘;’, ‘asm’ or ‘__attribute__’ before ‘__pyx_f_4h5py_4defs_H5Fis_hdf5’
    /space/sc15770/myprojects/tensorflow/build/h5py/h5py/defs.c:7072: error: expected ‘=’, ‘,’, ‘;’, ‘asm’ or ‘__attribute__’ before ‘__pyx_f_4h5py_4defs_H5Fflush’
    /space/sc15770/myprojects/tensorflow/build/h5py/h5py/defs.c:7184: error: expected ‘=’, ‘,’, ‘;’, ‘asm’ or ‘__attribute__’ before ‘__pyx_f_4h5py_4defs_H5Freopen’
    /space/sc15770/myprojects/tensorflow/build/h5py/h5py/defs.c:7296: error: expected ‘=’, ‘,’, ‘;’, ‘asm’ or ‘__attribute__’ before ‘__pyx_f_4h5py_4defs_H5Fmount’
    /space/sc15770/myprojects/tensorflow/build/h5py/h5py/defs.c:7408: error: expected ‘=’, ‘,’, ‘;’, ‘asm’ or ‘__attribute__’ before ‘__pyx_f_4h5py_4defs_H5Funmount’
    /space/sc15770/myprojects/tensorflow/build/h5py/h5py/defs.c:7520: error: expected ‘=’, ‘,’, ‘;’, ‘asm’ or ‘__attribute__’ before ‘__pyx_f_4h5py_4defs_H5Fget_filesize’
    /space/sc15770/myprojects/tensorflow/build/h5py/h5py/defs.c:7632: error: expected ‘=’, ‘,’, ‘;’, ‘asm’ or ‘__attribute__’ before ‘__pyx_f_4h5py_4defs_H5Fget_create_plist’
    /space/sc15770/myprojects/tensorflow/build/h5py/h5py/defs.c:7744: error: expected ‘=’, ‘,’, ‘;’, ‘asm’ or ‘__attribute__’ before ‘__pyx_f_4h5py_4defs_H5Fget_access_plist’
    /space/sc15770/myprojects/tensorflow/build/h5py/h5py/defs.c:7856: error: expected ‘=’, ‘,’, ‘;’, ‘asm’ or ‘__attribute__’ before ‘__pyx_f_4h5py_4defs_H5Fget_freespace’
    /space/sc15770/myprojects/tensorflow/build/h5py/h5py/defs.c:7968: error: expected ‘)’ before ‘__pyx_v_obj_id’
    /space/sc15770/myprojects/tensorflow/build/h5py/h5py/defs.c:8080: error: expected ‘)’ before ‘__pyx_v_file_id’
    /space/sc15770/myprojects/tensorflow/build/h5py/h5py/defs.c:8191: error: expected ‘)’ before ‘__pyx_v_file_id’
    /space/sc15770/myprojects/tensorflow/build/h5py/h5py/defs.c:8302: error: expected ‘=’, ‘,’, ‘;’, ‘asm’ or ‘__attribute__’ before ‘__pyx_f_4h5py_4defs_H5Fget_vfd_handle’
    /space/sc15770/myprojects/tensorflow/build/h5py/h5py/defs.c:8414: error: expected ‘=’, ‘,’, ‘;’, ‘asm’ or ‘__attribute__’ before ‘__pyx_f_4h5py_4defs_H5Fget_intent’
    /space/sc15770/myprojects/tensorflow/build/h5py/h5py/defs.c:8526: error: expected ‘=’, ‘,’, ‘;’, ‘asm’ or ‘__attribute__’ before ‘__pyx_f_4h5py_4defs_H5Fget_mdc_config’
    /space/sc15770/myprojects/tensorflow/build/h5py/h5py/defs.c:8638: error: expected ‘=’, ‘,’, ‘;’, ‘asm’ or ‘__attribute__’ before ‘__pyx_f_4h5py_4defs_H5Fget_mdc_hit_rate’
    /space/sc15770/myprojects/tensorflow/build/h5py/h5py/defs.c:8750: error: expected ‘=’, ‘,’, ‘;’, ‘asm’ or ‘__attribute__’ before ‘__pyx_f_4h5py_4defs_H5Fget_mdc_size’
    /space/sc15770/myprojects/tensorflow/build/h5py/h5py/defs.c:8862: error: expected ‘=’, ‘,’, ‘;’, ‘asm’ or ‘__attribute__’ before ‘__pyx_f_4h5py_4defs_H5Freset_mdc_hit_rate_stats’
    /space/sc15770/myprojects/tensorflow/build/h5py/h5py/defs.c:8974: error: expected ‘=’, ‘,’, ‘;’, ‘asm’ or ‘__attribute__’ before ‘__pyx_f_4h5py_4defs_H5Fset_mdc_config’
    /space/sc15770/myprojects/tensorflow/build/h5py/h5py/defs.c:9086: error: expected ‘=’, ‘,’, ‘;’, ‘asm’ or ‘__attribute__’ before ‘__pyx_f_4h5py_4defs_H5Gcreate’
    /space/sc15770/myprojects/tensorflow/build/h5py/h5py/defs.c:9198: error: expected ‘=’, ‘,’, ‘;’, ‘asm’ or ‘__attribute__’ before ‘__pyx_f_4h5py_4defs_H5Gopen’
    /space/sc15770/myprojects/tensorflow/build/h5py/h5py/defs.c:9310: error: expected ‘=’, ‘,’, ‘;’, ‘asm’ or ‘__attribute__’ before ‘__pyx_f_4h5py_4defs_H5Gclose’
    /space/sc15770/myprojects/tensorflow/build/h5py/h5py/defs.c:9422: error: expected ‘=’, ‘,’, ‘;’, ‘asm’ or ‘__attribute__’ before ‘__pyx_f_4h5py_4defs_H5Glink2’
    /space/sc15770/myprojects/tensorflow/build/h5py/h5py/defs.c:9534: error: expected ‘=’, ‘,’, ‘;’, ‘asm’ or ‘__attribute__’ before ‘__pyx_f_4h5py_4defs_H5Gunlink’
    /space/sc15770/myprojects/tensorflow/build/h5py/h5py/defs.c:9646: error: expected ‘=’, ‘,’, ‘;’, ‘asm’ or ‘__attribute__’ before ‘__pyx_f_4h5py_4defs_H5Gmove2’
    /space/sc15770/myprojects/tensorflow/build/h5py/h5py/defs.c:9758: error: expected ‘=’, ‘,’, ‘;’, ‘asm’ or ‘__attribute__’ before ‘__pyx_f_4h5py_4defs_H5Gget_num_objs’
    /space/sc15770/myprojects/tensorflow/build/h5py/h5py/defs.c:9870: error: expected ‘)’ before ‘__pyx_v_loc_id’
    /space/sc15770/myprojects/tensorflow/build/h5py/h5py/defs.c:9981: error: expected ‘)’ before ‘__pyx_v_loc_id’
    /space/sc15770/myprojects/tensorflow/build/h5py/h5py/defs.c:10092: error: expected ‘=’, ‘,’, ‘;’, ‘asm’ or ‘__attribute__’ before ‘__pyx_f_4h5py_4defs_H5Giterate’
    /space/sc15770/myprojects/tensorflow/build/h5py/h5py/defs.c:10204: error: expected ‘=’, ‘,’, ‘;’, ‘asm’ or ‘__attribute__’ before ‘__pyx_f_4h5py_4defs_H5Gget_objinfo’
    /space/sc15770/myprojects/tensorflow/build/h5py/h5py/defs.c:10316: error: expected ‘=’, ‘,’, ‘;’, ‘asm’ or ‘__attribute__’ before ‘__pyx_f_4h5py_4defs_H5Gget_linkval’
    /space/sc15770/myprojects/tensorflow/build/h5py/h5py/defs.c:10428: error: expected ‘=’, ‘,’, ‘;’, ‘asm’ or ‘__attribute__’ before ‘__pyx_f_4h5py_4defs_H5Gset_comment’
    /space/sc15770/myprojects/tensorflow/build/h5py/h5py/defs.c:10540: error: expected ‘)’ before ‘__pyx_v_loc_id’
    /space/sc15770/myprojects/tensorflow/build/h5py/h5py/defs.c:10651: error: expected ‘=’, ‘,’, ‘;’, ‘asm’ or ‘__attribute__’ before ‘__pyx_f_4h5py_4defs_H5Gcreate_anon’
    /space/sc15770/myprojects/tensorflow/build/h5py/h5py/defs.c:10763: error: expected ‘=’, ‘,’, ‘;’, ‘asm’ or ‘__attribute__’ before ‘__pyx_f_4h5py_4defs_H5Gcreate2’
    /space/sc15770/myprojects/tensorflow/build/h5py/h5py/defs.c:10875: error: expected ‘=’, ‘,’, ‘;’, ‘asm’ or ‘__attribute__’ before ‘__pyx_f_4h5py_4defs_H5Gopen2’
    /space/sc15770/myprojects/tensorflow/build/h5py/h5py/defs.c:10987: error: expected ‘=’, ‘,’, ‘;’, ‘asm’ or ‘__attribute__’ before ‘__pyx_f_4h5py_4defs_H5Gget_info’
    /space/sc15770/myprojects/tensorflow/build/h5py/h5py/defs.c:11099: error: expected ‘=’, ‘,’, ‘;’, ‘asm’ or ‘__attribute__’ before ‘__pyx_f_4h5py_4defs_H5Gget_info_by_name’
    /space/sc15770/myprojects/tensorflow/build/h5py/h5py/defs.c:11211: error: expected ‘=’, ‘,’, ‘;’, ‘asm’ or ‘__attribute__’ before ‘__pyx_f_4h5py_4defs_H5Gget_create_plist’
    /space/sc15770/myprojects/tensorflow/build/h5py/h5py/defs.c:11323: error: expected ‘=’, ‘,’, ‘;’, ‘asm’ or ‘__attribute__’ before ‘__pyx_f_4h5py_4defs_H5Iget_type’
    /space/sc15770/myprojects/tensorflow/build/h5py/h5py/defs.c:11435: error: expected ‘)’ before ‘__pyx_v_obj_id’
    /space/sc15770/myprojects/tensorflow/build/h5py/h5py/defs.c:11547: error: expected ‘=’, ‘,’, ‘;’, ‘asm’ or ‘__attribute__’ before ‘__pyx_f_4h5py_4defs_H5Iget_file_id’
    /space/sc15770/myprojects/tensorflow/build/h5py/h5py/defs.c:11659: error: expected ‘)’ before ‘__pyx_v_obj_id’
    /space/sc15770/myprojects/tensorflow/build/h5py/h5py/defs.c:11770: error: expected ‘)’ before ‘__pyx_v_obj_id’
    /space/sc15770/myprojects/tensorflow/build/h5py/h5py/defs.c:11881: error: expected ‘)’ before ‘__pyx_v_obj_id’
    /space/sc15770/myprojects/tensorflow/build/h5py/h5py/defs.c:11992: error: expected ‘=’, ‘,’, ‘;’, ‘asm’ or ‘__attribute__’ before ‘__pyx_f_4h5py_4defs_H5Iis_valid’
    /space/sc15770/myprojects/tensorflow/build/h5py/h5py/defs.c:12104: error: expected ‘=’, ‘,’, ‘;’, ‘asm’ or ‘__attribute__’ before ‘__pyx_f_4h5py_4defs_H5Lmove’
    /space/sc15770/myprojects/tensorflow/build/h5py/h5py/defs.c:12216: error: expected ‘=’, ‘,’, ‘;’, ‘asm’ or ‘__attribute__’ before ‘__pyx_f_4h5py_4defs_H5Lcopy’
    /space/sc15770/myprojects/tensorflow/build/h5py/h5py/defs.c:12328: error: expected ‘=’, ‘,’, ‘;’, ‘asm’ or ‘__attribute__’ before ‘__pyx_f_4h5py_4defs_H5Lcreate_hard’
    /space/sc15770/myprojects/tensorflow/build/h5py/h5py/defs.c:12440: error: expected ‘=’, ‘,’, ‘;’, ‘asm’ or ‘__attribute__’ before ‘__pyx_f_4h5py_4defs_H5Lcreate_soft’
    /space/sc15770/myprojects/tensorflow/build/h5py/h5py/defs.c:12552: error: expected ‘=’, ‘,’, ‘;’, ‘asm’ or ‘__attribute__’ before ‘__pyx_f_4h5py_4defs_H5Ldelete’
    /space/sc15770/myprojects/tensorflow/build/h5py/h5py/defs.c:12664: error: expected ‘=’, ‘,’, ‘;’, ‘asm’ or ‘__attribute__’ before ‘__pyx_f_4h5py_4defs_H5Ldelete_by_idx’
    /space/sc15770/myprojects/tensorflow/build/h5py/h5py/defs.c:12776: error: expected ‘=’, ‘,’, ‘;’, ‘asm’ or ‘__attribute__’ before ‘__pyx_f_4h5py_4defs_H5Lget_val’
    /space/sc15770/myprojects/tensorflow/build/h5py/h5py/defs.c:12888: error: expected ‘=’, ‘,’, ‘;’, ‘asm’ or ‘__attribute__’ before ‘__pyx_f_4h5py_4defs_H5Lget_val_by_idx’
    /space/sc15770/myprojects/tensorflow/build/h5py/h5py/defs.c:13000: error: expected ‘=’, ‘,’, ‘;’, ‘asm’ or ‘__attribute__’ before ‘__pyx_f_4h5py_4defs_H5Lexists’
    /space/sc15770/myprojects/tensorflow/build/h5py/h5py/defs.c:13112: error: expected ‘=’, ‘,’, ‘;’, ‘asm’ or ‘__attribute__’ before ‘__pyx_f_4h5py_4defs_H5Lget_info’
    /space/sc15770/myprojects/tensorflow/build/h5py/h5py/defs.c:13224: error: expected ‘=’, ‘,’, ‘;’, ‘asm’ or ‘__attribute__’ before ‘__pyx_f_4h5py_4defs_H5Lget_info_by_idx’
    /space/sc15770/myprojects/tensorflow/build/h5py/h5py/defs.c:13336: error: expected ‘)’ before ‘__pyx_v_loc_id’
    /space/sc15770/myprojects/tensorflow/build/h5py/h5py/defs.c:13448: error: expected ‘=’, ‘,’, ‘;’, ‘asm’ or ‘__attribute__’ before ‘__pyx_f_4h5py_4defs_H5Literate’
    /space/sc15770/myprojects/tensorflow/build/h5py/h5py/defs.c:13560: error: expected ‘=’, ‘,’, ‘;’, ‘asm’ or ‘__attribute__’ before ‘__pyx_f_4h5py_4defs_H5Literate_by_name’
    /space/sc15770/myprojects/tensorflow/build/h5py/h5py/defs.c:13672: error: expected ‘=’, ‘,’, ‘;’, ‘asm’ or ‘__attribute__’ before ‘__pyx_f_4h5py_4defs_H5Lvisit’
    /space/sc15770/myprojects/tensorflow/build/h5py/h5py/defs.c:13784: error: expected ‘=’, ‘,’, ‘;’, ‘asm’ or ‘__attribute__’ before ‘__pyx_f_4h5py_4defs_H5Lvisit_by_name’
    /space/sc15770/myprojects/tensorflow/build/h5py/h5py/defs.c:13896: error: expected ‘=’, ‘,’, ‘;’, ‘asm’ or ‘__attribute__’ before ‘__pyx_f_4h5py_4defs_H5Lunpack_elink_val’
    /space/sc15770/myprojects/tensorflow/build/h5py/h5py/defs.c:14008: error: expected ‘=’, ‘,’, ‘;’, ‘asm’ or ‘__attribute__’ before ‘__pyx_f_4h5py_4defs_H5Lcreate_external’
    /space/sc15770/myprojects/tensorflow/build/h5py/h5py/defs.c:14120: error: expected ‘=’, ‘,’, ‘;’, ‘asm’ or ‘__attribute__’ before ‘__pyx_f_4h5py_4defs_H5Oopen’
    /space/sc15770/myprojects/tensorflow/build/h5py/h5py/defs.c:14232: error: expected ‘=’, ‘,’, ‘;’, ‘asm’ or ‘__attribute__’ before ‘__pyx_f_4h5py_4defs_H5Oopen_by_addr’
    /space/sc15770/myprojects/tensorflow/build/h5py/h5py/defs.c:14344: error: expected ‘=’, ‘,’, ‘;’, ‘asm’ or ‘__attribute__’ before ‘__pyx_f_4h5py_4defs_H5Oopen_by_idx’
    /space/sc15770/myprojects/tensorflow/build/h5py/h5py/defs.c:14456: error: expected ‘=’, ‘,’, ‘;’, ‘asm’ or ‘__attribute__’ before ‘__pyx_f_4h5py_4defs_H5Oget_info’
    /space/sc15770/myprojects/tensorflow/build/h5py/h5py/defs.c:14568: error: expected ‘=’, ‘,’, ‘;’, ‘asm’ or ‘__attribute__’ before ‘__pyx_f_4h5py_4defs_H5Oget_info_by_name’
    /space/sc15770/myprojects/tensorflow/build/h5py/h5py/defs.c:14680: error: expected ‘=’, ‘,’, ‘;’, ‘asm’ or ‘__attribute__’ before ‘__pyx_f_4h5py_4defs_H5Oget_info_by_idx’
    /space/sc15770/myprojects/tensorflow/build/h5py/h5py/defs.c:14792: error: expected ‘=’, ‘,’, ‘;’, ‘asm’ or ‘__attribute__’ before ‘__pyx_f_4h5py_4defs_H5Olink’
    /space/sc15770/myprojects/tensorflow/build/h5py/h5py/defs.c:14904: error: expected ‘=’, ‘,’, ‘;’, ‘asm’ or ‘__attribute__’ before ‘__pyx_f_4h5py_4defs_H5Ocopy’
    /space/sc15770/myprojects/tensorflow/build/h5py/h5py/defs.c:15016: error: expected ‘=’, ‘,’, ‘;’, ‘asm’ or ‘__attribute__’ before ‘__pyx_f_4h5py_4defs_H5Oincr_refcount’
    /space/sc15770/myprojects/tensorflow/build/h5py/h5py/defs.c:15128: error: expected ‘=’, ‘,’, ‘;’, ‘asm’ or ‘__attribute__’ before ‘__pyx_f_4h5py_4defs_H5Odecr_refcount’
    /space/sc15770/myprojects/tensorflow/build/h5py/h5py/defs.c:15240: error: expected ‘=’, ‘,’, ‘;’, ‘asm’ or ‘__attribute__’ before ‘__pyx_f_4h5py_4defs_H5Oset_comment’
    /space/sc15770/myprojects/tensorflow/build/h5py/h5py/defs.c:15352: error: expected ‘=’, ‘,’, ‘;’, ‘asm’ or ‘__attribute__’ before ‘__pyx_f_4h5py_4defs_H5Oset_comment_by_name’
    /space/sc15770/myprojects/tensorflow/build/h5py/h5py/defs.c:15464: error: expected ‘)’ before ‘__pyx_v_obj_id’
    /space/sc15770/myprojects/tensorflow/build/h5py/h5py/defs.c:15576: error: expected ‘)’ before ‘__pyx_v_loc_id’
    /space/sc15770/myprojects/tensorflow/build/h5py/h5py/defs.c:15688: error: expected ‘=’, ‘,’, ‘;’, ‘asm’ or ‘__attribute__’ before ‘__pyx_f_4h5py_4defs_H5Ovisit’
    /space/sc15770/myprojects/tensorflow/build/h5py/h5py/defs.c:15800: error: expected ‘=’, ‘,’, ‘;’, ‘asm’ or ‘__attribute__’ before ‘__pyx_f_4h5py_4defs_H5Ovisit_by_name’
    /space/sc15770/myprojects/tensorflow/build/h5py/h5py/defs.c:15912: error: expected ‘=’, ‘,’, ‘;’, ‘asm’ or ‘__attribute__’ before ‘__pyx_f_4h5py_4defs_H5Oclose’
    /space/sc15770/myprojects/tensorflow/build/h5py/h5py/defs.c:16024: error: expected ‘=’, ‘,’, ‘;’, ‘asm’ or ‘__attribute__’ before ‘__pyx_f_4h5py_4defs_H5Pcreate’
    /space/sc15770/myprojects/tensorflow/build/h5py/h5py/defs.c:16136: error: expected ‘=’, ‘,’, ‘;’, ‘asm’ or ‘__attribute__’ before ‘__pyx_f_4h5py_4defs_H5Pcopy’
    /space/sc15770/myprojects/tensorflow/build/h5py/h5py/defs.c:16248: error: expected ‘=’, ‘,’, ‘;’, ‘asm’ or ‘__attribute__’ before ‘__pyx_f_4h5py_4defs_H5Pget_class’
    /space/sc15770/myprojects/tensorflow/build/h5py/h5py/defs.c:16360: error: expected ‘=’, ‘,’, ‘;’, ‘asm’ or ‘__attribute__’ before ‘__pyx_f_4h5py_4defs_H5Pclose’
    /space/sc15770/myprojects/tensorflow/build/h5py/h5py/defs.c:16472: error: expected ‘=’, ‘,’, ‘;’, ‘asm’ or ‘__attribute__’ before ‘__pyx_f_4h5py_4defs_H5Pequal’
    /space/sc15770/myprojects/tensorflow/build/h5py/h5py/defs.c:16584: error: expected ‘=’, ‘,’, ‘;’, ‘asm’ or ‘__attribute__’ before ‘__pyx_f_4h5py_4defs_H5Pclose_class’
    /space/sc15770/myprojects/tensorflow/build/h5py/h5py/defs.c:16696: error: expected ‘=’, ‘,’, ‘;’, ‘asm’ or ‘__attribute__’ before ‘__pyx_f_4h5py_4defs_H5Pget_version’
    /space/sc15770/myprojects/tensorflow/build/h5py/h5py/defs.c:16808: error: expected ‘=’, ‘,’, ‘;’, ‘asm’ or ‘__attribute__’ before ‘__pyx_f_4h5py_4defs_H5Pset_userblock’
    /space/sc15770/myprojects/tensorflow/build/h5py/h5py/defs.c:16920: error: expected ‘=’, ‘,’, ‘;’, ‘asm’ or ‘__attribute__’ before ‘__pyx_f_4h5py_4defs_H5Pget_userblock’
    /space/sc15770/myprojects/tensorflow/build/h5py/h5py/defs.c:17032: error: expected ‘=’, ‘,’, ‘;’, ‘asm’ or ‘__attribute__’ before ‘__pyx_f_4h5py_4defs_H5Pset_sizes’
    /space/sc15770/myprojects/tensorflow/build/h5py/h5py/defs.c:17144: error: expected ‘=’, ‘,’, ‘;’, ‘asm’ or ‘__attribute__’ before ‘__pyx_f_4h5py_4defs_H5Pget_sizes’
    /space/sc15770/myprojects/tensorflow/build/h5py/h5py/defs.c:17256: error: expected ‘=’, ‘,’, ‘;’, ‘asm’ or ‘__attribute__’ before ‘__pyx_f_4h5py_4defs_H5Pset_sym_k’
    /space/sc15770/myprojects/tensorflow/build/h5py/h5py/defs.c:17368: error: expected ‘=’, ‘,’, ‘;’, ‘asm’ or ‘__attribute__’ before ‘__pyx_f_4h5py_4defs_H5Pget_sym_k’
    /space/sc15770/myprojects/tensorflow/build/h5py/h5py/defs.c:17480: error: expected ‘=’, ‘,’, ‘;’, ‘asm’ or ‘__attribute__’ before ‘__pyx_f_4h5py_4defs_H5Pset_istore_k’
    /space/sc15770/myprojects/tensorflow/build/h5py/h5py/defs.c:17592: error: expected ‘=’, ‘,’, ‘;’, ‘asm’ or ‘__attribute__’ before ‘__pyx_f_4h5py_4defs_H5Pget_istore_k’
    /space/sc15770/myprojects/tensorflow/build/h5py/h5py/defs.c:17704: error: expected ‘=’, ‘,’, ‘;’, ‘asm’ or ‘__attribute__’ before ‘__pyx_f_4h5py_4defs_H5Pset_fclose_degree’
    /space/sc15770/myprojects/tensorflow/build/h5py/h5py/defs.c:17816: error: expected ‘=’, ‘,’, ‘;’, ‘asm’ or ‘__attribute__’ before ‘__pyx_f_4h5py_4defs_H5Pget_fclose_degree’
    /space/sc15770/myprojects/tensorflow/build/h5py/h5py/defs.c:17928: error: expected ‘=’, ‘,’, ‘;’, ‘asm’ or ‘__attribute__’ before ‘__pyx_f_4h5py_4defs_H5Pset_fapl_core’
    /space/sc15770/myprojects/tensorflow/build/h5py/h5py/defs.c:18040: error: expected ‘=’, ‘,’, ‘;’, ‘asm’ or ‘__attribute__’ before ‘__pyx_f_4h5py_4defs_H5Pget_fapl_core’
    /space/sc15770/myprojects/tensorflow/build/h5py/h5py/defs.c:18152: error: expected ‘=’, ‘,’, ‘;’, ‘asm’ or ‘__attribute__’ before ‘__pyx_f_4h5py_4defs_H5Pset_fapl_family’
    /space/sc15770/myprojects/tensorflow/build/h5py/h5py/defs.c:18264: error: expected ‘=’, ‘,’, ‘;’, ‘asm’ or ‘__attribute__’ before ‘__pyx_f_4h5py_4defs_H5Pget_fapl_family’
    /space/sc15770/myprojects/tensorflow/build/h5py/h5py/defs.c:18376: error: expected ‘=’, ‘,’, ‘;’, ‘asm’ or ‘__attribute__’ before ‘__pyx_f_4h5py_4defs_H5Pset_family_offset’
    /space/sc15770/myprojects/tensorflow/build/h5py/h5py/defs.c:18488: error: expected ‘=’, ‘,’, ‘;’, ‘asm’ or ‘__attribute__’ before ‘__pyx_f_4h5py_4defs_H5Pget_family_offset’
    /space/sc15770/myprojects/tensorflow/build/h5py/h5py/defs.c:18600: error: expected ‘=’, ‘,’, ‘;’, ‘asm’ or ‘__attribute__’ before ‘__pyx_f_4h5py_4defs_H5Pset_fapl_log’
    /space/sc15770/myprojects/tensorflow/build/h5py/h5py/defs.c:18712: error: expected ‘=’, ‘,’, ‘;’, ‘asm’ or ‘__attribute__’ before ‘__pyx_f_4h5py_4defs_H5Pset_fapl_multi’
    /space/sc15770/myprojects/tensorflow/build/h5py/h5py/defs.c:18824: error: expected ‘=’, ‘,’, ‘;’, ‘asm’ or ‘__attribute__’ before ‘__pyx_f_4h5py_4defs_H5Pset_cache’
    /space/sc15770/myprojects/tensorflow/build/h5py/h5py/defs.c:18936: error: expected ‘=’, ‘,’, ‘;’, ‘asm’ or ‘__attribute__’ before ‘__pyx_f_4h5py_4defs_H5Pget_cache’
    /space/sc15770/myprojects/tensorflow/build/h5py/h5py/defs.c:19048: error: expected ‘=’, ‘,’, ‘;’, ‘asm’ or ‘__attribute__’ before ‘__pyx_f_4h5py_4defs_H5Pset_fapl_sec2’
    /space/sc15770/myprojects/tensorflow/build/h5py/h5py/defs.c:19160: error: expected ‘=’, ‘,’, ‘;’, ‘asm’ or ‘__attribute__’ before ‘__pyx_f_4h5py_4defs_H5Pset_fapl_stdio’
    /space/sc15770/myprojects/tensorflow/build/h5py/h5py/defs.c:19272: error: expected ‘=’, ‘,’, ‘;’, ‘asm’ or ‘__attribute__’ before ‘__pyx_f_4h5py_4defs_H5Pget_driver’
    /space/sc15770/myprojects/tensorflow/build/h5py/h5py/defs.c:19384: error: expected ‘=’, ‘,’, ‘;’, ‘asm’ or ‘__attribute__’ before ‘__pyx_f_4h5py_4defs_H5Pget_mdc_config’
    /space/sc15770/myprojects/tensorflow/build/h5py/h5py/defs.c:19496: error: expected ‘=’, ‘,’, ‘;’, ‘asm’ or ‘__attribute__’ before ‘__pyx_f_4h5py_4defs_H5Pset_mdc_config’
    /space/sc15770/myprojects/tensorflow/build/h5py/h5py/defs.c:19608: error: expected ‘=’, ‘,’, ‘;’, ‘asm’ or ‘__attribute__’ before ‘__pyx_f_4h5py_4defs_H5Pset_layout’
    /space/sc15770/myprojects/tensorflow/build/h5py/h5py/defs.c:19720: error: expected ‘=’, ‘,’, ‘;’, ‘asm’ or ‘__attribute__’ before ‘__pyx_f_4h5py_4defs_H5Pget_layout’
    /space/sc15770/myprojects/tensorflow/build/h5py/h5py/defs.c:19832: error: expected ‘=’, ‘,’, ‘;’, ‘asm’ or ‘__attribute__’ before ‘__pyx_f_4h5py_4defs_H5Pset_chunk’
    /space/sc15770/myprojects/tensorflow/build/h5py/h5py/defs.c:19944: error: expected ‘)’ before ‘__pyx_v_plist’
    /space/sc15770/myprojects/tensorflow/build/h5py/h5py/defs.c:20055: error: expected ‘=’, ‘,’, ‘;’, ‘asm’ or ‘__attribute__’ before ‘__pyx_f_4h5py_4defs_H5Pset_deflate’
    /space/sc15770/myprojects/tensorflow/build/h5py/h5py/defs.c:20167: error: expected ‘=’, ‘,’, ‘;’, ‘asm’ or ‘__attribute__’ before ‘__pyx_f_4h5py_4defs_H5Pset_fill_value’
    /space/sc15770/myprojects/tensorflow/build/h5py/h5py/defs.c:20279: error: expected ‘=’, ‘,’, ‘;’, ‘asm’ or ‘__attribute__’ before ‘__pyx_f_4h5py_4defs_H5Pget_fill_value’
    /space/sc15770/myprojects/tensorflow/build/h5py/h5py/defs.c:20391: error: expected ‘=’, ‘,’, ‘;’, ‘asm’ or ‘__attribute__’ before ‘__pyx_f_4h5py_4defs_H5Pfill_value_defined’
    /space/sc15770/myprojects/tensorflow/build/h5py/h5py/defs.c:20503: error: expected ‘=’, ‘,’, ‘;’, ‘asm’ or ‘__attribute__’ before ‘__pyx_f_4h5py_4defs_H5Pset_fill_time’
    /space/sc15770/myprojects/tensorflow/build/h5py/h5py/defs.c:20615: error: expected ‘=’, ‘,’, ‘;’, ‘asm’ or ‘__attribute__’ before ‘__pyx_f_4h5py_4defs_H5Pget_fill_time’
    /space/sc15770/myprojects/tensorflow/build/h5py/h5py/defs.c:20727: error: expected ‘=’, ‘,’, ‘;’, ‘asm’ or ‘__attribute__’ before ‘__pyx_f_4h5py_4defs_H5Pset_alloc_time’
    /space/sc15770/myprojects/tensorflow/build/h5py/h5py/defs.c:20839: error: expected ‘=’, ‘,’, ‘;’, ‘asm’ or ‘__attribute__’ before ‘__pyx_f_4h5py_4defs_H5Pget_alloc_time’
    /space/sc15770/myprojects/tensorflow/build/h5py/h5py/defs.c:20951: error: expected ‘=’, ‘,’, ‘;’, ‘asm’ or ‘__attribute__’ before ‘__pyx_f_4h5py_4defs_H5Pset_filter’
    /space/sc15770/myprojects/tensorflow/build/h5py/h5py/defs.c:21063: error: expected ‘=’, ‘,’, ‘;’, ‘asm’ or ‘__attribute__’ before ‘__pyx_f_4h5py_4defs_H5Pall_filters_avail’
    /space/sc15770/myprojects/tensorflow/build/h5py/h5py/defs.c:21175: error: expected ‘)’ before ‘__pyx_v_plist’
    /space/sc15770/myprojects/tensorflow/build/h5py/h5py/defs.c:21286: error: expected ‘=’, ‘,’, ‘;’, ‘asm’ or ‘__attribute__’ before ‘__pyx_f_4h5py_4defs_H5Pget_filter’
    /space/sc15770/myprojects/tensorflow/build/h5py/h5py/defs.c:21398: error: expected ‘=’, ‘,’, ‘;’, ‘asm’ or ‘__attribute__’ before ‘__pyx_f_4h5py_4defs_H5Pget_filter_by_id’
    /space/sc15770/myprojects/tensorflow/build/h5py/h5py/defs.c:21510: error: expected ‘=’, ‘,’, ‘;’, ‘asm’ or ‘__attribute__’ before ‘__pyx_f_4h5py_4defs_H5Pmodify_filter’
    /space/sc15770/myprojects/tensorflow/build/h5py/h5py/defs.c:21622: error: expected ‘=’, ‘,’, ‘;’, ‘asm’ or ‘__attribute__’ before ‘__pyx_f_4h5py_4defs_H5Premove_filter’
    /space/sc15770/myprojects/tensorflow/build/h5py/h5py/defs.c:21734: error: expected ‘=’, ‘,’, ‘;’, ‘asm’ or ‘__attribute__’ before ‘__pyx_f_4h5py_4defs_H5Pset_fletcher32’
    /space/sc15770/myprojects/tensorflow/build/h5py/h5py/defs.c:21846: error: expected ‘=’, ‘,’, ‘;’, ‘asm’ or ‘__attribute__’ before ‘__pyx_f_4h5py_4defs_H5Pset_shuffle’
    /space/sc15770/myprojects/tensorflow/build/h5py/h5py/defs.c:21958: error: expected ‘=’, ‘,’, ‘;’, ‘asm’ or ‘__attribute__’ before ‘__pyx_f_4h5py_4defs_H5Pset_szip’
    /space/sc15770/myprojects/tensorflow/build/h5py/h5py/defs.c:22070: error: expected ‘=’, ‘,’, ‘;’, ‘asm’ or ‘__attribute__’ before ‘__pyx_f_4h5py_4defs_H5Pset_scaleoffset’
    /space/sc15770/myprojects/tensorflow/build/h5py/h5py/defs.c:22182: error: expected ‘=’, ‘,’, ‘;’, ‘asm’ or ‘__attribute__’ before ‘__pyx_f_4h5py_4defs_H5Pset_edc_check’
    /space/sc15770/myprojects/tensorflow/build/h5py/h5py/defs.c:22294: error: expected ‘)’ before ‘__pyx_v_plist’
    /space/sc15770/myprojects/tensorflow/build/h5py/h5py/defs.c:22406: error: expected ‘=’, ‘,’, ‘;’, ‘asm’ or ‘__attribute__’ before ‘__pyx_f_4h5py_4defs_H5Pset_chunk_cache’
    /space/sc15770/myprojects/tensorflow/build/h5py/h5py/defs.c:22518: error: expected ‘=’, ‘,’, ‘;’, ‘asm’ or ‘__attribute__’ before ‘__pyx_f_4h5py_4defs_H5Pget_chunk_cache’
    /space/sc15770/myprojects/tensorflow/build/h5py/h5py/defs.c:22630: error: expected ‘=’, ‘,’, ‘;’, ‘asm’ or ‘__attribute__’ before ‘__pyx_f_4h5py_4defs_H5Pset_sieve_buf_size’
    /space/sc15770/myprojects/tensorflow/build/h5py/h5py/defs.c:22742: error: expected ‘=’, ‘,’, ‘;’, ‘asm’ or ‘__attribute__’ before ‘__pyx_f_4h5py_4defs_H5Pget_sieve_buf_size’
    /space/sc15770/myprojects/tensorflow/build/h5py/h5py/defs.c:22854: error: expected ‘=’, ‘,’, ‘;’, ‘asm’ or ‘__attribute__’ before ‘__pyx_f_4h5py_4defs_H5Pset_nlinks’
    /space/sc15770/myprojects/tensorflow/build/h5py/h5py/defs.c:22966: error: expected ‘=’, ‘,’, ‘;’, ‘asm’ or ‘__attribute__’ before ‘__pyx_f_4h5py_4defs_H5Pget_nlinks’
    /space/sc15770/myprojects/tensorflow/build/h5py/h5py/defs.c:23078: error: expected ‘=’, ‘,’, ‘;’, ‘asm’ or ‘__attribute__’ before ‘__pyx_f_4h5py_4defs_H5Pset_elink_prefix’
    /space/sc15770/myprojects/tensorflow/build/h5py/h5py/defs.c:23190: error: expected ‘)’ before ‘__pyx_v_plist_id’
    /space/sc15770/myprojects/tensorflow/build/h5py/h5py/defs.c:23302: error: expected ‘=’, ‘,’, ‘;’, ‘asm’ or ‘__attribute__’ before ‘__pyx_f_4h5py_4defs_H5Pget_elink_fapl’
    /space/sc15770/myprojects/tensorflow/build/h5py/h5py/defs.c:23414: error: expected ‘=’, ‘,’, ‘;’, ‘asm’ or ‘__attribute__’ before ‘__pyx_f_4h5py_4defs_H5Pset_elink_fapl’
    /space/sc15770/myprojects/tensorflow/build/h5py/h5py/defs.c:23526: error: expected ‘=’, ‘,’, ‘;’, ‘asm’ or ‘__attribute__’ before ‘__pyx_f_4h5py_4defs_H5Pset_create_intermediate_group’
    /space/sc15770/myprojects/tensorflow/build/h5py/h5py/defs.c:23638: error: expected ‘=’, ‘,’, ‘;’, ‘asm’ or ‘__attribute__’ before ‘__pyx_f_4h5py_4defs_H5Pget_create_intermediate_group’
    /space/sc15770/myprojects/tensorflow/build/h5py/h5py/defs.c:23750: error: expected ‘=’, ‘,’, ‘;’, ‘asm’ or ‘__attribute__’ before ‘__pyx_f_4h5py_4defs_H5Pset_copy_object’
    /space/sc15770/myprojects/tensorflow/build/h5py/h5py/defs.c:23862: error: expected ‘=’, ‘,’, ‘;’, ‘asm’ or ‘__attribute__’ before ‘__pyx_f_4h5py_4defs_H5Pget_copy_object’
    /space/sc15770/myprojects/tensorflow/build/h5py/h5py/defs.c:23974: error: expected ‘=’, ‘,’, ‘;’, ‘asm’ or ‘__attribute__’ before ‘__pyx_f_4h5py_4defs_H5Pset_char_encoding’
    /space/sc15770/myprojects/tensorflow/build/h5py/h5py/defs.c:24086: error: expected ‘=’, ‘,’, ‘;’, ‘asm’ or ‘__attribute__’ before ‘__pyx_f_4h5py_4defs_H5Pget_char_encoding’
    /space/sc15770/myprojects/tensorflow/build/h5py/h5py/defs.c:24198: error: expected ‘=’, ‘,’, ‘;’, ‘asm’ or ‘__attribute__’ before ‘__pyx_f_4h5py_4defs_H5Pset_obj_track_times’
    /space/sc15770/myprojects/tensorflow/build/h5py/h5py/defs.c:24310: error: expected ‘=’, ‘,’, ‘;’, ‘asm’ or ‘__attribute__’ before ‘__pyx_f_4h5py_4defs_H5Pget_obj_track_times’
    /space/sc15770/myprojects/tensorflow/build/h5py/h5py/defs.c:24422: error: expected ‘=’, ‘,’, ‘;’, ‘asm’ or ‘__attribute__’ before ‘__pyx_f_4h5py_4defs_H5Pset_local_heap_size_hint’
    /space/sc15770/myprojects/tensorflow/build/h5py/h5py/defs.c:24534: error: expected ‘=’, ‘,’, ‘;’, ‘asm’ or ‘__attribute__’ before ‘__pyx_f_4h5py_4defs_H5Pget_local_heap_size_hint’
    /space/sc15770/myprojects/tensorflow/build/h5py/h5py/defs.c:24646: error: expected ‘=’, ‘,’, ‘;’, ‘asm’ or ‘__attribute__’ before ‘__pyx_f_4h5py_4defs_H5Pset_link_phase_change’
    /space/sc15770/myprojects/tensorflow/build/h5py/h5py/defs.c:24758: error: expected ‘=’, ‘,’, ‘;’, ‘asm’ or ‘__attribute__’ before ‘__pyx_f_4h5py_4defs_H5Pget_link_phase_change’
    /space/sc15770/myprojects/tensorflow/build/h5py/h5py/defs.c:24870: error: expected ‘=’, ‘,’, ‘;’, ‘asm’ or ‘__attribute__’ before ‘__pyx_f_4h5py_4defs_H5Pset_est_link_info’
    /space/sc15770/myprojects/tensorflow/build/h5py/h5py/defs.c:24982: error: expected ‘=’, ‘,’, ‘;’, ‘asm’ or ‘__attribute__’ before ‘__pyx_f_4h5py_4defs_H5Pget_est_link_info’
    /space/sc15770/myprojects/tensorflow/build/h5py/h5py/defs.c:25094: error: expected ‘=’, ‘,’, ‘;’, ‘asm’ or ‘__attribute__’ before ‘__pyx_f_4h5py_4defs_H5Pset_link_creation_order’
    /space/sc15770/myprojects/tensorflow/build/h5py/h5py/defs.c:25206: error: expected ‘=’, ‘,’, ‘;’, ‘asm’ or ‘__attribute__’ before ‘__pyx_f_4h5py_4defs_H5Pget_link_creation_order’
    /space/sc15770/myprojects/tensorflow/build/h5py/h5py/defs.c:25318: error: expected ‘=’, ‘,’, ‘;’, ‘asm’ or ‘__attribute__’ before ‘__pyx_f_4h5py_4defs_H5Pset_libver_bounds’
    /space/sc15770/myprojects/tensorflow/build/h5py/h5py/defs.c:25430: error: expected ‘=’, ‘,’, ‘;’, ‘asm’ or ‘__attribute__’ before ‘__pyx_f_4h5py_4defs_H5Pget_libver_bounds’
    /space/sc15770/myprojects/tensorflow/build/h5py/h5py/defs.c:25542: error: expected ‘=’, ‘,’, ‘;’, ‘asm’ or ‘__attribute__’ before ‘__pyx_f_4h5py_4defs_H5Pset_alignment’
    /space/sc15770/myprojects/tensorflow/build/h5py/h5py/defs.c:25654: error: expected ‘=’, ‘,’, ‘;’, ‘asm’ or ‘__attribute__’ before ‘__pyx_f_4h5py_4defs_H5Pget_alignment’
    /space/sc15770/myprojects/tensorflow/build/h5py/h5py/defs.c:25766: error: expected ‘=’, ‘,’, ‘;’, ‘asm’ or ‘__attribute__’ before ‘__pyx_f_4h5py_4defs_H5Rcreate’
    /space/sc15770/myprojects/tensorflow/build/h5py/h5py/defs.c:25878: error: expected ‘=’, ‘,’, ‘;’, ‘asm’ or ‘__attribute__’ before ‘__pyx_f_4h5py_4defs_H5Rdereference’
    /space/sc15770/myprojects/tensorflow/build/h5py/h5py/defs.c:25990: error: expected ‘=’, ‘,’, ‘;’, ‘asm’ or ‘__attribute__’ before ‘__pyx_f_4h5py_4defs_H5Rget_region’
    /space/sc15770/myprojects/tensorflow/build/h5py/h5py/defs.c:26102: error: expected ‘)’ before ‘__pyx_v_id’
    /space/sc15770/myprojects/tensorflow/build/h5py/h5py/defs.c:26214: error: expected ‘)’ before ‘__pyx_v_loc_id’
    /space/sc15770/myprojects/tensorflow/build/h5py/h5py/defs.c:26326: error: expected ‘=’, ‘,’, ‘;’, ‘asm’ or ‘__attribute__’ before ‘__pyx_f_4h5py_4defs_H5Screate’
    /space/sc15770/myprojects/tensorflow/build/h5py/h5py/defs.c:26438: error: expected ‘=’, ‘,’, ‘;’, ‘asm’ or ‘__attribute__’ before ‘__pyx_f_4h5py_4defs_H5Scopy’
    /space/sc15770/myprojects/tensorflow/build/h5py/h5py/defs.c:26550: error: expected ‘=’, ‘,’, ‘;’, ‘asm’ or ‘__attribute__’ before ‘__pyx_f_4h5py_4defs_H5Sclose’
    /space/sc15770/myprojects/tensorflow/build/h5py/h5py/defs.c:26662: error: expected ‘=’, ‘,’, ‘;’, ‘asm’ or ‘__attribute__’ before ‘__pyx_f_4h5py_4defs_H5Screate_simple’
    /space/sc15770/myprojects/tensorflow/build/h5py/h5py/defs.c:26774: error: expected ‘=’, ‘,’, ‘;’, ‘asm’ or ‘__attribute__’ before ‘__pyx_f_4h5py_4defs_H5Sis_simple’
    /space/sc15770/myprojects/tensorflow/build/h5py/h5py/defs.c:26886: error: expected ‘=’, ‘,’, ‘;’, ‘asm’ or ‘__attribute__’ before ‘__pyx_f_4h5py_4defs_H5Soffset_simple’
    /space/sc15770/myprojects/tensorflow/build/h5py/h5py/defs.c:26998: error: expected ‘)’ before ‘__pyx_v_space_id’
    /space/sc15770/myprojects/tensorflow/build/h5py/h5py/defs.c:27109: error: expected ‘)’ before ‘__pyx_v_space_id’
    /space/sc15770/myprojects/tensorflow/build/h5py/h5py/defs.c:27220: error: expected ‘=’, ‘,’, ‘;’, ‘asm’ or ‘__attribute__’ before ‘__pyx_f_4h5py_4defs_H5Sget_simple_extent_npoints’
    /space/sc15770/myprojects/tensorflow/build/h5py/h5py/defs.c:27332: error: expected ‘=’, ‘,’, ‘;’, ‘asm’ or ‘__attribute__’ before ‘__pyx_f_4h5py_4defs_H5Sget_simple_extent_type’
    /space/sc15770/myprojects/tensorflow/build/h5py/h5py/defs.c:27444: error: expected ‘=’, ‘,’, ‘;’, ‘asm’ or ‘__attribute__’ before ‘__pyx_f_4h5py_4defs_H5Sextent_copy’
    /space/sc15770/myprojects/tensorflow/build/h5py/h5py/defs.c:27556: error: expected ‘=’, ‘,’, ‘;’, ‘asm’ or ‘__attribute__’ before ‘__pyx_f_4h5py_4defs_H5Sset_extent_simple’
    /space/sc15770/myprojects/tensorflow/build/h5py/h5py/defs.c:27668: error: expected ‘=’, ‘,’, ‘;’, ‘asm’ or ‘__attribute__’ before ‘__pyx_f_4h5py_4defs_H5Sset_extent_none’
    /space/sc15770/myprojects/tensorflow/build/h5py/h5py/defs.c:27780: error: expected ‘=’, ‘,’, ‘;’, ‘asm’ or ‘__attribute__’ before ‘__pyx_f_4h5py_4defs_H5Sget_select_type’
    /space/sc15770/myprojects/tensorflow/build/h5py/h5py/defs.c:27892: error: expected ‘=’, ‘,’, ‘;’, ‘asm’ or ‘__attribute__’ before ‘__pyx_f_4h5py_4defs_H5Sget_select_npoints’
    /space/sc15770/myprojects/tensorflow/build/h5py/h5py/defs.c:28004: error: expected ‘=’, ‘,’, ‘;’, ‘asm’ or ‘__attribute__’ before ‘__pyx_f_4h5py_4defs_H5Sget_select_bounds’
    /space/sc15770/myprojects/tensorflow/build/h5py/h5py/defs.c:28116: error: expected ‘=’, ‘,’, ‘;’, ‘asm’ or ‘__attribute__’ before ‘__pyx_f_4h5py_4defs_H5Sselect_all’
    /space/sc15770/myprojects/tensorflow/build/h5py/h5py/defs.c:28228: error: expected ‘=’, ‘,’, ‘;’, ‘asm’ or ‘__attribute__’ before ‘__pyx_f_4h5py_4defs_H5Sselect_none’
    /space/sc15770/myprojects/tensorflow/build/h5py/h5py/defs.c:28340: error: expected ‘=’, ‘,’, ‘;’, ‘asm’ or ‘__attribute__’ before ‘__pyx_f_4h5py_4defs_H5Sselect_valid’
    /space/sc15770/myprojects/tensorflow/build/h5py/h5py/defs.c:28452: error: expected ‘=’, ‘,’, ‘;’, ‘asm’ or ‘__attribute__’ before ‘__pyx_f_4h5py_4defs_H5Sget_select_elem_npoints’
    /space/sc15770/myprojects/tensorflow/build/h5py/h5py/defs.c:28564: error: expected ‘=’, ‘,’, ‘;’, ‘asm’ or ‘__attribute__’ before ‘__pyx_f_4h5py_4defs_H5Sget_select_elem_pointlist’
    /space/sc15770/myprojects/tensorflow/build/h5py/h5py/defs.c:28676: error: expected ‘=’, ‘,’, ‘;’, ‘asm’ or ‘__attribute__’ before ‘__pyx_f_4h5py_4defs_H5Sselect_elements’
    /space/sc15770/myprojects/tensorflow/build/h5py/h5py/defs.c:28788: error: expected ‘=’, ‘,’, ‘;’, ‘asm’ or ‘__attribute__’ before ‘__pyx_f_4h5py_4defs_H5Sget_select_hyper_nblocks’
    /space/sc15770/myprojects/tensorflow/build/h5py/h5py/defs.c:28900: error: expected ‘=’, ‘,’, ‘;’, ‘asm’ or ‘__attribute__’ before ‘__pyx_f_4h5py_4defs_H5Sget_select_hyper_blocklist’
    /space/sc15770/myprojects/tensorflow/build/h5py/h5py/defs.c:29012: error: expected ‘=’, ‘,’, ‘;’, ‘asm’ or ‘__attribute__’ before ‘__pyx_f_4h5py_4defs_H5Sselect_hyperslab’
    /space/sc15770/myprojects/tensorflow/build/h5py/h5py/defs.c:29124: error: expected ‘=’, ‘,’, ‘;’, ‘asm’ or ‘__attribute__’ before ‘__pyx_f_4h5py_4defs_H5Sencode’
    /space/sc15770/myprojects/tensorflow/build/h5py/h5py/defs.c:29236: error: expected ‘=’, ‘,’, ‘;’, ‘asm’ or ‘__attribute__’ before ‘__pyx_f_4h5py_4defs_H5Sdecode’
    /space/sc15770/myprojects/tensorflow/build/h5py/h5py/defs.c:29348: error: expected ‘=’, ‘,’, ‘;’, ‘asm’ or ‘__attribute__’ before ‘__pyx_f_4h5py_4defs_H5Tcreate’
    /space/sc15770/myprojects/tensorflow/build/h5py/h5py/defs.c:29460: error: expected ‘=’, ‘,’, ‘;’, ‘asm’ or ‘__attribute__’ before ‘__pyx_f_4h5py_4defs_H5Topen’
    /space/sc15770/myprojects/tensorflow/build/h5py/h5py/defs.c:29572: error: expected ‘=’, ‘,’, ‘;’, ‘asm’ or ‘__attribute__’ before ‘__pyx_f_4h5py_4defs_H5Tcommit’
    /space/sc15770/myprojects/tensorflow/build/h5py/h5py/defs.c:29684: error: expected ‘=’, ‘,’, ‘;’, ‘asm’ or ‘__attribute__’ before ‘__pyx_f_4h5py_4defs_H5Tcommitted’
    /space/sc15770/myprojects/tensorflow/build/h5py/h5py/defs.c:29796: error: expected ‘=’, ‘,’, ‘;’, ‘asm’ or ‘__attribute__’ before ‘__pyx_f_4h5py_4defs_H5Tcopy’
    /space/sc15770/myprojects/tensorflow/build/h5py/h5py/defs.c:29908: error: expected ‘=’, ‘,’, ‘;’, ‘asm’ or ‘__attribute__’ before ‘__pyx_f_4h5py_4defs_H5Tequal’
    /space/sc15770/myprojects/tensorflow/build/h5py/h5py/defs.c:30020: error: expected ‘=’, ‘,’, ‘;’, ‘asm’ or ‘__attribute__’ before ‘__pyx_f_4h5py_4defs_H5Tlock’
    /space/sc15770/myprojects/tensorflow/build/h5py/h5py/defs.c:30132: error: expected ‘)’ before ‘__pyx_v_type_id’
    /space/sc15770/myprojects/tensorflow/build/h5py/h5py/defs.c:30244: error: expected ‘)’ before ‘__pyx_v_type_id’
    /space/sc15770/myprojects/tensorflow/build/h5py/h5py/defs.c:30356: error: expected ‘=’, ‘,’, ‘;’, ‘asm’ or ‘__attribute__’ before ‘__pyx_f_4h5py_4defs_H5Tget_super’
    /space/sc15770/myprojects/tensorflow/build/h5py/h5py/defs.c:30468: error: expected ‘=’, ‘,’, ‘;’, ‘asm’ or ‘__attribute__’ before ‘__pyx_f_4h5py_4defs_H5Tdetect_class’
    /space/sc15770/myprojects/tensorflow/build/h5py/h5py/defs.c:30580: error: expected ‘=’, ‘,’, ‘;’, ‘asm’ or ‘__attribute__’ before ‘__pyx_f_4h5py_4defs_H5Tclose’
    /space/sc15770/myprojects/tensorflow/build/h5py/h5py/defs.c:30692: error: expected ‘=’, ‘,’, ‘;’, ‘asm’ or ‘__attribute__’ before ‘__pyx_f_4h5py_4defs_H5Tget_native_type’
    /space/sc15770/myprojects/tensorflow/build/h5py/h5py/defs.c:30804: error: expected ‘=’, ‘,’, ‘;’, ‘asm’ or ‘__attribute__’ before ‘__pyx_f_4h5py_4defs_H5Tcommit2’
    /space/sc15770/myprojects/tensorflow/build/h5py/h5py/defs.c:30916: error: expected ‘=’, ‘,’, ‘;’, ‘asm’ or ‘__attribute__’ before ‘__pyx_f_4h5py_4defs_H5Tdecode’
    /space/sc15770/myprojects/tensorflow/build/h5py/h5py/defs.c:31028: error: expected ‘=’, ‘,’, ‘;’, ‘asm’ or ‘__attribute__’ before ‘__pyx_f_4h5py_4defs_H5Tencode’
    /space/sc15770/myprojects/tensorflow/build/h5py/h5py/defs.c:31140: error: expected ‘=’, ‘,’, ‘;’, ‘asm’ or ‘__attribute__’ before ‘__pyx_f_4h5py_4defs_H5Tfind’
    /space/sc15770/myprojects/tensorflow/build/h5py/h5py/defs.c:31252: error: expected ‘=’, ‘,’, ‘;’, ‘asm’ or ‘__attribute__’ before ‘__pyx_f_4h5py_4defs_H5Tconvert’
    /space/sc15770/myprojects/tensorflow/build/h5py/h5py/defs.c:31364: error: expected ‘=’, ‘,’, ‘;’, ‘asm’ or ‘__attribute__’ before ‘__pyx_f_4h5py_4defs_H5Tregister’
    /space/sc15770/myprojects/tensorflow/build/h5py/h5py/defs.c:31476: error: expected ‘=’, ‘,’, ‘;’, ‘asm’ or ‘__attribute__’ before ‘__pyx_f_4h5py_4defs_H5Tunregister’
    /space/sc15770/myprojects/tensorflow/build/h5py/h5py/defs.c:31588: error: expected ‘=’, ‘,’, ‘;’, ‘asm’ or ‘__attribute__’ before ‘__pyx_f_4h5py_4defs_H5Tset_size’
    /space/sc15770/myprojects/tensorflow/build/h5py/h5py/defs.c:31700: error: expected ‘=’, ‘,’, ‘;’, ‘asm’ or ‘__attribute__’ before ‘__pyx_f_4h5py_4defs_H5Tget_order’
    /space/sc15770/myprojects/tensorflow/build/h5py/h5py/defs.c:31812: error: expected ‘=’, ‘,’, ‘;’, ‘asm’ or ‘__attribute__’ before ‘__pyx_f_4h5py_4defs_H5Tset_order’
    /space/sc15770/myprojects/tensorflow/build/h5py/h5py/defs.c:31924: error: expected ‘=’, ‘,’, ‘;’, ‘asm’ or ‘__attribute__’ before ‘__pyx_f_4h5py_4defs_H5Tget_precision’
    /space/sc15770/myprojects/tensorflow/build/h5py/h5py/defs.c:32036: error: expected ‘=’, ‘,’, ‘;’, ‘asm’ or ‘__attribute__’ before ‘__pyx_f_4h5py_4defs_H5Tset_precision’
    /space/sc15770/myprojects/tensorflow/build/h5py/h5py/defs.c:32148: error: expected ‘)’ before ‘__pyx_v_type_id’
    /space/sc15770/myprojects/tensorflow/build/h5py/h5py/defs.c:32259: error: expected ‘=’, ‘,’, ‘;’, ‘asm’ or ‘__attribute__’ before ‘__pyx_f_4h5py_4defs_H5Tset_offset’
    /space/sc15770/myprojects/tensorflow/build/h5py/h5py/defs.c:32371: error: expected ‘=’, ‘,’, ‘;’, ‘asm’ or ‘__attribute__’ before ‘__pyx_f_4h5py_4defs_H5Tget_pad’
    /space/sc15770/myprojects/tensorflow/build/h5py/h5py/defs.c:32483: error: expected ‘=’, ‘,’, ‘;’, ‘asm’ or ‘__attribute__’ before ‘__pyx_f_4h5py_4defs_H5Tset_pad’
    /space/sc15770/myprojects/tensorflow/build/h5py/h5py/defs.c:32595: error: expected ‘=’, ‘,’, ‘;’, ‘asm’ or ‘__attribute__’ before ‘__pyx_f_4h5py_4defs_H5Tget_sign’
    /space/sc15770/myprojects/tensorflow/build/h5py/h5py/defs.c:32707: error: expected ‘=’, ‘,’, ‘;’, ‘asm’ or ‘__attribute__’ before ‘__pyx_f_4h5py_4defs_H5Tset_sign’
    /space/sc15770/myprojects/tensorflow/build/h5py/h5py/defs.c:32819: error: expected ‘=’, ‘,’, ‘;’, ‘asm’ or ‘__attribute__’ before ‘__pyx_f_4h5py_4defs_H5Tget_fields’
    /space/sc15770/myprojects/tensorflow/build/h5py/h5py/defs.c:32931: error: expected ‘=’, ‘,’, ‘;’, ‘asm’ or ‘__attribute__’ before ‘__pyx_f_4h5py_4defs_H5Tset_fields’
    /space/sc15770/myprojects/tensorflow/build/h5py/h5py/defs.c:33043: error: expected ‘)’ before ‘__pyx_v_type_id’
    /space/sc15770/myprojects/tensorflow/build/h5py/h5py/defs.c:33155: error: expected ‘=’, ‘,’, ‘;’, ‘asm’ or ‘__attribute__’ before ‘__pyx_f_4h5py_4defs_H5Tset_ebias’
    /space/sc15770/myprojects/tensorflow/build/h5py/h5py/defs.c:33267: error: expected ‘=’, ‘,’, ‘;’, ‘asm’ or ‘__attribute__’ before ‘__pyx_f_4h5py_4defs_H5Tget_norm’
    /space/sc15770/myprojects/tensorflow/build/h5py/h5py/defs.c:33379: error: expected ‘=’, ‘,’, ‘;’, ‘asm’ or ‘__attribute__’ before ‘__pyx_f_4h5py_4defs_H5Tset_norm’
    /space/sc15770/myprojects/tensorflow/build/h5py/h5py/defs.c:33491: error: expected ‘=’, ‘,’, ‘;’, ‘asm’ or ‘__attribute__’ before ‘__pyx_f_4h5py_4defs_H5Tget_inpad’
    /space/sc15770/myprojects/tensorflow/build/h5py/h5py/defs.c:33603: error: expected ‘=’, ‘,’, ‘;’, ‘asm’ or ‘__attribute__’ before ‘__pyx_f_4h5py_4defs_H5Tset_inpad’
    /space/sc15770/myprojects/tensorflow/build/h5py/h5py/defs.c:33715: error: expected ‘=’, ‘,’, ‘;’, ‘asm’ or ‘__attribute__’ before ‘__pyx_f_4h5py_4defs_H5Tget_cset’
    /space/sc15770/myprojects/tensorflow/build/h5py/h5py/defs.c:33827: error: expected ‘=’, ‘,’, ‘;’, ‘asm’ or ‘__attribute__’ before ‘__pyx_f_4h5py_4defs_H5Tset_cset’
    /space/sc15770/myprojects/tensorflow/build/h5py/h5py/defs.c:33939: error: expected ‘=’, ‘,’, ‘;’, ‘asm’ or ‘__attribute__’ before ‘__pyx_f_4h5py_4defs_H5Tget_strpad’
    /space/sc15770/myprojects/tensorflow/build/h5py/h5py/defs.c:34051: error: expected ‘=’, ‘,’, ‘;’, ‘asm’ or ‘__attribute__’ before ‘__pyx_f_4h5py_4defs_H5Tset_strpad’
    /space/sc15770/myprojects/tensorflow/build/h5py/h5py/defs.c:34163: error: expected ‘=’, ‘,’, ‘;’, ‘asm’ or ‘__attribute__’ before ‘__pyx_f_4h5py_4defs_H5Tvlen_create’
    /space/sc15770/myprojects/tensorflow/build/h5py/h5py/defs.c:34275: error: expected ‘=’, ‘,’, ‘;’, ‘asm’ or ‘__attribute__’ before ‘__pyx_f_4h5py_4defs_H5Tis_variable_str’
    /space/sc15770/myprojects/tensorflow/build/h5py/h5py/defs.c:34387: error: expected ‘)’ before ‘__pyx_v_type_id’
    /space/sc15770/myprojects/tensorflow/build/h5py/h5py/defs.c:34498: error: expected ‘)’ before ‘__pyx_v_type_id’
    /space/sc15770/myprojects/tensorflow/build/h5py/h5py/defs.c:34610: error: expected ‘)’ before ‘__pyx_v_type_id’
    /space/sc15770/myprojects/tensorflow/build/h5py/h5py/defs.c:34722: error: expected ‘=’, ‘,’, ‘;’, ‘asm’ or ‘__attribute__’ before ‘__pyx_f_4h5py_4defs_H5Tget_member_type’
    /space/sc15770/myprojects/tensorflow/build/h5py/h5py/defs.c:34834: error: expected ‘)’ before ‘__pyx_v_type_id’
    /space/sc15770/myprojects/tensorflow/build/h5py/h5py/defs.c:34945: error: expected ‘)’ before ‘__pyx_v_type_id’
    /space/sc15770/myprojects/tensorflow/build/h5py/h5py/defs.c:35056: error: expected ‘=’, ‘,’, ‘;’, ‘asm’ or ‘__attribute__’ before ‘__pyx_f_4h5py_4defs_H5Tinsert’
    /space/sc15770/myprojects/tensorflow/build/h5py/h5py/defs.c:35168: error: expected ‘=’, ‘,’, ‘;’, ‘asm’ or ‘__attribute__’ before ‘__pyx_f_4h5py_4defs_H5Tpack’
    /space/sc15770/myprojects/tensorflow/build/h5py/h5py/defs.c:35280: error: expected ‘=’, ‘,’, ‘;’, ‘asm’ or ‘__attribute__’ before ‘__pyx_f_4h5py_4defs_H5Tenum_create’
    /space/sc15770/myprojects/tensorflow/build/h5py/h5py/defs.c:35392: error: expected ‘=’, ‘,’, ‘;’, ‘asm’ or ‘__attribute__’ before ‘__pyx_f_4h5py_4defs_H5Tenum_insert’
    /space/sc15770/myprojects/tensorflow/build/h5py/h5py/defs.c:35504: error: expected ‘=’, ‘,’, ‘;’, ‘asm’ or ‘__attribute__’ before ‘__pyx_f_4h5py_4defs_H5Tenum_nameof’
    /space/sc15770/myprojects/tensorflow/build/h5py/h5py/defs.c:35616: error: expected ‘=’, ‘,’, ‘;’, ‘asm’ or ‘__attribute__’ before ‘__pyx_f_4h5py_4defs_H5Tenum_valueof’
    /space/sc15770/myprojects/tensorflow/build/h5py/h5py/defs.c:35728: error: expected ‘=’, ‘,’, ‘;’, ‘asm’ or ‘__attribute__’ before ‘__pyx_f_4h5py_4defs_H5Tget_member_value’
    /space/sc15770/myprojects/tensorflow/build/h5py/h5py/defs.c:35840: error: expected ‘=’, ‘,’, ‘;’, ‘asm’ or ‘__attribute__’ before ‘__pyx_f_4h5py_4defs_H5Tarray_create’
    /space/sc15770/myprojects/tensorflow/build/h5py/h5py/defs.c:35952: error: expected ‘)’ before ‘__pyx_v_type_id’
    /space/sc15770/myprojects/tensorflow/build/h5py/h5py/defs.c:36063: error: expected ‘)’ before ‘__pyx_v_type_id’
    /space/sc15770/myprojects/tensorflow/build/h5py/h5py/defs.c:36174: error: expected ‘=’, ‘,’, ‘;’, ‘asm’ or ‘__attribute__’ before ‘__pyx_f_4h5py_4defs_H5Tset_tag’
    /space/sc15770/myprojects/tensorflow/build/h5py/h5py/defs.c:36286: error: expected ‘)’ before ‘__pyx_v_type_id’
    /space/sc15770/myprojects/tensorflow/build/h5py/h5py/defs.c:36398: error: expected ‘=’, ‘,’, ‘;’, ‘asm’ or ‘__attribute__’ before ‘__pyx_f_4h5py_4defs_H5Zfilter_avail’
    /space/sc15770/myprojects/tensorflow/build/h5py/h5py/defs.c:36510: error: expected ‘=’, ‘,’, ‘;’, ‘asm’ or ‘__attribute__’ before ‘__pyx_f_4h5py_4defs_H5Zget_filter_info’
    /space/sc15770/myprojects/tensorflow/build/h5py/h5py/defs.c:36622: error: expected ‘=’, ‘,’, ‘;’, ‘asm’ or ‘__attribute__’ before ‘__pyx_f_4h5py_4defs_H5DSattach_scale’
    /space/sc15770/myprojects/tensorflow/build/h5py/h5py/defs.c:36751: error: expected ‘=’, ‘,’, ‘;’, ‘asm’ or ‘__attribute__’ before ‘__pyx_f_4h5py_4defs_H5DSdetach_scale’
    /space/sc15770/myprojects/tensorflow/build/h5py/h5py/defs.c:36880: error: expected ‘=’, ‘,’, ‘;’, ‘asm’ or ‘__attribute__’ before ‘__pyx_f_4h5py_4defs_H5DSis_attached’
    /space/sc15770/myprojects/tensorflow/build/h5py/h5py/defs.c:37009: error: expected ‘=’, ‘,’, ‘;’, ‘asm’ or ‘__attribute__’ before ‘__pyx_f_4h5py_4defs_H5DSset_scale’
    /space/sc15770/myprojects/tensorflow/build/h5py/h5py/defs.c:37138: error: expected ‘)’ before ‘__pyx_v_did’
    /space/sc15770/myprojects/tensorflow/build/h5py/h5py/defs.c:37266: error: expected ‘=’, ‘,’, ‘;’, ‘asm’ or ‘__attribute__’ before ‘__pyx_f_4h5py_4defs_H5DSset_label’
    /space/sc15770/myprojects/tensorflow/build/h5py/h5py/defs.c:37395: error: expected ‘)’ before ‘__pyx_v_did’
    /space/sc15770/myprojects/tensorflow/build/h5py/h5py/defs.c:37524: error: expected ‘)’ before ‘__pyx_v_did’
    /space/sc15770/myprojects/tensorflow/build/h5py/h5py/defs.c:37653: error: expected ‘=’, ‘,’, ‘;’, ‘asm’ or ‘__attribute__’ before ‘__pyx_f_4h5py_4defs_H5DSis_scale’
    /space/sc15770/myprojects/tensorflow/build/h5py/h5py/defs.c:37782: error: expected ‘=’, ‘,’, ‘;’, ‘asm’ or ‘__attribute__’ before ‘__pyx_f_4h5py_4defs_H5DSiterate_scales’
    /space/sc15770/myprojects/tensorflow/build/h5py/h5py/defs.c: In function ‘initdefs’:
    /space/sc15770/myprojects/tensorflow/build/h5py/h5py/defs.c:38158: error: ‘__pyx_f_4h5py_4defs_H5open’ undeclared (first use in this function)
    /space/sc15770/myprojects/tensorflow/build/h5py/h5py/defs.c:38158: error: (Each undeclared identifier is reported only once
    /space/sc15770/myprojects/tensorflow/build/h5py/h5py/defs.c:38158: error: for each function it appears in.)
    /space/sc15770/myprojects/tensorflow/build/h5py/h5py/defs.c:38159: error: ‘__pyx_f_4h5py_4defs_H5close’ undeclared (first use in this function)
    /space/sc15770/myprojects/tensorflow/build/h5py/h5py/defs.c:38160: error: ‘__pyx_f_4h5py_4defs_H5get_libversion’ undeclared (first use in this function)
    /space/sc15770/myprojects/tensorflow/build/h5py/h5py/defs.c:38161: error: ‘__pyx_f_4h5py_4defs_H5Acreate’ undeclared (first use in this function)
    /space/sc15770/myprojects/tensorflow/build/h5py/h5py/defs.c:38162: error: ‘__pyx_f_4h5py_4defs_H5Aopen_idx’ undeclared (first use in this function)
    /space/sc15770/myprojects/tensorflow/build/h5py/h5py/defs.c:38163: error: ‘__pyx_f_4h5py_4defs_H5Aopen_name’ undeclared (first use in this function)
    /space/sc15770/myprojects/tensorflow/build/h5py/h5py/defs.c:38164: error: ‘__pyx_f_4h5py_4defs_H5Aclose’ undeclared (first use in this function)
    /space/sc15770/myprojects/tensorflow/build/h5py/h5py/defs.c:38165: error: ‘__pyx_f_4h5py_4defs_H5Adelete’ undeclared (first use in this function)
    /space/sc15770/myprojects/tensorflow/build/h5py/h5py/defs.c:38166: error: ‘__pyx_f_4h5py_4defs_H5Aread’ undeclared (first use in this function)
    /space/sc15770/myprojects/tensorflow/build/h5py/h5py/defs.c:38167: error: ‘__pyx_f_4h5py_4defs_H5Awrite’ undeclared (first use in this function)
    /space/sc15770/myprojects/tensorflow/build/h5py/h5py/defs.c:38168: error: ‘__pyx_f_4h5py_4defs_H5Aget_num_attrs’ undeclared (first use in this function)
    /space/sc15770/myprojects/tensorflow/build/h5py/h5py/defs.c:38169: error: ‘__pyx_f_4h5py_4defs_H5Aget_name’ undeclared (first use in this function)
    /space/sc15770/myprojects/tensorflow/build/h5py/h5py/defs.c:38170: error: ‘__pyx_f_4h5py_4defs_H5Aget_space’ undeclared (first use in this function)
    /space/sc15770/myprojects/tensorflow/build/h5py/h5py/defs.c:38171: error: ‘__pyx_f_4h5py_4defs_H5Aget_type’ undeclared (first use in this function)
    /space/sc15770/myprojects/tensorflow/build/h5py/h5py/defs.c:38172: error: ‘__pyx_f_4h5py_4defs_H5Aiterate’ undeclared (first use in this function)
    /space/sc15770/myprojects/tensorflow/build/h5py/h5py/defs.c:38173: error: ‘__pyx_f_4h5py_4defs_H5Adelete_by_name’ undeclared (first use in this function)
    /space/sc15770/myprojects/tensorflow/build/h5py/h5py/defs.c:38174: error: ‘__pyx_f_4h5py_4defs_H5Adelete_by_idx’ undeclared (first use in this function)
    /space/sc15770/myprojects/tensorflow/build/h5py/h5py/defs.c:38175: error: ‘__pyx_f_4h5py_4defs_H5Acreate_by_name’ undeclared (first use in this function)
    /space/sc15770/myprojects/tensorflow/build/h5py/h5py/defs.c:38176: error: ‘__pyx_f_4h5py_4defs_H5Aopen’ undeclared (first use in this function)
    /space/sc15770/myprojects/tensorflow/build/h5py/h5py/defs.c:38177: error: ‘__pyx_f_4h5py_4defs_H5Aopen_by_name’ undeclared (first use in this function)
    /space/sc15770/myprojects/tensorflow/build/h5py/h5py/defs.c:38178: error: ‘__pyx_f_4h5py_4defs_H5Aopen_by_idx’ undeclared (first use in this function)
    /space/sc15770/myprojects/tensorflow/build/h5py/h5py/defs.c:38179: error: ‘__pyx_f_4h5py_4defs_H5Aexists_by_name’ undeclared (first use in this function)
    /space/sc15770/myprojects/tensorflow/build/h5py/h5py/defs.c:38180: error: ‘__pyx_f_4h5py_4defs_H5Aexists’ undeclared (first use in this function)
    /space/sc15770/myprojects/tensorflow/build/h5py/h5py/defs.c:38181: error: ‘__pyx_f_4h5py_4defs_H5Arename’ undeclared (first use in this function)
    /space/sc15770/myprojects/tensorflow/build/h5py/h5py/defs.c:38182: error: ‘__pyx_f_4h5py_4defs_H5Arename_by_name’ undeclared (first use in this function)
    /space/sc15770/myprojects/tensorflow/build/h5py/h5py/defs.c:38183: error: ‘__pyx_f_4h5py_4defs_H5Aget_info’ undeclared (first use in this function)
    /space/sc15770/myprojects/tensorflow/build/h5py/h5py/defs.c:38184: error: ‘__pyx_f_4h5py_4defs_H5Aget_info_by_name’ undeclared (first use in this function)
    /space/sc15770/myprojects/tensorflow/build/h5py/h5py/defs.c:38185: error: ‘__pyx_f_4h5py_4defs_H5Aget_info_by_idx’ undeclared (first use in this function)
    /space/sc15770/myprojects/tensorflow/build/h5py/h5py/defs.c:38186: error: ‘__pyx_f_4h5py_4defs_H5Aiterate2’ undeclared (first use in this function)
    /space/sc15770/myprojects/tensorflow/build/h5py/h5py/defs.c:38187: error: ‘__pyx_f_4h5py_4defs_H5Aget_storage_size’ undeclared (first use in this function)
    /space/sc15770/myprojects/tensorflow/build/h5py/h5py/defs.c:38188: error: ‘__pyx_f_4h5py_4defs_H5Dcreate2’ undeclared (first use in this function)
    /space/sc15770/myprojects/tensorflow/build/h5py/h5py/defs.c:38189: error: ‘__pyx_f_4h5py_4defs_H5Dcreate_anon’ undeclared (first use in this function)
    /space/sc15770/myprojects/tensorflow/build/h5py/h5py/defs.c:38190: error: ‘__pyx_f_4h5py_4defs_H5Dopen’ undeclared (first use in this function)
    /space/sc15770/myprojects/tensorflow/build/h5py/h5py/defs.c:38191: error: ‘__pyx_f_4h5py_4defs_H5Dopen2’ undeclared (first use in this function)
    /space/sc15770/myprojects/tensorflow/build/h5py/h5py/defs.c:38192: error: ‘__pyx_f_4h5py_4defs_H5Dclose’ undeclared (first use in this function)
    /space/sc15770/myprojects/tensorflow/build/h5py/h5py/defs.c:38193: error: ‘__pyx_f_4h5py_4defs_H5Dget_space’ undeclared (first use in this function)
    /space/sc15770/myprojects/tensorflow/build/h5py/h5py/defs.c:38194: error: ‘__pyx_f_4h5py_4defs_H5Dget_space_status’ undeclared (first use in this function)
    /space/sc15770/myprojects/tensorflow/build/h5py/h5py/defs.c:38195: error: ‘__pyx_f_4h5py_4defs_H5Dget_type’ undeclared (first use in this function)
    /space/sc15770/myprojects/tensorflow/build/h5py/h5py/defs.c:38196: error: ‘__pyx_f_4h5py_4defs_H5Dget_create_plist’ undeclared (first use in this function)
    /space/sc15770/myprojects/tensorflow/build/h5py/h5py/defs.c:38197: error: ‘__pyx_f_4h5py_4defs_H5Dget_access_plist’ undeclared (first use in this function)
    /space/sc15770/myprojects/tensorflow/build/h5py/h5py/defs.c:38198: error: ‘__pyx_f_4h5py_4defs_H5Dget_offset’ undeclared (first use in this function)
    /space/sc15770/myprojects/tensorflow/build/h5py/h5py/defs.c:38199: error: ‘__pyx_f_4h5py_4defs_H5Dget_storage_size’ undeclared (first use in this function)
    /space/sc15770/myprojects/tensorflow/build/h5py/h5py/defs.c:38200: error: ‘__pyx_f_4h5py_4defs_H5Dread’ undeclared (first use in this function)
    /space/sc15770/myprojects/tensorflow/build/h5py/h5py/defs.c:38201: error: ‘__pyx_f_4h5py_4defs_H5Dwrite’ undeclared (first use in this function)
    /space/sc15770/myprojects/tensorflow/build/h5py/h5py/defs.c:38202: error: ‘__pyx_f_4h5py_4defs_H5Dextend’ undeclared (first use in this function)
    /space/sc15770/myprojects/tensorflow/build/h5py/h5py/defs.c:38203: error: ‘__pyx_f_4h5py_4defs_H5Dfill’ undeclared (first use in this function)
    /space/sc15770/myprojects/tensorflow/build/h5py/h5py/defs.c:38204: error: ‘__pyx_f_4h5py_4defs_H5Dvlen_get_buf_size’ undeclared (first use in this function)
    /space/sc15770/myprojects/tensorflow/build/h5py/h5py/defs.c:38205: error: ‘__pyx_f_4h5py_4defs_H5Dvlen_reclaim’ undeclared (first use in this function)
    /space/sc15770/myprojects/tensorflow/build/h5py/h5py/defs.c:38206: error: ‘__pyx_f_4h5py_4defs_H5Diterate’ undeclared (first use in this function)
    /space/sc15770/myprojects/tensorflow/build/h5py/h5py/defs.c:38207: error: ‘__pyx_f_4h5py_4defs_H5Dset_extent’ undeclared (first use in this function)
    /space/sc15770/myprojects/tensorflow/build/h5py/h5py/defs.c:38208: error: ‘__pyx_f_4h5py_4defs_H5Eset_auto’ undeclared (first use in this function)
    /space/sc15770/myprojects/tensorflow/build/h5py/h5py/defs.c:38209: error: ‘__pyx_f_4h5py_4defs_H5Fcreate’ undeclared (first use in this function)
    /space/sc15770/myprojects/tensorflow/build/h5py/h5py/defs.c:38210: error: ‘__pyx_f_4h5py_4defs_H5Fopen’ undeclared (first use in this function)
    /space/sc15770/myprojects/tensorflow/build/h5py/h5py/defs.c:38211: error: ‘__pyx_f_4h5py_4defs_H5Fclose’ undeclared (first use in this function)
    /space/sc15770/myprojects/tensorflow/build/h5py/h5py/defs.c:38212: error: ‘__pyx_f_4h5py_4defs_H5Fis_hdf5’ undeclared (first use in this function)
    /space/sc15770/myprojects/tensorflow/build/h5py/h5py/defs.c:38213: error: ‘__pyx_f_4h5py_4defs_H5Fflush’ undeclared (first use in this function)
    /space/sc15770/myprojects/tensorflow/build/h5py/h5py/defs.c:38214: error: ‘__pyx_f_4h5py_4defs_H5Freopen’ undeclared (first use in this function)
    /space/sc15770/myprojects/tensorflow/build/h5py/h5py/defs.c:38215: error: ‘__pyx_f_4h5py_4defs_H5Fmount’ undeclared (first use in this function)
    /space/sc15770/myprojects/tensorflow/build/h5py/h5py/defs.c:38216: error: ‘__pyx_f_4h5py_4defs_H5Funmount’ undeclared (first use in this function)
    /space/sc15770/myprojects/tensorflow/build/h5py/h5py/defs.c:38217: error: ‘__pyx_f_4h5py_4defs_H5Fget_filesize’ undeclared (first use in this function)
    /space/sc15770/myprojects/tensorflow/build/h5py/h5py/defs.c:38218: error: ‘__pyx_f_4h5py_4defs_H5Fget_create_plist’ undeclared (first use in this function)
    /space/sc15770/myprojects/tensorflow/build/h5py/h5py/defs.c:38219: error: ‘__pyx_f_4h5py_4defs_H5Fget_access_plist’ undeclared (first use in this function)
    /space/sc15770/myprojects/tensorflow/build/h5py/h5py/defs.c:38220: error: ‘__pyx_f_4h5py_4defs_H5Fget_freespace’ undeclared (first use in this function)
    /space/sc15770/myprojects/tensorflow/build/h5py/h5py/defs.c:38221: error: ‘__pyx_f_4h5py_4defs_H5Fget_name’ undeclared (first use in this function)
    /space/sc15770/myprojects/tensorflow/build/h5py/h5py/defs.c:38222: error: ‘__pyx_f_4h5py_4defs_H5Fget_obj_count’ undeclared (first use in this function)
    /space/sc15770/myprojects/tensorflow/build/h5py/h5py/defs.c:38223: error: ‘__pyx_f_4h5py_4defs_H5Fget_obj_ids’ undeclared (first use in this function)
    /space/sc15770/myprojects/tensorflow/build/h5py/h5py/defs.c:38224: error: ‘__pyx_f_4h5py_4defs_H5Fget_vfd_handle’ undeclared (first use in this function)
    /space/sc15770/myprojects/tensorflow/build/h5py/h5py/defs.c:38225: error: ‘__pyx_f_4h5py_4defs_H5Fget_intent’ undeclared (first use in this function)
    /space/sc15770/myprojects/tensorflow/build/h5py/h5py/defs.c:38226: error: ‘__pyx_f_4h5py_4defs_H5Fget_mdc_config’ undeclared (first use in this function)
    /space/sc15770/myprojects/tensorflow/build/h5py/h5py/defs.c:38227: error: ‘__pyx_f_4h5py_4defs_H5Fget_mdc_hit_rate’ undeclared (first use in this function)
    /space/sc15770/myprojects/tensorflow/build/h5py/h5py/defs.c:38228: error: ‘__pyx_f_4h5py_4defs_H5Fget_mdc_size’ undeclared (first use in this function)
    /space/sc15770/myprojects/tensorflow/build/h5py/h5py/defs.c:38229: error: ‘__pyx_f_4h5py_4defs_H5Freset_mdc_hit_rate_stats’ undeclared (first use in this function)
    /space/sc15770/myprojects/tensorflow/build/h5py/h5py/defs.c:38230: error: ‘__pyx_f_4h5py_4defs_H5Fset_mdc_config’ undeclared (first use in this function)
    /space/sc15770/myprojects/tensorflow/build/h5py/h5py/defs.c:38231: error: ‘__pyx_f_4h5py_4defs_H5Gcreate’ undeclared (first use in this function)
    /space/sc15770/myprojects/tensorflow/build/h5py/h5py/defs.c:38232: error: ‘__pyx_f_4h5py_4defs_H5Gopen’ undeclared (first use in this function)
    /space/sc15770/myprojects/tensorflow/build/h5py/h5py/defs.c:38233: error: ‘__pyx_f_4h5py_4defs_H5Gclose’ undeclared (first use in this function)
    /space/sc15770/myprojects/tensorflow/build/h5py/h5py/defs.c:38234: error: ‘__pyx_f_4h5py_4defs_H5Glink2’ undeclared (first use in this function)
    /space/sc15770/myprojects/tensorflow/build/h5py/h5py/defs.c:38235: error: ‘__pyx_f_4h5py_4defs_H5Gunlink’ undeclared (first use in this function)
    /space/sc15770/myprojects/tensorflow/build/h5py/h5py/defs.c:38236: error: ‘__pyx_f_4h5py_4defs_H5Gmove2’ undeclared (first use in this function)
    /space/sc15770/myprojects/tensorflow/build/h5py/h5py/defs.c:38237: error: ‘__pyx_f_4h5py_4defs_H5Gget_num_objs’ undeclared (first use in this function)
    /space/sc15770/myprojects/tensorflow/build/h5py/h5py/defs.c:38238: error: ‘__pyx_f_4h5py_4defs_H5Gget_objname_by_idx’ undeclared (first use in this function)
    /space/sc15770/myprojects/tensorflow/build/h5py/h5py/defs.c:38239: error: ‘__pyx_f_4h5py_4defs_H5Gget_objtype_by_idx’ undeclared (first use in this function)
    /space/sc15770/myprojects/tensorflow/build/h5py/h5py/defs.c:38240: error: ‘__pyx_f_4h5py_4defs_H5Giterate’ undeclared (first use in this function)
    /space/sc15770/myprojects/tensorflow/build/h5py/h5py/defs.c:38241: error: ‘__pyx_f_4h5py_4defs_H5Gget_objinfo’ undeclared (first use in this function)
    /space/sc15770/myprojects/tensorflow/build/h5py/h5py/defs.c:38242: error: ‘__pyx_f_4h5py_4defs_H5Gget_linkval’ undeclared (first use in this function)
    /space/sc15770/myprojects/tensorflow/build/h5py/h5py/defs.c:38243: error: ‘__pyx_f_4h5py_4defs_H5Gset_comment’ undeclared (first use in this function)
    /space/sc15770/myprojects/tensorflow/build/h5py/h5py/defs.c:38244: error: ‘__pyx_f_4h5py_4defs_H5Gget_comment’ undeclared (first use in this function)
    /space/sc15770/myprojects/tensorflow/build/h5py/h5py/defs.c:38245: error: ‘__pyx_f_4h5py_4defs_H5Gcreate_anon’ undeclared (first use in this function)
    /space/sc15770/myprojects/tensorflow/build/h5py/h5py/defs.c:38246: error: ‘__pyx_f_4h5py_4defs_H5Gcreate2’ undeclared (first use in this function)
    /space/sc15770/myprojects/tensorflow/build/h5py/h5py/defs.c:38247: error: ‘__pyx_f_4h5py_4defs_H5Gopen2’ undeclared (first use in this function)
    /space/sc15770/myprojects/tensorflow/build/h5py/h5py/defs.c:38248: error: ‘__pyx_f_4h5py_4defs_H5Gget_info’ undeclared (first use in this function)
    /space/sc15770/myprojects/tensorflow/build/h5py/h5py/defs.c:38249: error: ‘__pyx_f_4h5py_4defs_H5Gget_info_by_name’ undeclared (first use in this function)
    /space/sc15770/myprojects/tensorflow/build/h5py/h5py/defs.c:38250: error: ‘__pyx_f_4h5py_4defs_H5Gget_create_plist’ undeclared (first use in this function)
    /space/sc15770/myprojects/tensorflow/build/h5py/h5py/defs.c:38251: error: ‘__pyx_f_4h5py_4defs_H5Iget_type’ undeclared (first use in this function)
    /space/sc15770/myprojects/tensorflow/build/h5py/h5py/defs.c:38252: error: ‘__pyx_f_4h5py_4defs_H5Iget_name’ undeclared (first use in this function)
    /space/sc15770/myprojects/tensorflow/build/h5py/h5py/defs.c:38253: error: ‘__pyx_f_4h5py_4defs_H5Iget_file_id’ undeclared (first use in this function)
    /space/sc15770/myprojects/tensorflow/build/h5py/h5py/defs.c:38254: error: ‘__pyx_f_4h5py_4defs_H5Idec_ref’ undeclared (first use in this function)
    /space/sc15770/myprojects/tensorflow/build/h5py/h5py/defs.c:38255: error: ‘__pyx_f_4h5py_4defs_H5Iget_ref’ undeclared (first use in this function)
    /space/sc15770/myprojects/tensorflow/build/h5py/h5py/defs.c:38256: error: ‘__pyx_f_4h5py_4defs_H5Iinc_ref’ undeclared (first use in this function)
    /space/sc15770/myprojects/tensorflow/build/h5py/h5py/defs.c:38257: error: ‘__pyx_f_4h5py_4defs_H5Iis_valid’ undeclared (first use in this function)
    /space/sc15770/myprojects/tensorflow/build/h5py/h5py/defs.c:38258: error: ‘__pyx_f_4h5py_4defs_H5Lmove’ undeclared (first use in this function)
    /space/sc15770/myprojects/tensorflow/build/h5py/h5py/defs.c:38259: error: ‘__pyx_f_4h5py_4defs_H5Lcopy’ undeclared (first use in this function)
    /space/sc15770/myprojects/tensorflow/build/h5py/h5py/defs.c:38260: error: ‘__pyx_f_4h5py_4defs_H5Lcreate_hard’ undeclared (first use in this function)
    /space/sc15770/myprojects/tensorflow/build/h5py/h5py/defs.c:38261: error: ‘__pyx_f_4h5py_4defs_H5Lcreate_soft’ undeclared (first use in this function)
    /space/sc15770/myprojects/tensorflow/build/h5py/h5py/defs.c:38262: error: ‘__pyx_f_4h5py_4defs_H5Ldelete’ undeclared (first use in this function)
    /space/sc15770/myprojects/tensorflow/build/h5py/h5py/defs.c:38263: error: ‘__pyx_f_4h5py_4defs_H5Ldelete_by_idx’ undeclared (first use in this function)
    /space/sc15770/myprojects/tensorflow/build/h5py/h5py/defs.c:38264: error: ‘__pyx_f_4h5py_4defs_H5Lget_val’ undeclared (first use in this function)
    /space/sc15770/myprojects/tensorflow/build/h5py/h5py/defs.c:38265: error: ‘__pyx_f_4h5py_4defs_H5Lget_val_by_idx’ undeclared (first use in this function)
    /space/sc15770/myprojects/tensorflow/build/h5py/h5py/defs.c:38266: error: ‘__pyx_f_4h5py_4defs_H5Lexists’ undeclared (first use in this function)
    /space/sc15770/myprojects/tensorflow/build/h5py/h5py/defs.c:38267: error: ‘__pyx_f_4h5py_4defs_H5Lget_info’ undeclared (first use in this function)
    /space/sc15770/myprojects/tensorflow/build/h5py/h5py/defs.c:38268: error: ‘__pyx_f_4h5py_4defs_H5Lget_info_by_idx’ undeclared (first use in this function)
    /space/sc15770/myprojects/tensorflow/build/h5py/h5py/defs.c:38269: error: ‘__pyx_f_4h5py_4defs_H5Lget_name_by_idx’ undeclared (first use in this function)
    /space/sc15770/myprojects/tensorflow/build/h5py/h5py/defs.c:38270: error: ‘__pyx_f_4h5py_4defs_H5Literate’ undeclared (first use in this function)
    /space/sc15770/myprojects/tensorflow/build/h5py/h5py/defs.c:38271: error: ‘__pyx_f_4h5py_4defs_H5Literate_by_name’ undeclared (first use in this function)
    /space/sc15770/myprojects/tensorflow/build/h5py/h5py/defs.c:38272: error: ‘__pyx_f_4h5py_4defs_H5Lvisit’ undeclared (first use in this function)
    /space/sc15770/myprojects/tensorflow/build/h5py/h5py/defs.c:38273: error: ‘__pyx_f_4h5py_4defs_H5Lvisit_by_name’ undeclared (first use in this function)
    /space/sc15770/myprojects/tensorflow/build/h5py/h5py/defs.c:38274: error: ‘__pyx_f_4h5py_4defs_H5Lunpack_elink_val’ undeclared (first use in this function)
    /space/sc15770/myprojects/tensorflow/build/h5py/h5py/defs.c:38275: error: ‘__pyx_f_4h5py_4defs_H5Lcreate_external’ undeclared (first use in this function)
    /space/sc15770/myprojects/tensorflow/build/h5py/h5py/defs.c:38276: error: ‘__pyx_f_4h5py_4defs_H5Oopen’ undeclared (first use in this function)
    /space/sc15770/myprojects/tensorflow/build/h5py/h5py/defs.c:38277: error: ‘__pyx_f_4h5py_4defs_H5Oopen_by_addr’ undeclared (first use in this function)
    /space/sc15770/myprojects/tensorflow/build/h5py/h5py/defs.c:38278: error: ‘__pyx_f_4h5py_4defs_H5Oopen_by_idx’ undeclared (first use in this function)
    /space/sc15770/myprojects/tensorflow/build/h5py/h5py/defs.c:38279: error: ‘__pyx_f_4h5py_4defs_H5Oget_info’ undeclared (first use in this function)
    /space/sc15770/myprojects/tensorflow/build/h5py/h5py/defs.c:38280: error: ‘__pyx_f_4h5py_4defs_H5Oget_info_by_name’ undeclared (first use in this function)
    /space/sc15770/myprojects/tensorflow/build/h5py/h5py/defs.c:38281: error: ‘__pyx_f_4h5py_4defs_H5Oget_info_by_idx’ undeclared (first use in this function)
    /space/sc15770/myprojects/tensorflow/build/h5py/h5py/defs.c:38282: error: ‘__pyx_f_4h5py_4defs_H5Olink’ undeclared (first use in this function)
    /space/sc15770/myprojects/tensorflow/build/h5py/h5py/defs.c:38283: error: ‘__pyx_f_4h5py_4defs_H5Ocopy’ undeclared (first use in this function)
    /space/sc15770/myprojects/tensorflow/build/h5py/h5py/defs.c:38284: error: ‘__pyx_f_4h5py_4defs_H5Oincr_refcount’ undeclared (first use in this function)
    /space/sc15770/myprojects/tensorflow/build/h5py/h5py/defs.c:38285: error: ‘__pyx_f_4h5py_4defs_H5Odecr_refcount’ undeclared (first use in this function)
    /space/sc15770/myprojects/tensorflow/build/h5py/h5py/defs.c:38286: error: ‘__pyx_f_4h5py_4defs_H5Oset_comment’ undeclared (first use in this function)
    /space/sc15770/myprojects/tensorflow/build/h5py/h5py/defs.c:38287: error: ‘__pyx_f_4h5py_4defs_H5Oset_comment_by_name’ undeclared (first use in this function)
    /space/sc15770/myprojects/tensorflow/build/h5py/h5py/defs.c:38288: error: ‘__pyx_f_4h5py_4defs_H5Oget_comment’ undeclared (first use in this function)
    /space/sc15770/myprojects/tensorflow/build/h5py/h5py/defs.c:38289: error: ‘__pyx_f_4h5py_4defs_H5Oget_comment_by_name’ undeclared (first use in this function)
    /space/sc15770/myprojects/tensorflow/build/h5py/h5py/defs.c:38290: error: ‘__pyx_f_4h5py_4defs_H5Ovisit’ undeclared (first use in this function)
    /space/sc15770/myprojects/tensorflow/build/h5py/h5py/defs.c:38291: error: ‘__pyx_f_4h5py_4defs_H5Ovisit_by_name’ undeclared (first use in this function)
    /space/sc15770/myprojects/tensorflow/build/h5py/h5py/defs.c:38292: error: ‘__pyx_f_4h5py_4defs_H5Oclose’ undeclared (first use in this function)
    /space/sc15770/myprojects/tensorflow/build/h5py/h5py/defs.c:38293: error: ‘__pyx_f_4h5py_4defs_H5Pcreate’ undeclared (first use in this function)
    /space/sc15770/myprojects/tensorflow/build/h5py/h5py/defs.c:38294: error: ‘__pyx_f_4h5py_4defs_H5Pcopy’ undeclared (first use in this function)
    /space/sc15770/myprojects/tensorflow/build/h5py/h5py/defs.c:38295: error: ‘__pyx_f_4h5py_4defs_H5Pget_class’ undeclared (first use in this function)
    /space/sc15770/myprojects/tensorflow/build/h5py/h5py/defs.c:38296: error: ‘__pyx_f_4h5py_4defs_H5Pclose’ undeclared (first use in this function)
    /space/sc15770/myprojects/tensorflow/build/h5py/h5py/defs.c:38297: error: ‘__pyx_f_4h5py_4defs_H5Pequal’ undeclared (first use in this function)
    /space/sc15770/myprojects/tensorflow/build/h5py/h5py/defs.c:38298: error: ‘__pyx_f_4h5py_4defs_H5Pclose_class’ undeclared (first use in this function)
    /space/sc15770/myprojects/tensorflow/build/h5py/h5py/defs.c:38299: error: ‘__pyx_f_4h5py_4defs_H5Pget_version’ undeclared (first use in this function)
    /space/sc15770/myprojects/tensorflow/build/h5py/h5py/defs.c:38300: error: ‘__pyx_f_4h5py_4defs_H5Pset_userblock’ undeclared (first use in this function)
    /space/sc15770/myprojects/tensorflow/build/h5py/h5py/defs.c:38301: error: ‘__pyx_f_4h5py_4defs_H5Pget_userblock’ undeclared (first use in this function)
    /space/sc15770/myprojects/tensorflow/build/h5py/h5py/defs.c:38302: error: ‘__pyx_f_4h5py_4defs_H5Pset_sizes’ undeclared (first use in this function)
    /space/sc15770/myprojects/tensorflow/build/h5py/h5py/defs.c:38303: error: ‘__pyx_f_4h5py_4defs_H5Pget_sizes’ undeclared (first use in this function)
    /space/sc15770/myprojects/tensorflow/build/h5py/h5py/defs.c:38304: error: ‘__pyx_f_4h5py_4defs_H5Pset_sym_k’ undeclared (first use in this function)
    /space/sc15770/myprojects/tensorflow/build/h5py/h5py/defs.c:38305: error: ‘__pyx_f_4h5py_4defs_H5Pget_sym_k’ undeclared (first use in this function)
    /space/sc15770/myprojects/tensorflow/build/h5py/h5py/defs.c:38306: error: ‘__pyx_f_4h5py_4defs_H5Pset_istore_k’ undeclared (first use in this function)
    /space/sc15770/myprojects/tensorflow/build/h5py/h5py/defs.c:38307: error: ‘__pyx_f_4h5py_4defs_H5Pget_istore_k’ undeclared (first use in this function)
    /space/sc15770/myprojects/tensorflow/build/h5py/h5py/defs.c:38308: error: ‘__pyx_f_4h5py_4defs_H5Pset_fclose_degree’ undeclared (first use in this function)
    /space/sc15770/myprojects/tensorflow/build/h5py/h5py/defs.c:38309: error: ‘__pyx_f_4h5py_4defs_H5Pget_fclose_degree’ undeclared (first use in this function)
    /space/sc15770/myprojects/tensorflow/build/h5py/h5py/defs.c:38310: error: ‘__pyx_f_4h5py_4defs_H5Pset_fapl_core’ undeclared (first use in this function)
    /space/sc15770/myprojects/tensorflow/build/h5py/h5py/defs.c:38311: error: ‘__pyx_f_4h5py_4defs_H5Pget_fapl_core’ undeclared (first use in this function)
    /space/sc15770/myprojects/tensorflow/build/h5py/h5py/defs.c:38312: error: ‘__pyx_f_4h5py_4defs_H5Pset_fapl_family’ undeclared (first use in this function)
    /space/sc15770/myprojects/tensorflow/build/h5py/h5py/defs.c:38313: error: ‘__pyx_f_4h5py_4defs_H5Pget_fapl_family’ undeclared (first use in this function)
    /space/sc15770/myprojects/tensorflow/build/h5py/h5py/defs.c:38314: error: ‘__pyx_f_4h5py_4defs_H5Pset_family_offset’ undeclared (first use in this function)
    /space/sc15770/myprojects/tensorflow/build/h5py/h5py/defs.c:38315: error: ‘__pyx_f_4h5py_4defs_H5Pget_family_offset’ undeclared (first use in this function)
    /space/sc15770/myprojects/tensorflow/build/h5py/h5py/defs.c:38316: error: ‘__pyx_f_4h5py_4defs_H5Pset_fapl_log’ undeclared (first use in this function)
    /space/sc15770/myprojects/tensorflow/build/h5py/h5py/defs.c:38317: error: ‘__pyx_f_4h5py_4defs_H5Pset_fapl_multi’ undeclared (first use in this function)
    /space/sc15770/myprojects/tensorflow/build/h5py/h5py/defs.c:38318: error: ‘__pyx_f_4h5py_4defs_H5Pset_cache’ undeclared (first use in this function)
    /space/sc15770/myprojects/tensorflow/build/h5py/h5py/defs.c:38319: error: ‘__pyx_f_4h5py_4defs_H5Pget_cache’ undeclared (first use in this function)
    /space/sc15770/myprojects/tensorflow/build/h5py/h5py/defs.c:38320: error: ‘__pyx_f_4h5py_4defs_H5Pset_fapl_sec2’ undeclared (first use in this function)
    /space/sc15770/myprojects/tensorflow/build/h5py/h5py/defs.c:38321: error: ‘__pyx_f_4h5py_4defs_H5Pset_fapl_stdio’ undeclared (first use in this function)
    /space/sc15770/myprojects/tensorflow/build/h5py/h5py/defs.c:38322: error: ‘__pyx_f_4h5py_4defs_H5Pget_driver’ undeclared (first use in this function)
    /space/sc15770/myprojects/tensorflow/build/h5py/h5py/defs.c:38323: error: ‘__pyx_f_4h5py_4defs_H5Pget_mdc_config’ undeclared (first use in this function)
    /space/sc15770/myprojects/tensorflow/build/h5py/h5py/defs.c:38324: error: ‘__pyx_f_4h5py_4defs_H5Pset_mdc_config’ undeclared (first use in this function)
    /space/sc15770/myprojects/tensorflow/build/h5py/h5py/defs.c:38325: error: ‘__pyx_f_4h5py_4defs_H5Pset_layout’ undeclared (first use in this function)
    /space/sc15770/myprojects/tensorflow/build/h5py/h5py/defs.c:38326: error: ‘__pyx_f_4h5py_4defs_H5Pget_layout’ undeclared (first use in this function)
    /space/sc15770/myprojects/tensorflow/build/h5py/h5py/defs.c:38327: error: ‘__pyx_f_4h5py_4defs_H5Pset_chunk’ undeclared (first use in this function)
    /space/sc15770/myprojects/tensorflow/build/h5py/h5py/defs.c:38328: error: ‘__pyx_f_4h5py_4defs_H5Pget_chunk’ undeclared (first use in this function)
    /space/sc15770/myprojects/tensorflow/build/h5py/h5py/defs.c:38329: error: ‘__pyx_f_4h5py_4defs_H5Pset_deflate’ undeclared (first use in this function)
    /space/sc15770/myprojects/tensorflow/build/h5py/h5py/defs.c:38330: error: ‘__pyx_f_4h5py_4defs_H5Pset_fill_value’ undeclared (first use in this function)
    /space/sc15770/myprojects/tensorflow/build/h5py/h5py/defs.c:38331: error: ‘__pyx_f_4h5py_4defs_H5Pget_fill_value’ undeclared (first use in this function)
    /space/sc15770/myprojects/tensorflow/build/h5py/h5py/defs.c:38332: error: ‘__pyx_f_4h5py_4defs_H5Pfill_value_defined’ undeclared (first use in this function)
    /space/sc15770/myprojects/tensorflow/build/h5py/h5py/defs.c:38333: error: ‘__pyx_f_4h5py_4defs_H5Pset_fill_time’ undeclared (first use in this function)
    /space/sc15770/myprojects/tensorflow/build/h5py/h5py/defs.c:38334: error: ‘__pyx_f_4h5py_4defs_H5Pget_fill_time’ undeclared (first use in this function)
    /space/sc15770/myprojects/tensorflow/build/h5py/h5py/defs.c:38335: error: ‘__pyx_f_4h5py_4defs_H5Pset_alloc_time’ undeclared (first use in this function)
    /space/sc15770/myprojects/tensorflow/build/h5py/h5py/defs.c:38336: error: ‘__pyx_f_4h5py_4defs_H5Pget_alloc_time’ undeclared (first use in this function)
    /space/sc15770/myprojects/tensorflow/build/h5py/h5py/defs.c:38337: error: ‘__pyx_f_4h5py_4defs_H5Pset_filter’ undeclared (first use in this function)
    /space/sc15770/myprojects/tensorflow/build/h5py/h5py/defs.c:38338: error: ‘__pyx_f_4h5py_4defs_H5Pall_filters_avail’ undeclared (first use in this function)
    /space/sc15770/myprojects/tensorflow/build/h5py/h5py/defs.c:38339: error: ‘__pyx_f_4h5py_4defs_H5Pget_nfilters’ undeclared (first use in this function)
    /space/sc15770/myprojects/tensorflow/build/h5py/h5py/defs.c:38340: error: ‘__pyx_f_4h5py_4defs_H5Pget_filter’ undeclared (first use in this function)
    /space/sc15770/myprojects/tensorflow/build/h5py/h5py/defs.c:38341: error: ‘__pyx_f_4h5py_4defs_H5Pget_filter_by_id’ undeclared (first use in this function)
    /space/sc15770/myprojects/tensorflow/build/h5py/h5py/defs.c:38342: error: ‘__pyx_f_4h5py_4defs_H5Pmodify_filter’ undeclared (first use in this function)
    /space/sc15770/myprojects/tensorflow/build/h5py/h5py/defs.c:38343: error: ‘__pyx_f_4h5py_4defs_H5Premove_filter’ undeclared (first use in this function)
    /space/sc15770/myprojects/tensorflow/build/h5py/h5py/defs.c:38344: error: ‘__pyx_f_4h5py_4defs_H5Pset_fletcher32’ undeclared (first use in this function)
    /space/sc15770/myprojects/tensorflow/build/h5py/h5py/defs.c:38345: error: ‘__pyx_f_4h5py_4defs_H5Pset_shuffle’ undeclared (first use in this function)
    /space/sc15770/myprojects/tensorflow/build/h5py/h5py/defs.c:38346: error: ‘__pyx_f_4h5py_4defs_H5Pset_szip’ undeclared (first use in this function)
    /space/sc15770/myprojects/tensorflow/build/h5py/h5py/defs.c:38347: error: ‘__pyx_f_4h5py_4defs_H5Pset_scaleoffset’ undeclared (first use in this function)
    /space/sc15770/myprojects/tensorflow/build/h5py/h5py/defs.c:38348: error: ‘__pyx_f_4h5py_4defs_H5Pset_edc_check’ undeclared (first use in this function)
    /space/sc15770/myprojects/tensorflow/build/h5py/h5py/defs.c:38349: error: ‘__pyx_f_4h5py_4defs_H5Pget_edc_check’ undeclared (first use in this function)
    /space/sc15770/myprojects/tensorflow/build/h5py/h5py/defs.c:38350: error: ‘__pyx_f_4h5py_4defs_H5Pset_chunk_cache’ undeclared (first use in this function)
    /space/sc15770/myprojects/tensorflow/build/h5py/h5py/defs.c:38351: error: ‘__pyx_f_4h5py_4defs_H5Pget_chunk_cache’ undeclared (first use in this function)
    /space/sc15770/myprojects/tensorflow/build/h5py/h5py/defs.c:38352: error: ‘__pyx_f_4h5py_4defs_H5Pset_sieve_buf_size’ undeclared (first use in this function)
    /space/sc15770/myprojects/tensorflow/build/h5py/h5py/defs.c:38353: error: ‘__pyx_f_4h5py_4defs_H5Pget_sieve_buf_size’ undeclared (first use in this function)
    /space/sc15770/myprojects/tensorflow/build/h5py/h5py/defs.c:38354: error: ‘__pyx_f_4h5py_4defs_H5Pset_nlinks’ undeclared (first use in this function)
    /space/sc15770/myprojects/tensorflow/build/h5py/h5py/defs.c:38355: error: ‘__pyx_f_4h5py_4defs_H5Pget_nlinks’ undeclared (first use in this function)
    /space/sc15770/myprojects/tensorflow/build/h5py/h5py/defs.c:38356: error: ‘__pyx_f_4h5py_4defs_H5Pset_elink_prefix’ undeclared (first use in this function)
    /space/sc15770/myprojects/tensorflow/build/h5py/h5py/defs.c:38357: error: ‘__pyx_f_4h5py_4defs_H5Pget_elink_prefix’ undeclared (first use in this function)
    /space/sc15770/myprojects/tensorflow/build/h5py/h5py/defs.c:38358: error: ‘__pyx_f_4h5py_4defs_H5Pget_elink_fapl’ undeclared (first use in this function)
    /space/sc15770/myprojects/tensorflow/build/h5py/h5py/defs.c:38359: error: ‘__pyx_f_4h5py_4defs_H5Pset_elink_fapl’ undeclared (first use in this function)
    /space/sc15770/myprojects/tensorflow/build/h5py/h5py/defs.c:38360: error: ‘__pyx_f_4h5py_4defs_H5Pset_create_intermediate_group’ undeclared (first use in this function)
    /space/sc15770/myprojects/tensorflow/build/h5py/h5py/defs.c:38361: error: ‘__pyx_f_4h5py_4defs_H5Pget_create_intermediate_group’ undeclared (first use in this function)
    /space/sc15770/myprojects/tensorflow/build/h5py/h5py/defs.c:38362: error: ‘__pyx_f_4h5py_4defs_H5Pset_copy_object’ undeclared (first use in this function)
    /space/sc15770/myprojects/tensorflow/build/h5py/h5py/defs.c:38363: error: ‘__pyx_f_4h5py_4defs_H5Pget_copy_object’ undeclared (first use in this function)
    /space/sc15770/myprojects/tensorflow/build/h5py/h5py/defs.c:38364: error: ‘__pyx_f_4h5py_4defs_H5Pset_char_encoding’ undeclared (first use in this function)
    /space/sc15770/myprojects/tensorflow/build/h5py/h5py/defs.c:38365: error: ‘__pyx_f_4h5py_4defs_H5Pget_char_encoding’ undeclared (first use in this function)
    /space/sc15770/myprojects/tensorflow/build/h5py/h5py/defs.c:38366: error: ‘__pyx_f_4h5py_4defs_H5Pset_obj_track_times’ undeclared (first use in this function)
    /space/sc15770/myprojects/tensorflow/build/h5py/h5py/defs.c:38367: error: ‘__pyx_f_4h5py_4defs_H5Pget_obj_track_times’ undeclared (first use in this function)
    /space/sc15770/myprojects/tensorflow/build/h5py/h5py/defs.c:38368: error: ‘__pyx_f_4h5py_4defs_H5Pset_local_heap_size_hint’ undeclared (first use in this function)
    /space/sc15770/myprojects/tensorflow/build/h5py/h5py/defs.c:38369: error: ‘__pyx_f_4h5py_4defs_H5Pget_local_heap_size_hint’ undeclared (first use in this function)
    /space/sc15770/myprojects/tensorflow/build/h5py/h5py/defs.c:38370: error: ‘__pyx_f_4h5py_4defs_H5Pset_link_phase_change’ undeclared (first use in this function)
    /space/sc15770/myprojects/tensorflow/build/h5py/h5py/defs.c:38371: error: ‘__pyx_f_4h5py_4defs_H5Pget_link_phase_change’ undeclared (first use in this function)
    /space/sc15770/myprojects/tensorflow/build/h5py/h5py/defs.c:38372: error: ‘__pyx_f_4h5py_4defs_H5Pset_est_link_info’ undeclared (first use in this function)
    /space/sc15770/myprojects/tensorflow/build/h5py/h5py/defs.c:38373: error: ‘__pyx_f_4h5py_4defs_H5Pget_est_link_info’ undeclared (first use in this function)
    /space/sc15770/myprojects/tensorflow/build/h5py/h5py/defs.c:38374: error: ‘__pyx_f_4h5py_4defs_H5Pset_link_creation_order’ undeclared (first use in this function)
    /space/sc15770/myprojects/tensorflow/build/h5py/h5py/defs.c:38375: error: ‘__pyx_f_4h5py_4defs_H5Pget_link_creation_order’ undeclared (first use in this function)
    /space/sc15770/myprojects/tensorflow/build/h5py/h5py/defs.c:38376: error: ‘__pyx_f_4h5py_4defs_H5Pset_libver_bounds’ undeclared (first use in this function)
    /space/sc15770/myprojects/tensorflow/build/h5py/h5py/defs.c:38377: error: ‘__pyx_f_4h5py_4defs_H5Pget_libver_bounds’ undeclared (first use in this function)
    /space/sc15770/myprojects/tensorflow/build/h5py/h5py/defs.c:38378: error: ‘__pyx_f_4h5py_4defs_H5Pset_alignment’ undeclared (first use in this function)
    /space/sc15770/myprojects/tensorflow/build/h5py/h5py/defs.c:38379: error: ‘__pyx_f_4h5py_4defs_H5Pget_alignment’ undeclared (first use in this function)
    /space/sc15770/myprojects/tensorflow/build/h5py/h5py/defs.c:38380: error: ‘__pyx_f_4h5py_4defs_H5Rcreate’ undeclared (first use in this function)
    /space/sc15770/myprojects/tensorflow/build/h5py/h5py/defs.c:38381: error: ‘__pyx_f_4h5py_4defs_H5Rdereference’ undeclared (first use in this function)
    /space/sc15770/myprojects/tensorflow/build/h5py/h5py/defs.c:38382: error: ‘__pyx_f_4h5py_4defs_H5Rget_region’ undeclared (first use in this function)
    /space/sc15770/myprojects/tensorflow/build/h5py/h5py/defs.c:38383: error: ‘__pyx_f_4h5py_4defs_H5Rget_obj_type’ undeclared (first use in this function)
    /space/sc15770/myprojects/tensorflow/build/h5py/h5py/defs.c:38384: error: ‘__pyx_f_4h5py_4defs_H5Rget_name’ undeclared (first use in this function)
    /space/sc15770/myprojects/tensorflow/build/h5py/h5py/defs.c:38385: error: ‘__pyx_f_4h5py_4defs_H5Screate’ undeclared (first use in this function)
    /space/sc15770/myprojects/tensorflow/build/h5py/h5py/defs.c:38386: error: ‘__pyx_f_4h5py_4defs_H5Scopy’ undeclared (first use in this function)
    /space/sc15770/myprojects/tensorflow/build/h5py/h5py/defs.c:38387: error: ‘__pyx_f_4h5py_4defs_H5Sclose’ undeclared (first use in this function)
    /space/sc15770/myprojects/tensorflow/build/h5py/h5py/defs.c:38388: error: ‘__pyx_f_4h5py_4defs_H5Screate_simple’ undeclared (first use in this function)
    /space/sc15770/myprojects/tensorflow/build/h5py/h5py/defs.c:38389: error: ‘__pyx_f_4h5py_4defs_H5Sis_simple’ undeclared (first use in this function)
    /space/sc15770/myprojects/tensorflow/build/h5py/h5py/defs.c:38390: error: ‘__pyx_f_4h5py_4defs_H5Soffset_simple’ undeclared (first use in this function)
    /space/sc15770/myprojects/tensorflow/build/h5py/h5py/defs.c:38391: error: ‘__pyx_f_4h5py_4defs_H5Sget_simple_extent_ndims’ undeclared (first use in this function)
    /space/sc15770/myprojects/tensorflow/build/h5py/h5py/defs.c:38392: error: ‘__pyx_f_4h5py_4defs_H5Sget_simple_extent_dims’ undeclared (first use in this function)
    /space/sc15770/myprojects/tensorflow/build/h5py/h5py/defs.c:38393: error: ‘__pyx_f_4h5py_4defs_H5Sget_simple_extent_npoints’ undeclared (first use in this function)
    /space/sc15770/myprojects/tensorflow/build/h5py/h5py/defs.c:38394: error: ‘__pyx_f_4h5py_4defs_H5Sget_simple_extent_type’ undeclared (first use in this function)
    /space/sc15770/myprojects/tensorflow/build/h5py/h5py/defs.c:38395: error: ‘__pyx_f_4h5py_4defs_H5Sextent_copy’ undeclared (first use in this function)
    /space/sc15770/myprojects/tensorflow/build/h5py/h5py/defs.c:38396: error: ‘__pyx_f_4h5py_4defs_H5Sset_extent_simple’ undeclared (first use in this function)
    /space/sc15770/myprojects/tensorflow/build/h5py/h5py/defs.c:38397: error: ‘__pyx_f_4h5py_4defs_H5Sset_extent_none’ undeclared (first use in this function)
    /space/sc15770/myprojects/tensorflow/build/h5py/h5py/defs.c:38398: error: ‘__pyx_f_4h5py_4defs_H5Sget_select_type’ undeclared (first use in this function)
    /space/sc15770/myprojects/tensorflow/build/h5py/h5py/defs.c:38399: error: ‘__pyx_f_4h5py_4defs_H5Sget_select_npoints’ undeclared (first use in this function)
    /space/sc15770/myprojects/tensorflow/build/h5py/h5py/defs.c:38400: error: ‘__pyx_f_4h5py_4defs_H5Sget_select_bounds’ undeclared (first use in this function)
    /space/sc15770/myprojects/tensorflow/build/h5py/h5py/defs.c:38401: error: ‘__pyx_f_4h5py_4defs_H5Sselect_all’ undeclared (first use in this function)
    /space/sc15770/myprojects/tensorflow/build/h5py/h5py/defs.c:38402: error: ‘__pyx_f_4h5py_4defs_H5Sselect_none’ undeclared (first use in this function)
    /space/sc15770/myprojects/tensorflow/build/h5py/h5py/defs.c:38403: error: ‘__pyx_f_4h5py_4defs_H5Sselect_valid’ undeclared (first use in this function)
    /space/sc15770/myprojects/tensorflow/build/h5py/h5py/defs.c:38404: error: ‘__pyx_f_4h5py_4defs_H5Sget_select_elem_npoints’ undeclared (first use in this function)
    /space/sc15770/myprojects/tensorflow/build/h5py/h5py/defs.c:38405: error: ‘__pyx_f_4h5py_4defs_H5Sget_select_elem_pointlist’ undeclared (first use in this function)
    /space/sc15770/myprojects/tensorflow/build/h5py/h5py/defs.c:38406: error: ‘__pyx_f_4h5py_4defs_H5Sselect_elements’ undeclared (first use in this function)
    /space/sc15770/myprojects/tensorflow/build/h5py/h5py/defs.c:38407: error: ‘__pyx_f_4h5py_4defs_H5Sget_select_hyper_nblocks’ undeclared (first use in this function)
    /space/sc15770/myprojects/tensorflow/build/h5py/h5py/defs.c:38408: error: ‘__pyx_f_4h5py_4defs_H5Sget_select_hyper_blocklist’ undeclared (first use in this function)
    /space/sc15770/myprojects/tensorflow/build/h5py/h5py/defs.c:38409: error: ‘__pyx_f_4h5py_4defs_H5Sselect_hyperslab’ undeclared (first use in this function)
    /space/sc15770/myprojects/tensorflow/build/h5py/h5py/defs.c:38410: error: ‘__pyx_f_4h5py_4defs_H5Sencode’ undeclared (first use in this function)
    /space/sc15770/myprojects/tensorflow/build/h5py/h5py/defs.c:38411: error: ‘__pyx_f_4h5py_4defs_H5Sdecode’ undeclared (first use in this function)
    /space/sc15770/myprojects/tensorflow/build/h5py/h5py/defs.c:38412: error: ‘__pyx_f_4h5py_4defs_H5Tcreate’ undeclared (first use in this function)
    /space/sc15770/myprojects/tensorflow/build/h5py/h5py/defs.c:38413: error: ‘__pyx_f_4h5py_4defs_H5Topen’ undeclared (first use in this function)
    /space/sc15770/myprojects/tensorflow/build/h5py/h5py/defs.c:38414: error: ‘__pyx_f_4h5py_4defs_H5Tcommit’ undeclared (first use in this function)
    /space/sc15770/myprojects/tensorflow/build/h5py/h5py/defs.c:38415: error: ‘__pyx_f_4h5py_4defs_H5Tcommitted’ undeclared (first use in this function)
    /space/sc15770/myprojects/tensorflow/build/h5py/h5py/defs.c:38416: error: ‘__pyx_f_4h5py_4defs_H5Tcopy’ undeclared (first use in this function)
    /space/sc15770/myprojects/tensorflow/build/h5py/h5py/defs.c:38417: error: ‘__pyx_f_4h5py_4defs_H5Tequal’ undeclared (first use in this function)
    /space/sc15770/myprojects/tensorflow/build/h5py/h5py/defs.c:38418: error: ‘__pyx_f_4h5py_4defs_H5Tlock’ undeclared (first use in this function)
    /space/sc15770/myprojects/tensorflow/build/h5py/h5py/defs.c:38419: error: ‘__pyx_f_4h5py_4defs_H5Tget_class’ undeclared (first use in this function)
    /space/sc15770/myprojects/tensorflow/build/h5py/h5py/defs.c:38420: error: ‘__pyx_f_4h5py_4defs_H5Tget_size’ undeclared (first use in this function)
    /space/sc15770/myprojects/tensorflow/build/h5py/h5py/defs.c:38421: error: ‘__pyx_f_4h5py_4defs_H5Tget_super’ undeclared (first use in this function)
    /space/sc15770/myprojects/tensorflow/build/h5py/h5py/defs.c:38422: error: ‘__pyx_f_4h5py_4defs_H5Tdetect_class’ undeclared (first use in this function)
    /space/sc15770/myprojects/tensorflow/build/h5py/h5py/defs.c:38423: error: ‘__pyx_f_4h5py_4defs_H5Tclose’ undeclared (first use in this function)
    /space/sc15770/myprojects/tensorflow/build/h5py/h5py/defs.c:38424: error: ‘__pyx_f_4h5py_4defs_H5Tget_native_type’ undeclared (first use in this function)
    /space/sc15770/myprojects/tensorflow/build/h5py/h5py/defs.c:38425: error: ‘__pyx_f_4h5py_4defs_H5Tcommit2’ undeclared (first use in this function)
    /space/sc15770/myprojects/tensorflow/build/h5py/h5py/defs.c:38426: error: ‘__pyx_f_4h5py_4defs_H5Tdecode’ undeclared (first use in this function)
    /space/sc15770/myprojects/tensorflow/build/h5py/h5py/defs.c:38427: error: ‘__pyx_f_4h5py_4defs_H5Tencode’ undeclared (first use in this function)
    /space/sc15770/myprojects/tensorflow/build/h5py/h5py/defs.c:38428: error: ‘__pyx_f_4h5py_4defs_H5Tfind’ undeclared (first use in this function)
    /space/sc15770/myprojects/tensorflow/build/h5py/h5py/defs.c:38429: error: ‘__pyx_f_4h5py_4defs_H5Tconvert’ undeclared (first use in this function)
    /space/sc15770/myprojects/tensorflow/build/h5py/h5py/defs.c:38430: error: ‘__pyx_f_4h5py_4defs_H5Tregister’ undeclared (first use in this function)
    /space/sc15770/myprojects/tensorflow/build/h5py/h5py/defs.c:38431: error: ‘__pyx_f_4h5py_4defs_H5Tunregister’ undeclared (first use in this function)
    /space/sc15770/myprojects/tensorflow/build/h5py/h5py/defs.c:38432: error: ‘__pyx_f_4h5py_4defs_H5Tset_size’ undeclared (first use in this function)
    /space/sc15770/myprojects/tensorflow/build/h5py/h5py/defs.c:38433: error: ‘__pyx_f_4h5py_4defs_H5Tget_order’ undeclared (first use in this function)
    /space/sc15770/myprojects/tensorflow/build/h5py/h5py/defs.c:38434: error: ‘__pyx_f_4h5py_4defs_H5Tset_order’ undeclared (first use in this function)
    /space/sc15770/myprojects/tensorflow/build/h5py/h5py/defs.c:38435: error: ‘__pyx_f_4h5py_4defs_H5Tget_precision’ undeclared (first use in this function)
    /space/sc15770/myprojects/tensorflow/build/h5py/h5py/defs.c:38436: error: ‘__pyx_f_4h5py_4defs_H5Tset_precision’ undeclared (first use in this function)
    /space/sc15770/myprojects/tensorflow/build/h5py/h5py/defs.c:38437: error: ‘__pyx_f_4h5py_4defs_H5Tget_offset’ undeclared (first use in this function)
    /space/sc15770/myprojects/tensorflow/build/h5py/h5py/defs.c:38438: error: ‘__pyx_f_4h5py_4defs_H5Tset_offset’ undeclared (first use in this function)
    /space/sc15770/myprojects/tensorflow/build/h5py/h5py/defs.c:38439: error: ‘__pyx_f_4h5py_4defs_H5Tget_pad’ undeclared (first use in this function)
    /space/sc15770/myprojects/tensorflow/build/h5py/h5py/defs.c:38440: error: ‘__pyx_f_4h5py_4defs_H5Tset_pad’ undeclared (first use in this function)
    /space/sc15770/myprojects/tensorflow/build/h5py/h5py/defs.c:38441: error: ‘__pyx_f_4h5py_4defs_H5Tget_sign’ undeclared (first use in this function)
    /space/sc15770/myprojects/tensorflow/build/h5py/h5py/defs.c:38442: error: ‘__pyx_f_4h5py_4defs_H5Tset_sign’ undeclared (first use in this function)
    /space/sc15770/myprojects/tensorflow/build/h5py/h5py/defs.c:38443: error: ‘__pyx_f_4h5py_4defs_H5Tget_fields’ undeclared (first use in this function)
    /space/sc15770/myprojects/tensorflow/build/h5py/h5py/defs.c:38444: error: ‘__pyx_f_4h5py_4defs_H5Tset_fields’ undeclared (first use in this function)
    /space/sc15770/myprojects/tensorflow/build/h5py/h5py/defs.c:38445: error: ‘__pyx_f_4h5py_4defs_H5Tget_ebias’ undeclared (first use in this function)
    /space/sc15770/myprojects/tensorflow/build/h5py/h5py/defs.c:38446: error: ‘__pyx_f_4h5py_4defs_H5Tset_ebias’ undeclared (first use in this function)
    /space/sc15770/myprojects/tensorflow/build/h5py/h5py/defs.c:38447: error: ‘__pyx_f_4h5py_4defs_H5Tget_norm’ undeclared (first use in this function)
    /space/sc15770/myprojects/tensorflow/build/h5py/h5py/defs.c:38448: error: ‘__pyx_f_4h5py_4defs_H5Tset_norm’ undeclared (first use in this function)
    /space/sc15770/myprojects/tensorflow/build/h5py/h5py/defs.c:38449: error: ‘__pyx_f_4h5py_4defs_H5Tget_inpad’ undeclared (first use in this function)
    /space/sc15770/myprojects/tensorflow/build/h5py/h5py/defs.c:38450: error: ‘__pyx_f_4h5py_4defs_H5Tset_inpad’ undeclared (first use in this function)
    /space/sc15770/myprojects/tensorflow/build/h5py/h5py/defs.c:38451: error: ‘__pyx_f_4h5py_4defs_H5Tget_cset’ undeclared (first use in this function)
    /space/sc15770/myprojects/tensorflow/build/h5py/h5py/defs.c:38452: error: ‘__pyx_f_4h5py_4defs_H5Tset_cset’ undeclared (first use in this function)
    /space/sc15770/myprojects/tensorflow/build/h5py/h5py/defs.c:38453: error: ‘__pyx_f_4h5py_4defs_H5Tget_strpad’ undeclared (first use in this function)
    /space/sc15770/myprojects/tensorflow/build/h5py/h5py/defs.c:38454: error: ‘__pyx_f_4h5py_4defs_H5Tset_strpad’ undeclared (first use in this function)
    /space/sc15770/myprojects/tensorflow/build/h5py/h5py/defs.c:38455: error: ‘__pyx_f_4h5py_4defs_H5Tvlen_create’ undeclared (first use in this function)
    /space/sc15770/myprojects/tensorflow/build/h5py/h5py/defs.c:38456: error: ‘__pyx_f_4h5py_4defs_H5Tis_variable_str’ undeclared (first use in this function)
    /space/sc15770/myprojects/tensorflow/build/h5py/h5py/defs.c:38457: error: ‘__pyx_f_4h5py_4defs_H5Tget_nmembers’ undeclared (first use in this function)
    /space/sc15770/myprojects/tensorflow/build/h5py/h5py/defs.c:38458: error: ‘__pyx_f_4h5py_4defs_H5Tget_member_class’ undeclared (first use in this function)
    /space/sc15770/myprojects/tensorflow/build/h5py/h5py/defs.c:38459: error: ‘__pyx_f_4h5py_4defs_H5Tget_member_name’ undeclared (first use in this function)
    /space/sc15770/myprojects/tensorflow/build/h5py/h5py/defs.c:38460: error: ‘__pyx_f_4h5py_4defs_H5Tget_member_type’ undeclared (first use in this function)
    /space/sc15770/myprojects/tensorflow/build/h5py/h5py/defs.c:38461: error: ‘__pyx_f_4h5py_4defs_H5Tget_member_offset’ undeclared (first use in this function)
    /space/sc15770/myprojects/tensorflow/build/h5py/h5py/defs.c:38462: error: ‘__pyx_f_4h5py_4defs_H5Tget_member_index’ undeclared (first use in this function)
    /space/sc15770/myprojects/tensorflow/build/h5py/h5py/defs.c:38463: error: ‘__pyx_f_4h5py_4defs_H5Tinsert’ undeclared (first use in this function)
    /space/sc15770/myprojects/tensorflow/build/h5py/h5py/defs.c:38464: error: ‘__pyx_f_4h5py_4defs_H5Tpack’ undeclared (first use in this function)
    /space/sc15770/myprojects/tensorflow/build/h5py/h5py/defs.c:38465: error: ‘__pyx_f_4h5py_4defs_H5Tenum_create’ undeclared (first use in this function)
    /space/sc15770/myprojects/tensorflow/build/h5py/h5py/defs.c:38466: error: ‘__pyx_f_4h5py_4defs_H5Tenum_insert’ undeclared (first use in this function)
    /space/sc15770/myprojects/tensorflow/build/h5py/h5py/defs.c:38467: error: ‘__pyx_f_4h5py_4defs_H5Tenum_nameof’ undeclared (first use in this function)
    /space/sc15770/myprojects/tensorflow/build/h5py/h5py/defs.c:38468: error: ‘__pyx_f_4h5py_4defs_H5Tenum_valueof’ undeclared (first use in this function)
    /space/sc15770/myprojects/tensorflow/build/h5py/h5py/defs.c:38469: error: ‘__pyx_f_4h5py_4defs_H5Tget_member_value’ undeclared (first use in this function)
    /space/sc15770/myprojects/tensorflow/build/h5py/h5py/defs.c:38470: error: ‘__pyx_f_4h5py_4defs_H5Tarray_create’ undeclared (first use in this function)
    /space/sc15770/myprojects/tensorflow/build/h5py/h5py/defs.c:38471: error: ‘__pyx_f_4h5py_4defs_H5Tget_array_ndims’ undeclared (first use in this function)
    /space/sc15770/myprojects/tensorflow/build/h5py/h5py/defs.c:38472: error: ‘__pyx_f_4h5py_4defs_H5Tget_array_dims’ undeclared (first use in this function)
    /space/sc15770/myprojects/tensorflow/build/h5py/h5py/defs.c:38473: error: ‘__pyx_f_4h5py_4defs_H5Tset_tag’ undeclared (first use in this function)
    /space/sc15770/myprojects/tensorflow/build/h5py/h5py/defs.c:38474: error: ‘__pyx_f_4h5py_4defs_H5Tget_tag’ undeclared (first use in this function)
    /space/sc15770/myprojects/tensorflow/build/h5py/h5py/defs.c:38475: error: ‘__pyx_f_4h5py_4defs_H5Zfilter_avail’ undeclared (first use in this function)
    /space/sc15770/myprojects/tensorflow/build/h5py/h5py/defs.c:38476: error: ‘__pyx_f_4h5py_4defs_H5Zget_filter_info’ undeclared (first use in this function)
    /space/sc15770/myprojects/tensorflow/build/h5py/h5py/defs.c:38477: error: ‘__pyx_f_4h5py_4defs_H5DSattach_scale’ undeclared (first use in this function)
    /space/sc15770/myprojects/tensorflow/build/h5py/h5py/defs.c:38478: error: ‘__pyx_f_4h5py_4defs_H5DSdetach_scale’ undeclared (first use in this function)
    /space/sc15770/myprojects/tensorflow/build/h5py/h5py/defs.c:38479: error: ‘__pyx_f_4h5py_4defs_H5DSis_attached’ undeclared (first use in this function)
    /space/sc15770/myprojects/tensorflow/build/h5py/h5py/defs.c:38480: error: ‘__pyx_f_4h5py_4defs_H5DSset_scale’ undeclared (first use in this function)
    /space/sc15770/myprojects/tensorflow/build/h5py/h5py/defs.c:38481: error: ‘__pyx_f_4h5py_4defs_H5DSget_num_scales’ undeclared (first use in this function)
    /space/sc15770/myprojects/tensorflow/build/h5py/h5py/defs.c:38482: error: ‘__pyx_f_4h5py_4defs_H5DSset_label’ undeclared (first use in this function)
    /space/sc15770/myprojects/tensorflow/build/h5py/h5py/defs.c:38483: error: ‘__pyx_f_4h5py_4defs_H5DSget_label’ undeclared (first use in this function)
    /space/sc15770/myprojects/tensorflow/build/h5py/h5py/defs.c:38484: error: ‘__pyx_f_4h5py_4defs_H5DSget_scale_name’ undeclared (first use in this function)
    /space/sc15770/myprojects/tensorflow/build/h5py/h5py/defs.c:38485: error: ‘__pyx_f_4h5py_4defs_H5DSis_scale’ undeclared (first use in this function)
    /space/sc15770/myprojects/tensorflow/build/h5py/h5py/defs.c:38486: error: ‘__pyx_f_4h5py_4defs_H5DSiterate_scales’ undeclared (first use in this function)
    error: command 'gcc' failed with exit status 1
    Complete output from command /space/sc15770/myprojects/tensorflow/bin/python2.7 -c "import setuptools, tokenize;__file__='/space/sc15770/myprojects/tensorflow/build/h5py/setup.py';exec(compile(getattr(tokenize, 'open', open)(__file__).read().replace('\r\n', '\n'), __file__, 'exec'))" install --record /tmp/pip-9fAQEF-record/install-record.txt --single-version-externally-managed --compile --install-headers /space/sc15770/myprojects/tensorflow/include/site/python2.7:
    running install

running build

running build_py

creating build

creating build/lib.linux-x86_64-2.7

creating build/lib.linux-x86_64-2.7/h5py

copying h5py/__init__.py -> build/lib.linux-x86_64-2.7/h5py

copying h5py/ipy_completer.py -> build/lib.linux-x86_64-2.7/h5py

copying h5py/version.py -> build/lib.linux-x86_64-2.7/h5py

copying h5py/highlevel.py -> build/lib.linux-x86_64-2.7/h5py

creating build/lib.linux-x86_64-2.7/h5py/_hl

copying h5py/_hl/datatype.py -> build/lib.linux-x86_64-2.7/h5py/_hl

copying h5py/_hl/selections2.py -> build/lib.linux-x86_64-2.7/h5py/_hl

copying h5py/_hl/filters.py -> build/lib.linux-x86_64-2.7/h5py/_hl

copying h5py/_hl/group.py -> build/lib.linux-x86_64-2.7/h5py/_hl

copying h5py/_hl/base.py -> build/lib.linux-x86_64-2.7/h5py/_hl

copying h5py/_hl/attrs.py -> build/lib.linux-x86_64-2.7/h5py/_hl

copying h5py/_hl/dims.py -> build/lib.linux-x86_64-2.7/h5py/_hl

copying h5py/_hl/selections.py -> build/lib.linux-x86_64-2.7/h5py/_hl

copying h5py/_hl/files.py -> build/lib.linux-x86_64-2.7/h5py/_hl

copying h5py/_hl/__init__.py -> build/lib.linux-x86_64-2.7/h5py/_hl

copying h5py/_hl/dataset.py -> build/lib.linux-x86_64-2.7/h5py/_hl

creating build/lib.linux-x86_64-2.7/h5py/tests

copying h5py/tests/__init__.py -> build/lib.linux-x86_64-2.7/h5py/tests

copying h5py/tests/common.py -> build/lib.linux-x86_64-2.7/h5py/tests

creating build/lib.linux-x86_64-2.7/h5py/tests/old

copying h5py/tests/old/test_group.py -> build/lib.linux-x86_64-2.7/h5py/tests/old

copying h5py/tests/old/test_dimension_scales.py -> build/lib.linux-x86_64-2.7/h5py/tests/old

copying h5py/tests/old/test_dataset.py -> build/lib.linux-x86_64-2.7/h5py/tests/old

copying h5py/tests/old/test_objects.py -> build/lib.linux-x86_64-2.7/h5py/tests/old

copying h5py/tests/old/test_h5f.py -> build/lib.linux-x86_64-2.7/h5py/tests/old

copying h5py/tests/old/test_h5.py -> build/lib.linux-x86_64-2.7/h5py/tests/old

copying h5py/tests/old/test_slicing.py -> build/lib.linux-x86_64-2.7/h5py/tests/old

copying h5py/tests/old/test_attrs.py -> build/lib.linux-x86_64-2.7/h5py/tests/old

copying h5py/tests/old/__init__.py -> build/lib.linux-x86_64-2.7/h5py/tests/old

copying h5py/tests/old/test_selections.py -> build/lib.linux-x86_64-2.7/h5py/tests/old

copying h5py/tests/old/test_file.py -> build/lib.linux-x86_64-2.7/h5py/tests/old

copying h5py/tests/old/test_attrs_data.py -> build/lib.linux-x86_64-2.7/h5py/tests/old

copying h5py/tests/old/test_datatype.py -> build/lib.linux-x86_64-2.7/h5py/tests/old

copying h5py/tests/old/test_base.py -> build/lib.linux-x86_64-2.7/h5py/tests/old

copying h5py/tests/old/test_h5t.py -> build/lib.linux-x86_64-2.7/h5py/tests/old

copying h5py/tests/old/common.py -> build/lib.linux-x86_64-2.7/h5py/tests/old

copying h5py/tests/old/test_h5p.py -> build/lib.linux-x86_64-2.7/h5py/tests/old

creating build/lib.linux-x86_64-2.7/h5py/tests/hl

copying h5py/tests/hl/test_threads.py -> build/lib.linux-x86_64-2.7/h5py/tests/hl

copying h5py/tests/hl/test_dataset_swmr.py -> build/lib.linux-x86_64-2.7/h5py/tests/hl

copying h5py/tests/hl/test_dataset_getitem.py -> build/lib.linux-x86_64-2.7/h5py/tests/hl

copying h5py/tests/hl/__init__.py -> build/lib.linux-x86_64-2.7/h5py/tests/hl

copying h5py/tests/hl/test_attribute_create.py -> build/lib.linux-x86_64-2.7/h5py/tests/hl

copying h5py/tests/hl/test_dims_dimensionproxy.py -> build/lib.linux-x86_64-2.7/h5py/tests/hl

copying h5py/tests/hl/test_file.py -> build/lib.linux-x86_64-2.7/h5py/tests/hl

copying h5py/tests/hl/test_datatype.py -> build/lib.linux-x86_64-2.7/h5py/tests/hl

running build_ext

Autodetection skipped [libhdf5.so: cannot open shared object file: No such file or directory]

********************************************************************************

                       Summary of the h5py configuration



    Path to HDF5: None

    HDF5 Version: '1.8.4'

     MPI Enabled: False

Rebuild Required: False



********************************************************************************

Executing api_gen rebuild of defs

Executing cythonize()

./h5py/api_types_ext.pxd: cannot find cimported module 'mpi4py.MPI'

/space/sc15770/myprojects/tensorflow/build/h5py/h5py/h5p.pyx: cannot find cimported module 'mpi4py.libmpi'

/space/sc15770/myprojects/tensorflow/build/h5py/h5py/h5p.pyx: cannot find cimported module 'mpi4py.mpi_c'

Compiling /space/sc15770/myprojects/tensorflow/build/h5py/h5py/defs.pyx because it changed.

Compiling /space/sc15770/myprojects/tensorflow/build/h5py/h5py/_errors.pyx because it changed.

Compiling /space/sc15770/myprojects/tensorflow/build/h5py/h5py/_objects.pyx because it changed.

Compiling /space/sc15770/myprojects/tensorflow/build/h5py/h5py/_proxy.pyx because it changed.

Compiling /space/sc15770/myprojects/tensorflow/build/h5py/h5py/h5fd.pyx because it changed.

Compiling /space/sc15770/myprojects/tensorflow/build/h5py/h5py/h5z.pyx because it changed.

Compiling /space/sc15770/myprojects/tensorflow/build/h5py/h5py/h5.pyx because it changed.

Compiling /space/sc15770/myprojects/tensorflow/build/h5py/h5py/h5i.pyx because it changed.

Compiling /space/sc15770/myprojects/tensorflow/build/h5py/h5py/h5r.pyx because it changed.

Compiling /space/sc15770/myprojects/tensorflow/build/h5py/h5py/utils.pyx because it changed.

Compiling /space/sc15770/myprojects/tensorflow/build/h5py/h5py/_conv.pyx because it changed.

Compiling /space/sc15770/myprojects/tensorflow/build/h5py/h5py/h5t.pyx because it changed.

Compiling /space/sc15770/myprojects/tensorflow/build/h5py/h5py/h5s.pyx because it changed.

Compiling /space/sc15770/myprojects/tensorflow/build/h5py/h5py/h5p.pyx because it changed.

Compiling /space/sc15770/myprojects/tensorflow/build/h5py/h5py/h5d.pyx because it changed.

Compiling /space/sc15770/myprojects/tensorflow/build/h5py/h5py/h5a.pyx because it changed.

Compiling /space/sc15770/myprojects/tensorflow/build/h5py/h5py/h5f.pyx because it changed.

Compiling /space/sc15770/myprojects/tensorflow/build/h5py/h5py/h5g.pyx because it changed.

Compiling /space/sc15770/myprojects/tensorflow/build/h5py/h5py/h5l.pyx because it changed.

Compiling /space/sc15770/myprojects/tensorflow/build/h5py/h5py/h5o.pyx because it changed.

Compiling /space/sc15770/myprojects/tensorflow/build/h5py/h5py/h5ds.pyx because it changed.

Compiling /space/sc15770/myprojects/tensorflow/build/h5py/h5py/h5ac.pyx because it changed.

[ 1/22] Cythonizing /space/sc15770/myprojects/tensorflow/build/h5py/h5py/_conv.pyx

[ 2/22] Cythonizing /space/sc15770/myprojects/tensorflow/build/h5py/h5py/_errors.pyx

[ 3/22] Cythonizing /space/sc15770/myprojects/tensorflow/build/h5py/h5py/_objects.pyx

[ 4/22] Cythonizing /space/sc15770/myprojects/tensorflow/build/h5py/h5py/_proxy.pyx

[ 5/22] Cythonizing /space/sc15770/myprojects/tensorflow/build/h5py/h5py/defs.pyx

[ 6/22] Cythonizing /space/sc15770/myprojects/tensorflow/build/h5py/h5py/h5.pyx

[ 7/22] Cythonizing /space/sc15770/myprojects/tensorflow/build/h5py/h5py/h5a.pyx

[ 8/22] Cythonizing /space/sc15770/myprojects/tensorflow/build/h5py/h5py/h5ac.pyx

[ 9/22] Cythonizing /space/sc15770/myprojects/tensorflow/build/h5py/h5py/h5d.pyx

[10/22] Cythonizing /space/sc15770/myprojects/tensorflow/build/h5py/h5py/h5ds.pyx

[11/22] Cythonizing /space/sc15770/myprojects/tensorflow/build/h5py/h5py/h5f.pyx

[12/22] Cythonizing /space/sc15770/myprojects/tensorflow/build/h5py/h5py/h5fd.pyx

[13/22] Cythonizing /space/sc15770/myprojects/tensorflow/build/h5py/h5py/h5g.pyx

[14/22] Cythonizing /space/sc15770/myprojects/tensorflow/build/h5py/h5py/h5i.pyx

[15/22] Cythonizing /space/sc15770/myprojects/tensorflow/build/h5py/h5py/h5l.pyx

[16/22] Cythonizing /space/sc15770/myprojects/tensorflow/build/h5py/h5py/h5o.pyx

[17/22] Cythonizing /space/sc15770/myprojects/tensorflow/build/h5py/h5py/h5p.pyx

[18/22] Cythonizing /space/sc15770/myprojects/tensorflow/build/h5py/h5py/h5r.pyx

[19/22] Cythonizing /space/sc15770/myprojects/tensorflow/build/h5py/h5py/h5s.pyx

[20/22] Cythonizing /space/sc15770/myprojects/tensorflow/build/h5py/h5py/h5t.pyx

[21/22] Cythonizing /space/sc15770/myprojects/tensorflow/build/h5py/h5py/h5z.pyx

[22/22] Cythonizing /space/sc15770/myprojects/tensorflow/build/h5py/h5py/utils.pyx

building 'h5py.defs' extension

creating build/temp.linux-x86_64-2.7

creating build/temp.linux-x86_64-2.7/space

creating build/temp.linux-x86_64-2.7/space/sc15770

creating build/temp.linux-x86_64-2.7/space/sc15770/myprojects

creating build/temp.linux-x86_64-2.7/space/sc15770/myprojects/tensorflow

creating build/temp.linux-x86_64-2.7/space/sc15770/myprojects/tensorflow/build

creating build/temp.linux-x86_64-2.7/space/sc15770/myprojects/tensorflow/build/h5py

creating build/temp.linux-x86_64-2.7/space/sc15770/myprojects/tensorflow/build/h5py/h5py

gcc -pthread -fno-strict-aliasing -g -O2 -DNDEBUG -g -fwrapv -O3 -Wall -Wstrict-prototypes -fPIC -DH5_USE_16_API -I/space/sc15770/myprojects/tensorflow/build/h5py/lzf -I/opt/local/include -I/usr/local/include -I/space/sc15770/myprojects/tensorflow/lib/python2.7/site-packages/numpy/core/include -I/usr/local/python2.7/include/python2.7 -c /space/sc15770/myprojects/tensorflow/build/h5py/h5py/defs.c -o build/temp.linux-x86_64-2.7/space/sc15770/myprojects/tensorflow/build/h5py/h5py/defs.o

In file included from /space/sc15770/myprojects/tensorflow/lib/python2.7/site-packages/numpy/core/include/numpy/ndarraytypes.h:1777,

                 from /space/sc15770/myprojects/tensorflow/lib/python2.7/site-packages/numpy/core/include/numpy/ndarrayobject.h:18,

                 from /space/sc15770/myprojects/tensorflow/lib/python2.7/site-packages/numpy/core/include/numpy/arrayobject.h:4,

                 from /space/sc15770/myprojects/tensorflow/build/h5py/h5py/api_compat.h:26,

                 from /space/sc15770/myprojects/tensorflow/build/h5py/h5py/defs.c:444:

/space/sc15770/myprojects/tensorflow/lib/python2.7/site-packages/numpy/core/include/numpy/npy_1_7_deprecated_api.h:15:2: warning: #warning "Using deprecated NumPy API, disable it by " "#defining NPY_NO_DEPRECATED_API NPY_1_7_API_VERSION"

In file included from /space/sc15770/myprojects/tensorflow/build/h5py/h5py/defs.c:444:

/space/sc15770/myprojects/tensorflow/build/h5py/h5py/api_compat.h:27:18: error: hdf5.h: No such file or directory

/space/sc15770/myprojects/tensorflow/build/h5py/h5py/defs.c:447:23: error: H5Cpublic.h: No such file or directory

/space/sc15770/myprojects/tensorflow/build/h5py/h5py/defs.c:448:21: error: hdf5_hl.h: No such file or directory

/space/sc15770/myprojects/tensorflow/build/h5py/h5py/defs.c:679: error: expected specifier-qualifier-list before ‘H5E_auto_t’

/space/sc15770/myprojects/tensorflow/build/h5py/h5py/defs.c:913: error: expected ‘=’, ‘,’, ‘;’, ‘asm’ or ‘__attribute__’ before ‘__pyx_f_4h5py_4defs_H5open’

/space/sc15770/myprojects/tensorflow/build/h5py/h5py/defs.c:1025: error: expected ‘=’, ‘,’, ‘;’, ‘asm’ or ‘__attribute__’ before ‘__pyx_f_4h5py_4defs_H5close’

/space/sc15770/myprojects/tensorflow/build/h5py/h5py/defs.c:1137: error: expected ‘=’, ‘,’, ‘;’, ‘asm’ or ‘__attribute__’ before ‘__pyx_f_4h5py_4defs_H5get_libversion’

/space/sc15770/myprojects/tensorflow/build/h5py/h5py/defs.c:1249: error: expected ‘=’, ‘,’, ‘;’, ‘asm’ or ‘__attribute__’ before ‘__pyx_f_4h5py_4defs_H5Acreate’

/space/sc15770/myprojects/tensorflow/build/h5py/h5py/defs.c:1361: error: expected ‘=’, ‘,’, ‘;’, ‘asm’ or ‘__attribute__’ before ‘__pyx_f_4h5py_4defs_H5Aopen_idx’

/space/sc15770/myprojects/tensorflow/build/h5py/h5py/defs.c:1473: error: expected ‘=’, ‘,’, ‘;’, ‘asm’ or ‘__attribute__’ before ‘__pyx_f_4h5py_4defs_H5Aopen_name’

/space/sc15770/myprojects/tensorflow/build/h5py/h5py/defs.c:1585: error: expected ‘=’, ‘,’, ‘;’, ‘asm’ or ‘__attribute__’ before ‘__pyx_f_4h5py_4defs_H5Aclose’

/space/sc15770/myprojects/tensorflow/build/h5py/h5py/defs.c:1697: error: expected ‘=’, ‘,’, ‘;’, ‘asm’ or ‘__attribute__’ before ‘__pyx_f_4h5py_4defs_H5Adelete’

/space/sc15770/myprojects/tensorflow/build/h5py/h5py/defs.c:1809: error: expected ‘=’, ‘,’, ‘;’, ‘asm’ or ‘__attribute__’ before ‘__pyx_f_4h5py_4defs_H5Aread’

/space/sc15770/myprojects/tensorflow/build/h5py/h5py/defs.c:1921: error: expected ‘=’, ‘,’, ‘;’, ‘asm’ or ‘__attribute__’ before ‘__pyx_f_4h5py_4defs_H5Awrite’

/space/sc15770/myprojects/tensorflow/build/h5py/h5py/defs.c:2033: error: expected ‘)’ before ‘__pyx_v_loc_id’

/space/sc15770/myprojects/tensorflow/build/h5py/h5py/defs.c:2144: error: expected ‘)’ before ‘__pyx_v_attr_id’

/space/sc15770/myprojects/tensorflow/build/h5py/h5py/defs.c:2256: error: expected ‘=’, ‘,’, ‘;’, ‘asm’ or ‘__attribute__’ before ‘__pyx_f_4h5py_4defs_H5Aget_space’

/space/sc15770/myprojects/tensorflow/build/h5py/h5py/defs.c:2368: error: expected ‘=’, ‘,’, ‘;’, ‘asm’ or ‘__attribute__’ before ‘__pyx_f_4h5py_4defs_H5Aget_type’

/space/sc15770/myprojects/tensorflow/build/h5py/h5py/defs.c:2480: error: expected ‘=’, ‘,’, ‘;’, ‘asm’ or ‘__attribute__’ before ‘__pyx_f_4h5py_4defs_H5Aiterate’

/space/sc15770/myprojects/tensorflow/build/h5py/h5py/defs.c:2592: error: expected ‘=’, ‘,’, ‘;’, ‘asm’ or ‘__attribute__’ before ‘__pyx_f_4h5py_4defs_H5Adelete_by_name’

/space/sc15770/myprojects/tensorflow/build/h5py/h5py/defs.c:2704: error: expected ‘=’, ‘,’, ‘;’, ‘asm’ or ‘__attribute__’ before ‘__pyx_f_4h5py_4defs_H5Adelete_by_idx’

/space/sc15770/myprojects/tensorflow/build/h5py/h5py/defs.c:2816: error: expected ‘=’, ‘,’, ‘;’, ‘asm’ or ‘__attribute__’ before ‘__pyx_f_4h5py_4defs_H5Acreate_by_name’

/space/sc15770/myprojects/tensorflow/build/h5py/h5py/defs.c:2928: error: expected ‘=’, ‘,’, ‘;’, ‘asm’ or ‘__attribute__’ before ‘__pyx_f_4h5py_4defs_H5Aopen’

/space/sc15770/myprojects/tensorflow/build/h5py/h5py/defs.c:3040: error: expected ‘=’, ‘,’, ‘;’, ‘asm’ or ‘__attribute__’ before ‘__pyx_f_4h5py_4defs_H5Aopen_by_name’

/space/sc15770/myprojects/tensorflow/build/h5py/h5py/defs.c:3152: error: expected ‘=’, ‘,’, ‘;’, ‘asm’ or ‘__attribute__’ before ‘__pyx_f_4h5py_4defs_H5Aopen_by_idx’

/space/sc15770/myprojects/tensorflow/build/h5py/h5py/defs.c:3264: error: expected ‘=’, ‘,’, ‘;’, ‘asm’ or ‘__attribute__’ before ‘__pyx_f_4h5py_4defs_H5Aexists_by_name’

/space/sc15770/myprojects/tensorflow/build/h5py/h5py/defs.c:3376: error: expected ‘=’, ‘,’, ‘;’, ‘asm’ or ‘__attribute__’ before ‘__pyx_f_4h5py_4defs_H5Aexists’

/space/sc15770/myprojects/tensorflow/build/h5py/h5py/defs.c:3488: error: expected ‘=’, ‘,’, ‘;’, ‘asm’ or ‘__attribute__’ before ‘__pyx_f_4h5py_4defs_H5Arename’

/space/sc15770/myprojects/tensorflow/build/h5py/h5py/defs.c:3600: error: expected ‘=’, ‘,’, ‘;’, ‘asm’ or ‘__attribute__’ before ‘__pyx_f_4h5py_4defs_H5Arename_by_name’

/space/sc15770/myprojects/tensorflow/build/h5py/h5py/defs.c:3712: error: expected ‘=’, ‘,’, ‘;’, ‘asm’ or ‘__attribute__’ before ‘__pyx_f_4h5py_4defs_H5Aget_info’

/space/sc15770/myprojects/tensorflow/build/h5py/h5py/defs.c:3824: error: expected ‘=’, ‘,’, ‘;’, ‘asm’ or ‘__attribute__’ before ‘__pyx_f_4h5py_4defs_H5Aget_info_by_name’

/space/sc15770/myprojects/tensorflow/build/h5py/h5py/defs.c:3936: error: expected ‘=’, ‘,’, ‘;’, ‘asm’ or ‘__attribute__’ before ‘__pyx_f_4h5py_4defs_H5Aget_info_by_idx’

/space/sc15770/myprojects/tensorflow/build/h5py/h5py/defs.c:4048: error: expected ‘=’, ‘,’, ‘;’, ‘asm’ or ‘__attribute__’ before ‘__pyx_f_4h5py_4defs_H5Aiterate2’

/space/sc15770/myprojects/tensorflow/build/h5py/h5py/defs.c:4160: error: expected ‘=’, ‘,’, ‘;’, ‘asm’ or ‘__attribute__’ before ‘__pyx_f_4h5py_4defs_H5Aget_storage_size’

/space/sc15770/myprojects/tensorflow/build/h5py/h5py/defs.c:4272: error: expected ‘=’, ‘,’, ‘;’, ‘asm’ or ‘__attribute__’ before ‘__pyx_f_4h5py_4defs_H5Dcreate2’

/space/sc15770/myprojects/tensorflow/build/h5py/h5py/defs.c:4384: error: expected ‘=’, ‘,’, ‘;’, ‘asm’ or ‘__attribute__’ before ‘__pyx_f_4h5py_4defs_H5Dcreate_anon’

/space/sc15770/myprojects/tensorflow/build/h5py/h5py/defs.c:4496: error: expected ‘=’, ‘,’, ‘;’, ‘asm’ or ‘__attribute__’ before ‘__pyx_f_4h5py_4defs_H5Dopen’

/space/sc15770/myprojects/tensorflow/build/h5py/h5py/defs.c:4608: error: expected ‘=’, ‘,’, ‘;’, ‘asm’ or ‘__attribute__’ before ‘__pyx_f_4h5py_4defs_H5Dopen2’

/space/sc15770/myprojects/tensorflow/build/h5py/h5py/defs.c:4720: error: expected ‘=’, ‘,’, ‘;’, ‘asm’ or ‘__attribute__’ before ‘__pyx_f_4h5py_4defs_H5Dclose’

/space/sc15770/myprojects/tensorflow/build/h5py/h5py/defs.c:4832: error: expected ‘=’, ‘,’, ‘;’, ‘asm’ or ‘__attribute__’ before ‘__pyx_f_4h5py_4defs_H5Dget_space’

/space/sc15770/myprojects/tensorflow/build/h5py/h5py/defs.c:4944: error: expected ‘=’, ‘,’, ‘;’, ‘asm’ or ‘__attribute__’ before ‘__pyx_f_4h5py_4defs_H5Dget_space_status’

/space/sc15770/myprojects/tensorflow/build/h5py/h5py/defs.c:5056: error: expected ‘=’, ‘,’, ‘;’, ‘asm’ or ‘__attribute__’ before ‘__pyx_f_4h5py_4defs_H5Dget_type’

/space/sc15770/myprojects/tensorflow/build/h5py/h5py/defs.c:5168: error: expected ‘=’, ‘,’, ‘;’, ‘asm’ or ‘__attribute__’ before ‘__pyx_f_4h5py_4defs_H5Dget_create_plist’

/space/sc15770/myprojects/tensorflow/build/h5py/h5py/defs.c:5280: error: expected ‘=’, ‘,’, ‘;’, ‘asm’ or ‘__attribute__’ before ‘__pyx_f_4h5py_4defs_H5Dget_access_plist’

/space/sc15770/myprojects/tensorflow/build/h5py/h5py/defs.c:5392: error: expected ‘=’, ‘,’, ‘;’, ‘asm’ or ‘__attribute__’ before ‘__pyx_f_4h5py_4defs_H5Dget_offset’

/space/sc15770/myprojects/tensorflow/build/h5py/h5py/defs.c:5504: error: expected ‘=’, ‘,’, ‘;’, ‘asm’ or ‘__attribute__’ before ‘__pyx_f_4h5py_4defs_H5Dget_storage_size’

/space/sc15770/myprojects/tensorflow/build/h5py/h5py/defs.c:5616: error: expected ‘=’, ‘,’, ‘;’, ‘asm’ or ‘__attribute__’ before ‘__pyx_f_4h5py_4defs_H5Dread’

/space/sc15770/myprojects/tensorflow/build/h5py/h5py/defs.c:5728: error: expected ‘=’, ‘,’, ‘;’, ‘asm’ or ‘__attribute__’ before ‘__pyx_f_4h5py_4defs_H5Dwrite’

/space/sc15770/myprojects/tensorflow/build/h5py/h5py/defs.c:5840: error: expected ‘=’, ‘,’, ‘;’, ‘asm’ or ‘__attribute__’ before ‘__pyx_f_4h5py_4defs_H5Dextend’

/space/sc15770/myprojects/tensorflow/build/h5py/h5py/defs.c:5952: error: expected ‘=’, ‘,’, ‘;’, ‘asm’ or ‘__attribute__’ before ‘__pyx_f_4h5py_4defs_H5Dfill’

/space/sc15770/myprojects/tensorflow/build/h5py/h5py/defs.c:6064: error: expected ‘=’, ‘,’, ‘;’, ‘asm’ or ‘__attribute__’ before ‘__pyx_f_4h5py_4defs_H5Dvlen_get_buf_size’

/space/sc15770/myprojects/tensorflow/build/h5py/h5py/defs.c:6176: error: expected ‘=’, ‘,’, ‘;’, ‘asm’ or ‘__attribute__’ before ‘__pyx_f_4h5py_4defs_H5Dvlen_reclaim’

/space/sc15770/myprojects/tensorflow/build/h5py/h5py/defs.c:6288: error: expected ‘=’, ‘,’, ‘;’, ‘asm’ or ‘__attribute__’ before ‘__pyx_f_4h5py_4defs_H5Diterate’

/space/sc15770/myprojects/tensorflow/build/h5py/h5py/defs.c:6400: error: expected ‘=’, ‘,’, ‘;’, ‘asm’ or ‘__attribute__’ before ‘__pyx_f_4h5py_4defs_H5Dset_extent’

/space/sc15770/myprojects/tensorflow/build/h5py/h5py/defs.c:6512: error: expected ‘=’, ‘,’, ‘;’, ‘asm’ or ‘__attribute__’ before ‘__pyx_f_4h5py_4defs_H5Eset_auto’

/space/sc15770/myprojects/tensorflow/build/h5py/h5py/defs.c:6624: error: expected ‘=’, ‘,’, ‘;’, ‘asm’ or ‘__attribute__’ before ‘__pyx_f_4h5py_4defs_H5Fcreate’

/space/sc15770/myprojects/tensorflow/build/h5py/h5py/defs.c:6736: error: expected ‘=’, ‘,’, ‘;’, ‘asm’ or ‘__attribute__’ before ‘__pyx_f_4h5py_4defs_H5Fopen’

/space/sc15770/myprojects/tensorflow/build/h5py/h5py/defs.c:6848: error: expected ‘=’, ‘,’, ‘;’, ‘asm’ or ‘__attribute__’ before ‘__pyx_f_4h5py_4defs_H5Fclose’

/space/sc15770/myprojects/tensorflow/build/h5py/h5py/defs.c:6960: error: expected ‘=’, ‘,’, ‘;’, ‘asm’ or ‘__attribute__’ before ‘__pyx_f_4h5py_4defs_H5Fis_hdf5’

/space/sc15770/myprojects/tensorflow/build/h5py/h5py/defs.c:7072: error: expected ‘=’, ‘,’, ‘;’, ‘asm’ or ‘__attribute__’ before ‘__pyx_f_4h5py_4defs_H5Fflush’

/space/sc15770/myprojects/tensorflow/build/h5py/h5py/defs.c:7184: error: expected ‘=’, ‘,’, ‘;’, ‘asm’ or ‘__attribute__’ before ‘__pyx_f_4h5py_4defs_H5Freopen’

/space/sc15770/myprojects/tensorflow/build/h5py/h5py/defs.c:7296: error: expected ‘=’, ‘,’, ‘;’, ‘asm’ or ‘__attribute__’ before ‘__pyx_f_4h5py_4defs_H5Fmount’

/space/sc15770/myprojects/tensorflow/build/h5py/h5py/defs.c:7408: error: expected ‘=’, ‘,’, ‘;’, ‘asm’ or ‘__attribute__’ before ‘__pyx_f_4h5py_4defs_H5Funmount’

/space/sc15770/myprojects/tensorflow/build/h5py/h5py/defs.c:7520: error: expected ‘=’, ‘,’, ‘;’, ‘asm’ or ‘__attribute__’ before ‘__pyx_f_4h5py_4defs_H5Fget_filesize’

/space/sc15770/myprojects/tensorflow/build/h5py/h5py/defs.c:7632: error: expected ‘=’, ‘,’, ‘;’, ‘asm’ or ‘__attribute__’ before ‘__pyx_f_4h5py_4defs_H5Fget_create_plist’

/space/sc15770/myprojects/tensorflow/build/h5py/h5py/defs.c:7744: error: expected ‘=’, ‘,’, ‘;’, ‘asm’ or ‘__attribute__’ before ‘__pyx_f_4h5py_4defs_H5Fget_access_plist’

/space/sc15770/myprojects/tensorflow/build/h5py/h5py/defs.c:7856: error: expected ‘=’, ‘,’, ‘;’, ‘asm’ or ‘__attribute__’ before ‘__pyx_f_4h5py_4defs_H5Fget_freespace’

/space/sc15770/myprojects/tensorflow/build/h5py/h5py/defs.c:7968: error: expected ‘)’ before ‘__pyx_v_obj_id’

/space/sc15770/myprojects/tensorflow/build/h5py/h5py/defs.c:8080: error: expected ‘)’ before ‘__pyx_v_file_id’

/space/sc15770/myprojects/tensorflow/build/h5py/h5py/defs.c:8191: error: expected ‘)’ before ‘__pyx_v_file_id’

/space/sc15770/myprojects/tensorflow/build/h5py/h5py/defs.c:8302: error: expected ‘=’, ‘,’, ‘;’, ‘asm’ or ‘__attribute__’ before ‘__pyx_f_4h5py_4defs_H5Fget_vfd_handle’

/space/sc15770/myprojects/tensorflow/build/h5py/h5py/defs.c:8414: error: expected ‘=’, ‘,’, ‘;’, ‘asm’ or ‘__attribute__’ before ‘__pyx_f_4h5py_4defs_H5Fget_intent’

/space/sc15770/myprojects/tensorflow/build/h5py/h5py/defs.c:8526: error: expected ‘=’, ‘,’, ‘;’, ‘asm’ or ‘__attribute__’ before ‘__pyx_f_4h5py_4defs_H5Fget_mdc_config’

/space/sc15770/myprojects/tensorflow/build/h5py/h5py/defs.c:8638: error: expected ‘=’, ‘,’, ‘;’, ‘asm’ or ‘__attribute__’ before ‘__pyx_f_4h5py_4defs_H5Fget_mdc_hit_rate’

/space/sc15770/myprojects/tensorflow/build/h5py/h5py/defs.c:8750: error: expected ‘=’, ‘,’, ‘;’, ‘asm’ or ‘__attribute__’ before ‘__pyx_f_4h5py_4defs_H5Fget_mdc_size’

/space/sc15770/myprojects/tensorflow/build/h5py/h5py/defs.c:8862: error: expected ‘=’, ‘,’, ‘;’, ‘asm’ or ‘__attribute__’ before ‘__pyx_f_4h5py_4defs_H5Freset_mdc_hit_rate_stats’

/space/sc15770/myprojects/tensorflow/build/h5py/h5py/defs.c:8974: error: expected ‘=’, ‘,’, ‘;’, ‘asm’ or ‘__attribute__’ before ‘__pyx_f_4h5py_4defs_H5Fset_mdc_config’

/space/sc15770/myprojects/tensorflow/build/h5py/h5py/defs.c:9086: error: expected ‘=’, ‘,’, ‘;’, ‘asm’ or ‘__attribute__’ before ‘__pyx_f_4h5py_4defs_H5Gcreate’

/space/sc15770/myprojects/tensorflow/build/h5py/h5py/defs.c:9198: error: expected ‘=’, ‘,’, ‘;’, ‘asm’ or ‘__attribute__’ before ‘__pyx_f_4h5py_4defs_H5Gopen’

/space/sc15770/myprojects/tensorflow/build/h5py/h5py/defs.c:9310: error: expected ‘=’, ‘,’, ‘;’, ‘asm’ or ‘__attribute__’ before ‘__pyx_f_4h5py_4defs_H5Gclose’

/space/sc15770/myprojects/tensorflow/build/h5py/h5py/defs.c:9422: error: expected ‘=’, ‘,’, ‘;’, ‘asm’ or ‘__attribute__’ before ‘__pyx_f_4h5py_4defs_H5Glink2’

/space/sc15770/myprojects/tensorflow/build/h5py/h5py/defs.c:9534: error: expected ‘=’, ‘,’, ‘;’, ‘asm’ or ‘__attribute__’ before ‘__pyx_f_4h5py_4defs_H5Gunlink’

/space/sc15770/myprojects/tensorflow/build/h5py/h5py/defs.c:9646: error: expected ‘=’, ‘,’, ‘;’, ‘asm’ or ‘__attribute__’ before ‘__pyx_f_4h5py_4defs_H5Gmove2’

/space/sc15770/myprojects/tensorflow/build/h5py/h5py/defs.c:9758: error: expected ‘=’, ‘,’, ‘;’, ‘asm’ or ‘__attribute__’ before ‘__pyx_f_4h5py_4defs_H5Gget_num_objs’

/space/sc15770/myprojects/tensorflow/build/h5py/h5py/defs.c:9870: error: expected ‘)’ before ‘__pyx_v_loc_id’

/space/sc15770/myprojects/tensorflow/build/h5py/h5py/defs.c:9981: error: expected ‘)’ before ‘__pyx_v_loc_id’

/space/sc15770/myprojects/tensorflow/build/h5py/h5py/defs.c:10092: error: expected ‘=’, ‘,’, ‘;’, ‘asm’ or ‘__attribute__’ before ‘__pyx_f_4h5py_4defs_H5Giterate’

/space/sc15770/myprojects/tensorflow/build/h5py/h5py/defs.c:10204: error: expected ‘=’, ‘,’, ‘;’, ‘asm’ or ‘__attribute__’ before ‘__pyx_f_4h5py_4defs_H5Gget_objinfo’

/space/sc15770/myprojects/tensorflow/build/h5py/h5py/defs.c:10316: error: expected ‘=’, ‘,’, ‘;’, ‘asm’ or ‘__attribute__’ before ‘__pyx_f_4h5py_4defs_H5Gget_linkval’

/space/sc15770/myprojects/tensorflow/build/h5py/h5py/defs.c:10428: error: expected ‘=’, ‘,’, ‘;’, ‘asm’ or ‘__attribute__’ before ‘__pyx_f_4h5py_4defs_H5Gset_comment’

/space/sc15770/myprojects/tensorflow/build/h5py/h5py/defs.c:10540: error: expected ‘)’ before ‘__pyx_v_loc_id’

/space/sc15770/myprojects/tensorflow/build/h5py/h5py/defs.c:10651: error: expected ‘=’, ‘,’, ‘;’, ‘asm’ or ‘__attribute__’ before ‘__pyx_f_4h5py_4defs_H5Gcreate_anon’

/space/sc15770/myprojects/tensorflow/build/h5py/h5py/defs.c:10763: error: expected ‘=’, ‘,’, ‘;’, ‘asm’ or ‘__attribute__’ before ‘__pyx_f_4h5py_4defs_H5Gcreate2’

/space/sc15770/myprojects/tensorflow/build/h5py/h5py/defs.c:10875: error: expected ‘=’, ‘,’, ‘;’, ‘asm’ or ‘__attribute__’ before ‘__pyx_f_4h5py_4defs_H5Gopen2’

/space/sc15770/myprojects/tensorflow/build/h5py/h5py/defs.c:10987: error: expected ‘=’, ‘,’, ‘;’, ‘asm’ or ‘__attribute__’ before ‘__pyx_f_4h5py_4defs_H5Gget_info’

/space/sc15770/myprojects/tensorflow/build/h5py/h5py/defs.c:11099: error: expected ‘=’, ‘,’, ‘;’, ‘asm’ or ‘__attribute__’ before ‘__pyx_f_4h5py_4defs_H5Gget_info_by_name’

/space/sc15770/myprojects/tensorflow/build/h5py/h5py/defs.c:11211: error: expected ‘=’, ‘,’, ‘;’, ‘asm’ or ‘__attribute__’ before ‘__pyx_f_4h5py_4defs_H5Gget_create_plist’

/space/sc15770/myprojects/tensorflow/build/h5py/h5py/defs.c:11323: error: expected ‘=’, ‘,’, ‘;’, ‘asm’ or ‘__attribute__’ before ‘__pyx_f_4h5py_4defs_H5Iget_type’

/space/sc15770/myprojects/tensorflow/build/h5py/h5py/defs.c:11435: error: expected ‘)’ before ‘__pyx_v_obj_id’

/space/sc15770/myprojects/tensorflow/build/h5py/h5py/defs.c:11547: error: expected ‘=’, ‘,’, ‘;’, ‘asm’ or ‘__attribute__’ before ‘__pyx_f_4h5py_4defs_H5Iget_file_id’

/space/sc15770/myprojects/tensorflow/build/h5py/h5py/defs.c:11659: error: expected ‘)’ before ‘__pyx_v_obj_id’

/space/sc15770/myprojects/tensorflow/build/h5py/h5py/defs.c:11770: error: expected ‘)’ before ‘__pyx_v_obj_id’

/space/sc15770/myprojects/tensorflow/build/h5py/h5py/defs.c:11881: error: expected ‘)’ before ‘__pyx_v_obj_id’

/space/sc15770/myprojects/tensorflow/build/h5py/h5py/defs.c:11992: error: expected ‘=’, ‘,’, ‘;’, ‘asm’ or ‘__attribute__’ before ‘__pyx_f_4h5py_4defs_H5Iis_valid’

/space/sc15770/myprojects/tensorflow/build/h5py/h5py/defs.c:12104: error: expected ‘=’, ‘,’, ‘;’, ‘asm’ or ‘__attribute__’ before ‘__pyx_f_4h5py_4defs_H5Lmove’

/space/sc15770/myprojects/tensorflow/build/h5py/h5py/defs.c:12216: error: expected ‘=’, ‘,’, ‘;’, ‘asm’ or ‘__attribute__’ before ‘__pyx_f_4h5py_4defs_H5Lcopy’

/space/sc15770/myprojects/tensorflow/build/h5py/h5py/defs.c:12328: error: expected ‘=’, ‘,’, ‘;’, ‘asm’ or ‘__attribute__’ before ‘__pyx_f_4h5py_4defs_H5Lcreate_hard’

/space/sc15770/myprojects/tensorflow/build/h5py/h5py/defs.c:12440: error: expected ‘=’, ‘,’, ‘;’, ‘asm’ or ‘__attribute__’ before ‘__pyx_f_4h5py_4defs_H5Lcreate_soft’

/space/sc15770/myprojects/tensorflow/build/h5py/h5py/defs.c:12552: error: expected ‘=’, ‘,’, ‘;’, ‘asm’ or ‘__attribute__’ before ‘__pyx_f_4h5py_4defs_H5Ldelete’

/space/sc15770/myprojects/tensorflow/build/h5py/h5py/defs.c:12664: error: expected ‘=’, ‘,’, ‘;’, ‘asm’ or ‘__attribute__’ before ‘__pyx_f_4h5py_4defs_H5Ldelete_by_idx’

/space/sc15770/myprojects/tensorflow/build/h5py/h5py/defs.c:12776: error: expected ‘=’, ‘,’, ‘;’, ‘asm’ or ‘__attribute__’ before ‘__pyx_f_4h5py_4defs_H5Lget_val’

/space/sc15770/myprojects/tensorflow/build/h5py/h5py/defs.c:12888: error: expected ‘=’, ‘,’, ‘;’, ‘asm’ or ‘__attribute__’ before ‘__pyx_f_4h5py_4defs_H5Lget_val_by_idx’

/space/sc15770/myprojects/tensorflow/build/h5py/h5py/defs.c:13000: error: expected ‘=’, ‘,’, ‘;’, ‘asm’ or ‘__attribute__’ before ‘__pyx_f_4h5py_4defs_H5Lexists’

/space/sc15770/myprojects/tensorflow/build/h5py/h5py/defs.c:13112: error: expected ‘=’, ‘,’, ‘;’, ‘asm’ or ‘__attribute__’ before ‘__pyx_f_4h5py_4defs_H5Lget_info’

/space/sc15770/myprojects/tensorflow/build/h5py/h5py/defs.c:13224: error: expected ‘=’, ‘,’, ‘;’, ‘asm’ or ‘__attribute__’ before ‘__pyx_f_4h5py_4defs_H5Lget_info_by_idx’

/space/sc15770/myprojects/tensorflow/build/h5py/h5py/defs.c:13336: error: expected ‘)’ before ‘__pyx_v_loc_id’

/space/sc15770/myprojects/tensorflow/build/h5py/h5py/defs.c:13448: error: expected ‘=’, ‘,’, ‘;’, ‘asm’ or ‘__attribute__’ before ‘__pyx_f_4h5py_4defs_H5Literate’

/space/sc15770/myprojects/tensorflow/build/h5py/h5py/defs.c:13560: error: expected ‘=’, ‘,’, ‘;’, ‘asm’ or ‘__attribute__’ before ‘__pyx_f_4h5py_4defs_H5Literate_by_name’

/space/sc15770/myprojects/tensorflow/build/h5py/h5py/defs.c:13672: error: expected ‘=’, ‘,’, ‘;’, ‘asm’ or ‘__attribute__’ before ‘__pyx_f_4h5py_4defs_H5Lvisit’

/space/sc15770/myprojects/tensorflow/build/h5py/h5py/defs.c:13784: error: expected ‘=’, ‘,’, ‘;’, ‘asm’ or ‘__attribute__’ before ‘__pyx_f_4h5py_4defs_H5Lvisit_by_name’

/space/sc15770/myprojects/tensorflow/build/h5py/h5py/defs.c:13896: error: expected ‘=’, ‘,’, ‘;’, ‘asm’ or ‘__attribute__’ before ‘__pyx_f_4h5py_4defs_H5Lunpack_elink_val’

/space/sc15770/myprojects/tensorflow/build/h5py/h5py/defs.c:14008: error: expected ‘=’, ‘,’, ‘;’, ‘asm’ or ‘__attribute__’ before ‘__pyx_f_4h5py_4defs_H5Lcreate_external’

/space/sc15770/myprojects/tensorflow/build/h5py/h5py/defs.c:14120: error: expected ‘=’, ‘,’, ‘;’, ‘asm’ or ‘__attribute__’ before ‘__pyx_f_4h5py_4defs_H5Oopen’

/space/sc15770/myprojects/tensorflow/build/h5py/h5py/defs.c:14232: error: expected ‘=’, ‘,’, ‘;’, ‘asm’ or ‘__attribute__’ before ‘__pyx_f_4h5py_4defs_H5Oopen_by_addr’

/space/sc15770/myprojects/tensorflow/build/h5py/h5py/defs.c:14344: error: expected ‘=’, ‘,’, ‘;’, ‘asm’ or ‘__attribute__’ before ‘__pyx_f_4h5py_4defs_H5Oopen_by_idx’

/space/sc15770/myprojects/tensorflow/build/h5py/h5py/defs.c:14456: error: expected ‘=’, ‘,’, ‘;’, ‘asm’ or ‘__attribute__’ before ‘__pyx_f_4h5py_4defs_H5Oget_info’

/space/sc15770/myprojects/tensorflow/build/h5py/h5py/defs.c:14568: error: expected ‘=’, ‘,’, ‘;’, ‘asm’ or ‘__attribute__’ before ‘__pyx_f_4h5py_4defs_H5Oget_info_by_name’

/space/sc15770/myprojects/tensorflow/build/h5py/h5py/defs.c:14680: error: expected ‘=’, ‘,’, ‘;’, ‘asm’ or ‘__attribute__’ before ‘__pyx_f_4h5py_4defs_H5Oget_info_by_idx’

/space/sc15770/myprojects/tensorflow/build/h5py/h5py/defs.c:14792: error: expected ‘=’, ‘,’, ‘;’, ‘asm’ or ‘__attribute__’ before ‘__pyx_f_4h5py_4defs_H5Olink’

/space/sc15770/myprojects/tensorflow/build/h5py/h5py/defs.c:14904: error: expected ‘=’, ‘,’, ‘;’, ‘asm’ or ‘__attribute__’ before ‘__pyx_f_4h5py_4defs_H5Ocopy’

/space/sc15770/myprojects/tensorflow/build/h5py/h5py/defs.c:15016: error: expected ‘=’, ‘,’, ‘;’, ‘asm’ or ‘__attribute__’ before ‘__pyx_f_4h5py_4defs_H5Oincr_refcount’

/space/sc15770/myprojects/tensorflow/build/h5py/h5py/defs.c:15128: error: expected ‘=’, ‘,’, ‘;’, ‘asm’ or ‘__attribute__’ before ‘__pyx_f_4h5py_4defs_H5Odecr_refcount’

/space/sc15770/myprojects/tensorflow/build/h5py/h5py/defs.c:15240: error: expected ‘=’, ‘,’, ‘;’, ‘asm’ or ‘__attribute__’ before ‘__pyx_f_4h5py_4defs_H5Oset_comment’

/space/sc15770/myprojects/tensorflow/build/h5py/h5py/defs.c:15352: error: expected ‘=’, ‘,’, ‘;’, ‘asm’ or ‘__attribute__’ before ‘__pyx_f_4h5py_4defs_H5Oset_comment_by_name’

/space/sc15770/myprojects/tensorflow/build/h5py/h5py/defs.c:15464: error: expected ‘)’ before ‘__pyx_v_obj_id’

/space/sc15770/myprojects/tensorflow/build/h5py/h5py/defs.c:15576: error: expected ‘)’ before ‘__pyx_v_loc_id’

/space/sc15770/myprojects/tensorflow/build/h5py/h5py/defs.c:15688: error: expected ‘=’, ‘,’, ‘;’, ‘asm’ or ‘__attribute__’ before ‘__pyx_f_4h5py_4defs_H5Ovisit’

/space/sc15770/myprojects/tensorflow/build/h5py/h5py/defs.c:15800: error: expected ‘=’, ‘,’, ‘;’, ‘asm’ or ‘__attribute__’ before ‘__pyx_f_4h5py_4defs_H5Ovisit_by_name’

/space/sc15770/myprojects/tensorflow/build/h5py/h5py/defs.c:15912: error: expected ‘=’, ‘,’, ‘;’, ‘asm’ or ‘__attribute__’ before ‘__pyx_f_4h5py_4defs_H5Oclose’

/space/sc15770/myprojects/tensorflow/build/h5py/h5py/defs.c:16024: error: expected ‘=’, ‘,’, ‘;’, ‘asm’ or ‘__attribute__’ before ‘__pyx_f_4h5py_4defs_H5Pcreate’

/space/sc15770/myprojects/tensorflow/build/h5py/h5py/defs.c:16136: error: expected ‘=’, ‘,’, ‘;’, ‘asm’ or ‘__attribute__’ before ‘__pyx_f_4h5py_4defs_H5Pcopy’

/space/sc15770/myprojects/tensorflow/build/h5py/h5py/defs.c:16248: error: expected ‘=’, ‘,’, ‘;’, ‘asm’ or ‘__attribute__’ before ‘__pyx_f_4h5py_4defs_H5Pget_class’

/space/sc15770/myprojects/tensorflow/build/h5py/h5py/defs.c:16360: error: expected ‘=’, ‘,’, ‘;’, ‘asm’ or ‘__attribute__’ before ‘__pyx_f_4h5py_4defs_H5Pclose’

/space/sc15770/myprojects/tensorflow/build/h5py/h5py/defs.c:16472: error: expected ‘=’, ‘,’, ‘;’, ‘asm’ or ‘__attribute__’ before ‘__pyx_f_4h5py_4defs_H5Pequal’

/space/sc15770/myprojects/tensorflow/build/h5py/h5py/defs.c:16584: error: expected ‘=’, ‘,’, ‘;’, ‘asm’ or ‘__attribute__’ before ‘__pyx_f_4h5py_4defs_H5Pclose_class’

/space/sc15770/myprojects/tensorflow/build/h5py/h5py/defs.c:16696: error: expected ‘=’, ‘,’, ‘;’, ‘asm’ or ‘__attribute__’ before ‘__pyx_f_4h5py_4defs_H5Pget_version’

/space/sc15770/myprojects/tensorflow/build/h5py/h5py/defs.c:16808: error: expected ‘=’, ‘,’, ‘;’, ‘asm’ or ‘__attribute__’ before ‘__pyx_f_4h5py_4defs_H5Pset_userblock’

/space/sc15770/myprojects/tensorflow/build/h5py/h5py/defs.c:16920: error: expected ‘=’, ‘,’, ‘;’, ‘asm’ or ‘__attribute__’ before ‘__pyx_f_4h5py_4defs_H5Pget_userblock’

/space/sc15770/myprojects/tensorflow/build/h5py/h5py/defs.c:17032: error: expected ‘=’, ‘,’, ‘;’, ‘asm’ or ‘__attribute__’ before ‘__pyx_f_4h5py_4defs_H5Pset_sizes’

/space/sc15770/myprojects/tensorflow/build/h5py/h5py/defs.c:17144: error: expected ‘=’, ‘,’, ‘;’, ‘asm’ or ‘__attribute__’ before ‘__pyx_f_4h5py_4defs_H5Pget_sizes’

/space/sc15770/myprojects/tensorflow/build/h5py/h5py/defs.c:17256: error: expected ‘=’, ‘,’, ‘;’, ‘asm’ or ‘__attribute__’ before ‘__pyx_f_4h5py_4defs_H5Pset_sym_k’

/space/sc15770/myprojects/tensorflow/build/h5py/h5py/defs.c:17368: error: expected ‘=’, ‘,’, ‘;’, ‘asm’ or ‘__attribute__’ before ‘__pyx_f_4h5py_4defs_H5Pget_sym_k’

/space/sc15770/myprojects/tensorflow/build/h5py/h5py/defs.c:17480: error: expected ‘=’, ‘,’, ‘;’, ‘asm’ or ‘__attribute__’ before ‘__pyx_f_4h5py_4defs_H5Pset_istore_k’

/space/sc15770/myprojects/tensorflow/build/h5py/h5py/defs.c:17592: error: expected ‘=’, ‘,’, ‘;’, ‘asm’ or ‘__attribute__’ before ‘__pyx_f_4h5py_4defs_H5Pget_istore_k’

/space/sc15770/myprojects/tensorflow/build/h5py/h5py/defs.c:17704: error: expected ‘=’, ‘,’, ‘;’, ‘asm’ or ‘__attribute__’ before ‘__pyx_f_4h5py_4defs_H5Pset_fclose_degree’

/space/sc15770/myprojects/tensorflow/build/h5py/h5py/defs.c:17816: error: expected ‘=’, ‘,’, ‘;’, ‘asm’ or ‘__attribute__’ before ‘__pyx_f_4h5py_4defs_H5Pget_fclose_degree’

/space/sc15770/myprojects/tensorflow/build/h5py/h5py/defs.c:17928: error: expected ‘=’, ‘,’, ‘;’, ‘asm’ or ‘__attribute__’ before ‘__pyx_f_4h5py_4defs_H5Pset_fapl_core’

/space/sc15770/myprojects/tensorflow/build/h5py/h5py/defs.c:18040: error: expected ‘=’, ‘,’, ‘;’, ‘asm’ or ‘__attribute__’ before ‘__pyx_f_4h5py_4defs_H5Pget_fapl_core’

/space/sc15770/myprojects/tensorflow/build/h5py/h5py/defs.c:18152: error: expected ‘=’, ‘,’, ‘;’, ‘asm’ or ‘__attribute__’ before ‘__pyx_f_4h5py_4defs_H5Pset_fapl_family’

/space/sc15770/myprojects/tensorflow/build/h5py/h5py/defs.c:18264: error: expected ‘=’, ‘,’, ‘;’, ‘asm’ or ‘__attribute__’ before ‘__pyx_f_4h5py_4defs_H5Pget_fapl_family’

/space/sc15770/myprojects/tensorflow/build/h5py/h5py/defs.c:18376: error: expected ‘=’, ‘,’, ‘;’, ‘asm’ or ‘__attribute__’ before ‘__pyx_f_4h5py_4defs_H5Pset_family_offset’

/space/sc15770/myprojects/tensorflow/build/h5py/h5py/defs.c:18488: error: expected ‘=’, ‘,’, ‘;’, ‘asm’ or ‘__attribute__’ before ‘__pyx_f_4h5py_4defs_H5Pget_family_offset’

/space/sc15770/myprojects/tensorflow/build/h5py/h5py/defs.c:18600: error: expected ‘=’, ‘,’, ‘;’, ‘asm’ or ‘__attribute__’ before ‘__pyx_f_4h5py_4defs_H5Pset_fapl_log’

/space/sc15770/myprojects/tensorflow/build/h5py/h5py/defs.c:18712: error: expected ‘=’, ‘,’, ‘;’, ‘asm’ or ‘__attribute__’ before ‘__pyx_f_4h5py_4defs_H5Pset_fapl_multi’

/space/sc15770/myprojects/tensorflow/build/h5py/h5py/defs.c:18824: error: expected ‘=’, ‘,’, ‘;’, ‘asm’ or ‘__attribute__’ before ‘__pyx_f_4h5py_4defs_H5Pset_cache’

/space/sc15770/myprojects/tensorflow/build/h5py/h5py/defs.c:18936: error: expected ‘=’, ‘,’, ‘;’, ‘asm’ or ‘__attribute__’ before ‘__pyx_f_4h5py_4defs_H5Pget_cache’

/space/sc15770/myprojects/tensorflow/build/h5py/h5py/defs.c:19048: error: expected ‘=’, ‘,’, ‘;’, ‘asm’ or ‘__attribute__’ before ‘__pyx_f_4h5py_4defs_H5Pset_fapl_sec2’

/space/sc15770/myprojects/tensorflow/build/h5py/h5py/defs.c:19160: error: expected ‘=’, ‘,’, ‘;’, ‘asm’ or ‘__attribute__’ before ‘__pyx_f_4h5py_4defs_H5Pset_fapl_stdio’

/space/sc15770/myprojects/tensorflow/build/h5py/h5py/defs.c:19272: error: expected ‘=’, ‘,’, ‘;’, ‘asm’ or ‘__attribute__’ before ‘__pyx_f_4h5py_4defs_H5Pget_driver’

/space/sc15770/myprojects/tensorflow/build/h5py/h5py/defs.c:19384: error: expected ‘=’, ‘,’, ‘;’, ‘asm’ or ‘__attribute__’ before ‘__pyx_f_4h5py_4defs_H5Pget_mdc_config’

/space/sc15770/myprojects/tensorflow/build/h5py/h5py/defs.c:19496: error: expected ‘=’, ‘,’, ‘;’, ‘asm’ or ‘__attribute__’ before ‘__pyx_f_4h5py_4defs_H5Pset_mdc_config’

/space/sc15770/myprojects/tensorflow/build/h5py/h5py/defs.c:19608: error: expected ‘=’, ‘,’, ‘;’, ‘asm’ or ‘__attribute__’ before ‘__pyx_f_4h5py_4defs_H5Pset_layout’

/space/sc15770/myprojects/tensorflow/build/h5py/h5py/defs.c:19720: error: expected ‘=’, ‘,’, ‘;’, ‘asm’ or ‘__attribute__’ before ‘__pyx_f_4h5py_4defs_H5Pget_layout’

/space/sc15770/myprojects/tensorflow/build/h5py/h5py/defs.c:19832: error: expected ‘=’, ‘,’, ‘;’, ‘asm’ or ‘__attribute__’ before ‘__pyx_f_4h5py_4defs_H5Pset_chunk’

/space/sc15770/myprojects/tensorflow/build/h5py/h5py/defs.c:19944: error: expected ‘)’ before ‘__pyx_v_plist’

/space/sc15770/myprojects/tensorflow/build/h5py/h5py/defs.c:20055: error: expected ‘=’, ‘,’, ‘;’, ‘asm’ or ‘__attribute__’ before ‘__pyx_f_4h5py_4defs_H5Pset_deflate’

/space/sc15770/myprojects/tensorflow/build/h5py/h5py/defs.c:20167: error: expected ‘=’, ‘,’, ‘;’, ‘asm’ or ‘__attribute__’ before ‘__pyx_f_4h5py_4defs_H5Pset_fill_value’

/space/sc15770/myprojects/tensorflow/build/h5py/h5py/defs.c:20279: error: expected ‘=’, ‘,’, ‘;’, ‘asm’ or ‘__attribute__’ before ‘__pyx_f_4h5py_4defs_H5Pget_fill_value’

/space/sc15770/myprojects/tensorflow/build/h5py/h5py/defs.c:20391: error: expected ‘=’, ‘,’, ‘;’, ‘asm’ or ‘__attribute__’ before ‘__pyx_f_4h5py_4defs_H5Pfill_value_defined’

/space/sc15770/myprojects/tensorflow/build/h5py/h5py/defs.c:20503: error: expected ‘=’, ‘,’, ‘;’, ‘asm’ or ‘__attribute__’ before ‘__pyx_f_4h5py_4defs_H5Pset_fill_time’

/space/sc15770/myprojects/tensorflow/build/h5py/h5py/defs.c:20615: error: expected ‘=’, ‘,’, ‘;’, ‘asm’ or ‘__attribute__’ before ‘__pyx_f_4h5py_4defs_H5Pget_fill_time’

/space/sc15770/myprojects/tensorflow/build/h5py/h5py/defs.c:20727: error: expected ‘=’, ‘,’, ‘;’, ‘asm’ or ‘__attribute__’ before ‘__pyx_f_4h5py_4defs_H5Pset_alloc_time’

/space/sc15770/myprojects/tensorflow/build/h5py/h5py/defs.c:20839: error: expected ‘=’, ‘,’, ‘;’, ‘asm’ or ‘__attribute__’ before ‘__pyx_f_4h5py_4defs_H5Pget_alloc_time’

/space/sc15770/myprojects/tensorflow/build/h5py/h5py/defs.c:20951: error: expected ‘=’, ‘,’, ‘;’, ‘asm’ or ‘__attribute__’ before ‘__pyx_f_4h5py_4defs_H5Pset_filter’

/space/sc15770/myprojects/tensorflow/build/h5py/h5py/defs.c:21063: error: expected ‘=’, ‘,’, ‘;’, ‘asm’ or ‘__attribute__’ before ‘__pyx_f_4h5py_4defs_H5Pall_filters_avail’

/space/sc15770/myprojects/tensorflow/build/h5py/h5py/defs.c:21175: error: expected ‘)’ before ‘__pyx_v_plist’

/space/sc15770/myprojects/tensorflow/build/h5py/h5py/defs.c:21286: error: expected ‘=’, ‘,’, ‘;’, ‘asm’ or ‘__attribute__’ before ‘__pyx_f_4h5py_4defs_H5Pget_filter’

/space/sc15770/myprojects/tensorflow/build/h5py/h5py/defs.c:21398: error: expected ‘=’, ‘,’, ‘;’, ‘asm’ or ‘__attribute__’ before ‘__pyx_f_4h5py_4defs_H5Pget_filter_by_id’

/space/sc15770/myprojects/tensorflow/build/h5py/h5py/defs.c:21510: error: expected ‘=’, ‘,’, ‘;’, ‘asm’ or ‘__attribute__’ before ‘__pyx_f_4h5py_4defs_H5Pmodify_filter’

/space/sc15770/myprojects/tensorflow/build/h5py/h5py/defs.c:21622: error: expected ‘=’, ‘,’, ‘;’, ‘asm’ or ‘__attribute__’ before ‘__pyx_f_4h5py_4defs_H5Premove_filter’

/space/sc15770/myprojects/tensorflow/build/h5py/h5py/defs.c:21734: error: expected ‘=’, ‘,’, ‘;’, ‘asm’ or ‘__attribute__’ before ‘__pyx_f_4h5py_4defs_H5Pset_fletcher32’

/space/sc15770/myprojects/tensorflow/build/h5py/h5py/defs.c:21846: error: expected ‘=’, ‘,’, ‘;’, ‘asm’ or ‘__attribute__’ before ‘__pyx_f_4h5py_4defs_H5Pset_shuffle’

/space/sc15770/myprojects/tensorflow/build/h5py/h5py/defs.c:21958: error: expected ‘=’, ‘,’, ‘;’, ‘asm’ or ‘__attribute__’ before ‘__pyx_f_4h5py_4defs_H5Pset_szip’

/space/sc15770/myprojects/tensorflow/build/h5py/h5py/defs.c:22070: error: expected ‘=’, ‘,’, ‘;’, ‘asm’ or ‘__attribute__’ before ‘__pyx_f_4h5py_4defs_H5Pset_scaleoffset’

/space/sc15770/myprojects/tensorflow/build/h5py/h5py/defs.c:22182: error: expected ‘=’, ‘,’, ‘;’, ‘asm’ or ‘__attribute__’ before ‘__pyx_f_4h5py_4defs_H5Pset_edc_check’

/space/sc15770/myprojects/tensorflow/build/h5py/h5py/defs.c:22294: error: expected ‘)’ before ‘__pyx_v_plist’

/space/sc15770/myprojects/tensorflow/build/h5py/h5py/defs.c:22406: error: expected ‘=’, ‘,’, ‘;’, ‘asm’ or ‘__attribute__’ before ‘__pyx_f_4h5py_4defs_H5Pset_chunk_cache’

/space/sc15770/myprojects/tensorflow/build/h5py/h5py/defs.c:22518: error: expected ‘=’, ‘,’, ‘;’, ‘asm’ or ‘__attribute__’ before ‘__pyx_f_4h5py_4defs_H5Pget_chunk_cache’

/space/sc15770/myprojects/tensorflow/build/h5py/h5py/defs.c:22630: error: expected ‘=’, ‘,’, ‘;’, ‘asm’ or ‘__attribute__’ before ‘__pyx_f_4h5py_4defs_H5Pset_sieve_buf_size’

/space/sc15770/myprojects/tensorflow/build/h5py/h5py/defs.c:22742: error: expected ‘=’, ‘,’, ‘;’, ‘asm’ or ‘__attribute__’ before ‘__pyx_f_4h5py_4defs_H5Pget_sieve_buf_size’

/space/sc15770/myprojects/tensorflow/build/h5py/h5py/defs.c:22854: error: expected ‘=’, ‘,’, ‘;’, ‘asm’ or ‘__attribute__’ before ‘__pyx_f_4h5py_4defs_H5Pset_nlinks’

/space/sc15770/myprojects/tensorflow/build/h5py/h5py/defs.c:22966: error: expected ‘=’, ‘,’, ‘;’, ‘asm’ or ‘__attribute__’ before ‘__pyx_f_4h5py_4defs_H5Pget_nlinks’

/space/sc15770/myprojects/tensorflow/build/h5py/h5py/defs.c:23078: error: expected ‘=’, ‘,’, ‘;’, ‘asm’ or ‘__attribute__’ before ‘__pyx_f_4h5py_4defs_H5Pset_elink_prefix’

/space/sc15770/myprojects/tensorflow/build/h5py/h5py/defs.c:23190: error: expected ‘)’ before ‘__pyx_v_plist_id’

/space/sc15770/myprojects/tensorflow/build/h5py/h5py/defs.c:23302: error: expected ‘=’, ‘,’, ‘;’, ‘asm’ or ‘__attribute__’ before ‘__pyx_f_4h5py_4defs_H5Pget_elink_fapl’

/space/sc15770/myprojects/tensorflow/build/h5py/h5py/defs.c:23414: error: expected ‘=’, ‘,’, ‘;’, ‘asm’ or ‘__attribute__’ before ‘__pyx_f_4h5py_4defs_H5Pset_elink_fapl’

/space/sc15770/myprojects/tensorflow/build/h5py/h5py/defs.c:23526: error: expected ‘=’, ‘,’, ‘;’, ‘asm’ or ‘__attribute__’ before ‘__pyx_f_4h5py_4defs_H5Pset_create_intermediate_group’

/space/sc15770/myprojects/tensorflow/build/h5py/h5py/defs.c:23638: error: expected ‘=’, ‘,’, ‘;’, ‘asm’ or ‘__attribute__’ before ‘__pyx_f_4h5py_4defs_H5Pget_create_intermediate_group’

/space/sc15770/myprojects/tensorflow/build/h5py/h5py/defs.c:23750: error: expected ‘=’, ‘,’, ‘;’, ‘asm’ or ‘__attribute__’ before ‘__pyx_f_4h5py_4defs_H5Pset_copy_object’

/space/sc15770/myprojects/tensorflow/build/h5py/h5py/defs.c:23862: error: expected ‘=’, ‘,’, ‘;’, ‘asm’ or ‘__attribute__’ before ‘__pyx_f_4h5py_4defs_H5Pget_copy_object’

/space/sc15770/myprojects/tensorflow/build/h5py/h5py/defs.c:23974: error: expected ‘=’, ‘,’, ‘;’, ‘asm’ or ‘__attribute__’ before ‘__pyx_f_4h5py_4defs_H5Pset_char_encoding’

/space/sc15770/myprojects/tensorflow/build/h5py/h5py/defs.c:24086: error: expected ‘=’, ‘,’, ‘;’, ‘asm’ or ‘__attribute__’ before ‘__pyx_f_4h5py_4defs_H5Pget_char_encoding’

/space/sc15770/myprojects/tensorflow/build/h5py/h5py/defs.c:24198: error: expected ‘=’, ‘,’, ‘;’, ‘asm’ or ‘__attribute__’ before ‘__pyx_f_4h5py_4defs_H5Pset_obj_track_times’

/space/sc15770/myprojects/tensorflow/build/h5py/h5py/defs.c:24310: error: expected ‘=’, ‘,’, ‘;’, ‘asm’ or ‘__attribute__’ before ‘__pyx_f_4h5py_4defs_H5Pget_obj_track_times’

/space/sc15770/myprojects/tensorflow/build/h5py/h5py/defs.c:24422: error: expected ‘=’, ‘,’, ‘;’, ‘asm’ or ‘__attribute__’ before ‘__pyx_f_4h5py_4defs_H5Pset_local_heap_size_hint’

/space/sc15770/myprojects/tensorflow/build/h5py/h5py/defs.c:24534: error: expected ‘=’, ‘,’, ‘;’, ‘asm’ or ‘__attribute__’ before ‘__pyx_f_4h5py_4defs_H5Pget_local_heap_size_hint’

/space/sc15770/myprojects/tensorflow/build/h5py/h5py/defs.c:24646: error: expected ‘=’, ‘,’, ‘;’, ‘asm’ or ‘__attribute__’ before ‘__pyx_f_4h5py_4defs_H5Pset_link_phase_change’

/space/sc15770/myprojects/tensorflow/build/h5py/h5py/defs.c:24758: error: expected ‘=’, ‘,’, ‘;’, ‘asm’ or ‘__attribute__’ before ‘__pyx_f_4h5py_4defs_H5Pget_link_phase_change’

/space/sc15770/myprojects/tensorflow/build/h5py/h5py/defs.c:24870: error: expected ‘=’, ‘,’, ‘;’, ‘asm’ or ‘__attribute__’ before ‘__pyx_f_4h5py_4defs_H5Pset_est_link_info’

/space/sc15770/myprojects/tensorflow/build/h5py/h5py/defs.c:24982: error: expected ‘=’, ‘,’, ‘;’, ‘asm’ or ‘__attribute__’ before ‘__pyx_f_4h5py_4defs_H5Pget_est_link_info’

/space/sc15770/myprojects/tensorflow/build/h5py/h5py/defs.c:25094: error: expected ‘=’, ‘,’, ‘;’, ‘asm’ or ‘__attribute__’ before ‘__pyx_f_4h5py_4defs_H5Pset_link_creation_order’

/space/sc15770/myprojects/tensorflow/build/h5py/h5py/defs.c:25206: error: expected ‘=’, ‘,’, ‘;’, ‘asm’ or ‘__attribute__’ before ‘__pyx_f_4h5py_4defs_H5Pget_link_creation_order’

/space/sc15770/myprojects/tensorflow/build/h5py/h5py/defs.c:25318: error: expected ‘=’, ‘,’, ‘;’, ‘asm’ or ‘__attribute__’ before ‘__pyx_f_4h5py_4defs_H5Pset_libver_bounds’

/space/sc15770/myprojects/tensorflow/build/h5py/h5py/defs.c:25430: error: expected ‘=’, ‘,’, ‘;’, ‘asm’ or ‘__attribute__’ before ‘__pyx_f_4h5py_4defs_H5Pget_libver_bounds’

/space/sc15770/myprojects/tensorflow/build/h5py/h5py/defs.c:25542: error: expected ‘=’, ‘,’, ‘;’, ‘asm’ or ‘__attribute__’ before ‘__pyx_f_4h5py_4defs_H5Pset_alignment’

/space/sc15770/myprojects/tensorflow/build/h5py/h5py/defs.c:25654: error: expected ‘=’, ‘,’, ‘;’, ‘asm’ or ‘__attribute__’ before ‘__pyx_f_4h5py_4defs_H5Pget_alignment’

/space/sc15770/myprojects/tensorflow/build/h5py/h5py/defs.c:25766: error: expected ‘=’, ‘,’, ‘;’, ‘asm’ or ‘__attribute__’ before ‘__pyx_f_4h5py_4defs_H5Rcreate’

/space/sc15770/myprojects/tensorflow/build/h5py/h5py/defs.c:25878: error: expected ‘=’, ‘,’, ‘;’, ‘asm’ or ‘__attribute__’ before ‘__pyx_f_4h5py_4defs_H5Rdereference’

/space/sc15770/myprojects/tensorflow/build/h5py/h5py/defs.c:25990: error: expected ‘=’, ‘,’, ‘;’, ‘asm’ or ‘__attribute__’ before ‘__pyx_f_4h5py_4defs_H5Rget_region’

/space/sc15770/myprojects/tensorflow/build/h5py/h5py/defs.c:26102: error: expected ‘)’ before ‘__pyx_v_id’

/space/sc15770/myprojects/tensorflow/build/h5py/h5py/defs.c:26214: error: expected ‘)’ before ‘__pyx_v_loc_id’

/space/sc15770/myprojects/tensorflow/build/h5py/h5py/defs.c:26326: error: expected ‘=’, ‘,’, ‘;’, ‘asm’ or ‘__attribute__’ before ‘__pyx_f_4h5py_4defs_H5Screate’

/space/sc15770/myprojects/tensorflow/build/h5py/h5py/defs.c:26438: error: expected ‘=’, ‘,’, ‘;’, ‘asm’ or ‘__attribute__’ before ‘__pyx_f_4h5py_4defs_H5Scopy’

/space/sc15770/myprojects/tensorflow/build/h5py/h5py/defs.c:26550: error: expected ‘=’, ‘,’, ‘;’, ‘asm’ or ‘__attribute__’ before ‘__pyx_f_4h5py_4defs_H5Sclose’

/space/sc15770/myprojects/tensorflow/build/h5py/h5py/defs.c:26662: error: expected ‘=’, ‘,’, ‘;’, ‘asm’ or ‘__attribute__’ before ‘__pyx_f_4h5py_4defs_H5Screate_simple’

/space/sc15770/myprojects/tensorflow/build/h5py/h5py/defs.c:26774: error: expected ‘=’, ‘,’, ‘;’, ‘asm’ or ‘__attribute__’ before ‘__pyx_f_4h5py_4defs_H5Sis_simple’

/space/sc15770/myprojects/tensorflow/build/h5py/h5py/defs.c:26886: error: expected ‘=’, ‘,’, ‘;’, ‘asm’ or ‘__attribute__’ before ‘__pyx_f_4h5py_4defs_H5Soffset_simple’

/space/sc15770/myprojects/tensorflow/build/h5py/h5py/defs.c:26998: error: expected ‘)’ before ‘__pyx_v_space_id’

/space/sc15770/myprojects/tensorflow/build/h5py/h5py/defs.c:27109: error: expected ‘)’ before ‘__pyx_v_space_id’

/space/sc15770/myprojects/tensorflow/build/h5py/h5py/defs.c:27220: error: expected ‘=’, ‘,’, ‘;’, ‘asm’ or ‘__attribute__’ before ‘__pyx_f_4h5py_4defs_H5Sget_simple_extent_npoints’

/space/sc15770/myprojects/tensorflow/build/h5py/h5py/defs.c:27332: error: expected ‘=’, ‘,’, ‘;’, ‘asm’ or ‘__attribute__’ before ‘__pyx_f_4h5py_4defs_H5Sget_simple_extent_type’

/space/sc15770/myprojects/tensorflow/build/h5py/h5py/defs.c:27444: error: expected ‘=’, ‘,’, ‘;’, ‘asm’ or ‘__attribute__’ before ‘__pyx_f_4h5py_4defs_H5Sextent_copy’

/space/sc15770/myprojects/tensorflow/build/h5py/h5py/defs.c:27556: error: expected ‘=’, ‘,’, ‘;’, ‘asm’ or ‘__attribute__’ before ‘__pyx_f_4h5py_4defs_H5Sset_extent_simple’

/space/sc15770/myprojects/tensorflow/build/h5py/h5py/defs.c:27668: error: expected ‘=’, ‘,’, ‘;’, ‘asm’ or ‘__attribute__’ before ‘__pyx_f_4h5py_4defs_H5Sset_extent_none’

/space/sc15770/myprojects/tensorflow/build/h5py/h5py/defs.c:27780: error: expected ‘=’, ‘,’, ‘;’, ‘asm’ or ‘__attribute__’ before ‘__pyx_f_4h5py_4defs_H5Sget_select_type’

/space/sc15770/myprojects/tensorflow/build/h5py/h5py/defs.c:27892: error: expected ‘=’, ‘,’, ‘;’, ‘asm’ or ‘__attribute__’ before ‘__pyx_f_4h5py_4defs_H5Sget_select_npoints’

/space/sc15770/myprojects/tensorflow/build/h5py/h5py/defs.c:28004: error: expected ‘=’, ‘,’, ‘;’, ‘asm’ or ‘__attribute__’ before ‘__pyx_f_4h5py_4defs_H5Sget_select_bounds’

/space/sc15770/myprojects/tensorflow/build/h5py/h5py/defs.c:28116: error: expected ‘=’, ‘,’, ‘;’, ‘asm’ or ‘__attribute__’ before ‘__pyx_f_4h5py_4defs_H5Sselect_all’

/space/sc15770/myprojects/tensorflow/build/h5py/h5py/defs.c:28228: error: expected ‘=’, ‘,’, ‘;’, ‘asm’ or ‘__attribute__’ before ‘__pyx_f_4h5py_4defs_H5Sselect_none’

/space/sc15770/myprojects/tensorflow/build/h5py/h5py/defs.c:28340: error: expected ‘=’, ‘,’, ‘;’, ‘asm’ or ‘__attribute__’ before ‘__pyx_f_4h5py_4defs_H5Sselect_valid’

/space/sc15770/myprojects/tensorflow/build/h5py/h5py/defs.c:28452: error: expected ‘=’, ‘,’, ‘;’, ‘asm’ or ‘__attribute__’ before ‘__pyx_f_4h5py_4defs_H5Sget_select_elem_npoints’

/space/sc15770/myprojects/tensorflow/build/h5py/h5py/defs.c:28564: error: expected ‘=’, ‘,’, ‘;’, ‘asm’ or ‘__attribute__’ before ‘__pyx_f_4h5py_4defs_H5Sget_select_elem_pointlist’

/space/sc15770/myprojects/tensorflow/build/h5py/h5py/defs.c:28676: error: expected ‘=’, ‘,’, ‘;’, ‘asm’ or ‘__attribute__’ before ‘__pyx_f_4h5py_4defs_H5Sselect_elements’

/space/sc15770/myprojects/tensorflow/build/h5py/h5py/defs.c:28788: error: expected ‘=’, ‘,’, ‘;’, ‘asm’ or ‘__attribute__’ before ‘__pyx_f_4h5py_4defs_H5Sget_select_hyper_nblocks’

/space/sc15770/myprojects/tensorflow/build/h5py/h5py/defs.c:28900: error: expected ‘=’, ‘,’, ‘;’, ‘asm’ or ‘__attribute__’ before ‘__pyx_f_4h5py_4defs_H5Sget_select_hyper_blocklist’

/space/sc15770/myprojects/tensorflow/build/h5py/h5py/defs.c:29012: error: expected ‘=’, ‘,’, ‘;’, ‘asm’ or ‘__attribute__’ before ‘__pyx_f_4h5py_4defs_H5Sselect_hyperslab’

/space/sc15770/myprojects/tensorflow/build/h5py/h5py/defs.c:29124: error: expected ‘=’, ‘,’, ‘;’, ‘asm’ or ‘__attribute__’ before ‘__pyx_f_4h5py_4defs_H5Sencode’

/space/sc15770/myprojects/tensorflow/build/h5py/h5py/defs.c:29236: error: expected ‘=’, ‘,’, ‘;’, ‘asm’ or ‘__attribute__’ before ‘__pyx_f_4h5py_4defs_H5Sdecode’

/space/sc15770/myprojects/tensorflow/build/h5py/h5py/defs.c:29348: error: expected ‘=’, ‘,’, ‘;’, ‘asm’ or ‘__attribute__’ before ‘__pyx_f_4h5py_4defs_H5Tcreate’

/space/sc15770/myprojects/tensorflow/build/h5py/h5py/defs.c:29460: error: expected ‘=’, ‘,’, ‘;’, ‘asm’ or ‘__attribute__’ before ‘__pyx_f_4h5py_4defs_H5Topen’

/space/sc15770/myprojects/tensorflow/build/h5py/h5py/defs.c:29572: error: expected ‘=’, ‘,’, ‘;’, ‘asm’ or ‘__attribute__’ before ‘__pyx_f_4h5py_4defs_H5Tcommit’

/space/sc15770/myprojects/tensorflow/build/h5py/h5py/defs.c:29684: error: expected ‘=’, ‘,’, ‘;’, ‘asm’ or ‘__attribute__’ before ‘__pyx_f_4h5py_4defs_H5Tcommitted’

/space/sc15770/myprojects/tensorflow/build/h5py/h5py/defs.c:29796: error: expected ‘=’, ‘,’, ‘;’, ‘asm’ or ‘__attribute__’ before ‘__pyx_f_4h5py_4defs_H5Tcopy’

/space/sc15770/myprojects/tensorflow/build/h5py/h5py/defs.c:29908: error: expected ‘=’, ‘,’, ‘;’, ‘asm’ or ‘__attribute__’ before ‘__pyx_f_4h5py_4defs_H5Tequal’

/space/sc15770/myprojects/tensorflow/build/h5py/h5py/defs.c:30020: error: expected ‘=’, ‘,’, ‘;’, ‘asm’ or ‘__attribute__’ before ‘__pyx_f_4h5py_4defs_H5Tlock’

/space/sc15770/myprojects/tensorflow/build/h5py/h5py/defs.c:30132: error: expected ‘)’ before ‘__pyx_v_type_id’

/space/sc15770/myprojects/tensorflow/build/h5py/h5py/defs.c:30244: error: expected ‘)’ before ‘__pyx_v_type_id’

/space/sc15770/myprojects/tensorflow/build/h5py/h5py/defs.c:30356: error: expected ‘=’, ‘,’, ‘;’, ‘asm’ or ‘__attribute__’ before ‘__pyx_f_4h5py_4defs_H5Tget_super’

/space/sc15770/myprojects/tensorflow/build/h5py/h5py/defs.c:30468: error: expected ‘=’, ‘,’, ‘;’, ‘asm’ or ‘__attribute__’ before ‘__pyx_f_4h5py_4defs_H5Tdetect_class’

/space/sc15770/myprojects/tensorflow/build/h5py/h5py/defs.c:30580: error: expected ‘=’, ‘,’, ‘;’, ‘asm’ or ‘__attribute__’ before ‘__pyx_f_4h5py_4defs_H5Tclose’

/space/sc15770/myprojects/tensorflow/build/h5py/h5py/defs.c:30692: error: expected ‘=’, ‘,’, ‘;’, ‘asm’ or ‘__attribute__’ before ‘__pyx_f_4h5py_4defs_H5Tget_native_type’

/space/sc15770/myprojects/tensorflow/build/h5py/h5py/defs.c:30804: error: expected ‘=’, ‘,’, ‘;’, ‘asm’ or ‘__attribute__’ before ‘__pyx_f_4h5py_4defs_H5Tcommit2’

/space/sc15770/myprojects/tensorflow/build/h5py/h5py/defs.c:30916: error: expected ‘=’, ‘,’, ‘;’, ‘asm’ or ‘__attribute__’ before ‘__pyx_f_4h5py_4defs_H5Tdecode’

/space/sc15770/myprojects/tensorflow/build/h5py/h5py/defs.c:31028: error: expected ‘=’, ‘,’, ‘;’, ‘asm’ or ‘__attribute__’ before ‘__pyx_f_4h5py_4defs_H5Tencode’

/space/sc15770/myprojects/tensorflow/build/h5py/h5py/defs.c:31140: error: expected ‘=’, ‘,’, ‘;’, ‘asm’ or ‘__attribute__’ before ‘__pyx_f_4h5py_4defs_H5Tfind’

/space/sc15770/myprojects/tensorflow/build/h5py/h5py/defs.c:31252: error: expected ‘=’, ‘,’, ‘;’, ‘asm’ or ‘__attribute__’ before ‘__pyx_f_4h5py_4defs_H5Tconvert’

/space/sc15770/myprojects/tensorflow/build/h5py/h5py/defs.c:31364: error: expected ‘=’, ‘,’, ‘;’, ‘asm’ or ‘__attribute__’ before ‘__pyx_f_4h5py_4defs_H5Tregister’

/space/sc15770/myprojects/tensorflow/build/h5py/h5py/defs.c:31476: error: expected ‘=’, ‘,’, ‘;’, ‘asm’ or ‘__attribute__’ before ‘__pyx_f_4h5py_4defs_H5Tunregister’

/space/sc15770/myprojects/tensorflow/build/h5py/h5py/defs.c:31588: error: expected ‘=’, ‘,’, ‘;’, ‘asm’ or ‘__attribute__’ before ‘__pyx_f_4h5py_4defs_H5Tset_size’

/space/sc15770/myprojects/tensorflow/build/h5py/h5py/defs.c:31700: error: expected ‘=’, ‘,’, ‘;’, ‘asm’ or ‘__attribute__’ before ‘__pyx_f_4h5py_4defs_H5Tget_order’

/space/sc15770/myprojects/tensorflow/build/h5py/h5py/defs.c:31812: error: expected ‘=’, ‘,’, ‘;’, ‘asm’ or ‘__attribute__’ before ‘__pyx_f_4h5py_4defs_H5Tset_order’

/space/sc15770/myprojects/tensorflow/build/h5py/h5py/defs.c:31924: error: expected ‘=’, ‘,’, ‘;’, ‘asm’ or ‘__attribute__’ before ‘__pyx_f_4h5py_4defs_H5Tget_precision’

/space/sc15770/myprojects/tensorflow/build/h5py/h5py/defs.c:32036: error: expected ‘=’, ‘,’, ‘;’, ‘asm’ or ‘__attribute__’ before ‘__pyx_f_4h5py_4defs_H5Tset_precision’

/space/sc15770/myprojects/tensorflow/build/h5py/h5py/defs.c:32148: error: expected ‘)’ before ‘__pyx_v_type_id’

/space/sc15770/myprojects/tensorflow/build/h5py/h5py/defs.c:32259: error: expected ‘=’, ‘,’, ‘;’, ‘asm’ or ‘__attribute__’ before ‘__pyx_f_4h5py_4defs_H5Tset_offset’

/space/sc15770/myprojects/tensorflow/build/h5py/h5py/defs.c:32371: error: expected ‘=’, ‘,’, ‘;’, ‘asm’ or ‘__attribute__’ before ‘__pyx_f_4h5py_4defs_H5Tget_pad’

/space/sc15770/myprojects/tensorflow/build/h5py/h5py/defs.c:32483: error: expected ‘=’, ‘,’, ‘;’, ‘asm’ or ‘__attribute__’ before ‘__pyx_f_4h5py_4defs_H5Tset_pad’

/space/sc15770/myprojects/tensorflow/build/h5py/h5py/defs.c:32595: error: expected ‘=’, ‘,’, ‘;’, ‘asm’ or ‘__attribute__’ before ‘__pyx_f_4h5py_4defs_H5Tget_sign’

/space/sc15770/myprojects/tensorflow/build/h5py/h5py/defs.c:32707: error: expected ‘=’, ‘,’, ‘;’, ‘asm’ or ‘__attribute__’ before ‘__pyx_f_4h5py_4defs_H5Tset_sign’

/space/sc15770/myprojects/tensorflow/build/h5py/h5py/defs.c:32819: error: expected ‘=’, ‘,’, ‘;’, ‘asm’ or ‘__attribute__’ before ‘__pyx_f_4h5py_4defs_H5Tget_fields’

/space/sc15770/myprojects/tensorflow/build/h5py/h5py/defs.c:32931: error: expected ‘=’, ‘,’, ‘;’, ‘asm’ or ‘__attribute__’ before ‘__pyx_f_4h5py_4defs_H5Tset_fields’

/space/sc15770/myprojects/tensorflow/build/h5py/h5py/defs.c:33043: error: expected ‘)’ before ‘__pyx_v_type_id’

/space/sc15770/myprojects/tensorflow/build/h5py/h5py/defs.c:33155: error: expected ‘=’, ‘,’, ‘;’, ‘asm’ or ‘__attribute__’ before ‘__pyx_f_4h5py_4defs_H5Tset_ebias’

/space/sc15770/myprojects/tensorflow/build/h5py/h5py/defs.c:33267: error: expected ‘=’, ‘,’, ‘;’, ‘asm’ or ‘__attribute__’ before ‘__pyx_f_4h5py_4defs_H5Tget_norm’

/space/sc15770/myprojects/tensorflow/build/h5py/h5py/defs.c:33379: error: expected ‘=’, ‘,’, ‘;’, ‘asm’ or ‘__attribute__’ before ‘__pyx_f_4h5py_4defs_H5Tset_norm’

/space/sc15770/myprojects/tensorflow/build/h5py/h5py/defs.c:33491: error: expected ‘=’, ‘,’, ‘;’, ‘asm’ or ‘__attribute__’ before ‘__pyx_f_4h5py_4defs_H5Tget_inpad’

/space/sc15770/myprojects/tensorflow/build/h5py/h5py/defs.c:33603: error: expected ‘=’, ‘,’, ‘;’, ‘asm’ or ‘__attribute__’ before ‘__pyx_f_4h5py_4defs_H5Tset_inpad’

/space/sc15770/myprojects/tensorflow/build/h5py/h5py/defs.c:33715: error: expected ‘=’, ‘,’, ‘;’, ‘asm’ or ‘__attribute__’ before ‘__pyx_f_4h5py_4defs_H5Tget_cset’

/space/sc15770/myprojects/tensorflow/build/h5py/h5py/defs.c:33827: error: expected ‘=’, ‘,’, ‘;’, ‘asm’ or ‘__attribute__’ before ‘__pyx_f_4h5py_4defs_H5Tset_cset’

/space/sc15770/myprojects/tensorflow/build/h5py/h5py/defs.c:33939: error: expected ‘=’, ‘,’, ‘;’, ‘asm’ or ‘__attribute__’ before ‘__pyx_f_4h5py_4defs_H5Tget_strpad’

/space/sc15770/myprojects/tensorflow/build/h5py/h5py/defs.c:34051: error: expected ‘=’, ‘,’, ‘;’, ‘asm’ or ‘__attribute__’ before ‘__pyx_f_4h5py_4defs_H5Tset_strpad’

/space/sc15770/myprojects/tensorflow/build/h5py/h5py/defs.c:34163: error: expected ‘=’, ‘,’, ‘;’, ‘asm’ or ‘__attribute__’ before ‘__pyx_f_4h5py_4defs_H5Tvlen_create’

/space/sc15770/myprojects/tensorflow/build/h5py/h5py/defs.c:34275: error: expected ‘=’, ‘,’, ‘;’, ‘asm’ or ‘__attribute__’ before ‘__pyx_f_4h5py_4defs_H5Tis_variable_str’

/space/sc15770/myprojects/tensorflow/build/h5py/h5py/defs.c:34387: error: expected ‘)’ before ‘__pyx_v_type_id’

/space/sc15770/myprojects/tensorflow/build/h5py/h5py/defs.c:34498: error: expected ‘)’ before ‘__pyx_v_type_id’

/space/sc15770/myprojects/tensorflow/build/h5py/h5py/defs.c:34610: error: expected ‘)’ before ‘__pyx_v_type_id’

/space/sc15770/myprojects/tensorflow/build/h5py/h5py/defs.c:34722: error: expected ‘=’, ‘,’, ‘;’, ‘asm’ or ‘__attribute__’ before ‘__pyx_f_4h5py_4defs_H5Tget_member_type’

/space/sc15770/myprojects/tensorflow/build/h5py/h5py/defs.c:34834: error: expected ‘)’ before ‘__pyx_v_type_id’

/space/sc15770/myprojects/tensorflow/build/h5py/h5py/defs.c:34945: error: expected ‘)’ before ‘__pyx_v_type_id’

/space/sc15770/myprojects/tensorflow/build/h5py/h5py/defs.c:35056: error: expected ‘=’, ‘,’, ‘;’, ‘asm’ or ‘__attribute__’ before ‘__pyx_f_4h5py_4defs_H5Tinsert’

/space/sc15770/myprojects/tensorflow/build/h5py/h5py/defs.c:35168: error: expected ‘=’, ‘,’, ‘;’, ‘asm’ or ‘__attribute__’ before ‘__pyx_f_4h5py_4defs_H5Tpack’

/space/sc15770/myprojects/tensorflow/build/h5py/h5py/defs.c:35280: error: expected ‘=’, ‘,’, ‘;’, ‘asm’ or ‘__attribute__’ before ‘__pyx_f_4h5py_4defs_H5Tenum_create’

/space/sc15770/myprojects/tensorflow/build/h5py/h5py/defs.c:35392: error: expected ‘=’, ‘,’, ‘;’, ‘asm’ or ‘__attribute__’ before ‘__pyx_f_4h5py_4defs_H5Tenum_insert’

/space/sc15770/myprojects/tensorflow/build/h5py/h5py/defs.c:35504: error: expected ‘=’, ‘,’, ‘;’, ‘asm’ or ‘__attribute__’ before ‘__pyx_f_4h5py_4defs_H5Tenum_nameof’

/space/sc15770/myprojects/tensorflow/build/h5py/h5py/defs.c:35616: error: expected ‘=’, ‘,’, ‘;’, ‘asm’ or ‘__attribute__’ before ‘__pyx_f_4h5py_4defs_H5Tenum_valueof’

/space/sc15770/myprojects/tensorflow/build/h5py/h5py/defs.c:35728: error: expected ‘=’, ‘,’, ‘;’, ‘asm’ or ‘__attribute__’ before ‘__pyx_f_4h5py_4defs_H5Tget_member_value’

/space/sc15770/myprojects/tensorflow/build/h5py/h5py/defs.c:35840: error: expected ‘=’, ‘,’, ‘;’, ‘asm’ or ‘__attribute__’ before ‘__pyx_f_4h5py_4defs_H5Tarray_create’

/space/sc15770/myprojects/tensorflow/build/h5py/h5py/defs.c:35952: error: expected ‘)’ before ‘__pyx_v_type_id’

/space/sc15770/myprojects/tensorflow/build/h5py/h5py/defs.c:36063: error: expected ‘)’ before ‘__pyx_v_type_id’

/space/sc15770/myprojects/tensorflow/build/h5py/h5py/defs.c:36174: error: expected ‘=’, ‘,’, ‘;’, ‘asm’ or ‘__attribute__’ before ‘__pyx_f_4h5py_4defs_H5Tset_tag’

/space/sc15770/myprojects/tensorflow/build/h5py/h5py/defs.c:36286: error: expected ‘)’ before ‘__pyx_v_type_id’

/space/sc15770/myprojects/tensorflow/build/h5py/h5py/defs.c:36398: error: expected ‘=’, ‘,’, ‘;’, ‘asm’ or ‘__attribute__’ before ‘__pyx_f_4h5py_4defs_H5Zfilter_avail’

/space/sc15770/myprojects/tensorflow/build/h5py/h5py/defs.c:36510: error: expected ‘=’, ‘,’, ‘;’, ‘asm’ or ‘__attribute__’ before ‘__pyx_f_4h5py_4defs_H5Zget_filter_info’

/space/sc15770/myprojects/tensorflow/build/h5py/h5py/defs.c:36622: error: expected ‘=’, ‘,’, ‘;’, ‘asm’ or ‘__attribute__’ before ‘__pyx_f_4h5py_4defs_H5DSattach_scale’

/space/sc15770/myprojects/tensorflow/build/h5py/h5py/defs.c:36751: error: expected ‘=’, ‘,’, ‘;’, ‘asm’ or ‘__attribute__’ before ‘__pyx_f_4h5py_4defs_H5DSdetach_scale’

/space/sc15770/myprojects/tensorflow/build/h5py/h5py/defs.c:36880: error: expected ‘=’, ‘,’, ‘;’, ‘asm’ or ‘__attribute__’ before ‘__pyx_f_4h5py_4defs_H5DSis_attached’

/space/sc15770/myprojects/tensorflow/build/h5py/h5py/defs.c:37009: error: expected ‘=’, ‘,’, ‘;’, ‘asm’ or ‘__attribute__’ before ‘__pyx_f_4h5py_4defs_H5DSset_scale’

/space/sc15770/myprojects/tensorflow/build/h5py/h5py/defs.c:37138: error: expected ‘)’ before ‘__pyx_v_did’

/space/sc15770/myprojects/tensorflow/build/h5py/h5py/defs.c:37266: error: expected ‘=’, ‘,’, ‘;’, ‘asm’ or ‘__attribute__’ before ‘__pyx_f_4h5py_4defs_H5DSset_label’

/space/sc15770/myprojects/tensorflow/build/h5py/h5py/defs.c:37395: error: expected ‘)’ before ‘__pyx_v_did’

/space/sc15770/myprojects/tensorflow/build/h5py/h5py/defs.c:37524: error: expected ‘)’ before ‘__pyx_v_did’

/space/sc15770/myprojects/tensorflow/build/h5py/h5py/defs.c:37653: error: expected ‘=’, ‘,’, ‘;’, ‘asm’ or ‘__attribute__’ before ‘__pyx_f_4h5py_4defs_H5DSis_scale’

/space/sc15770/myprojects/tensorflow/build/h5py/h5py/defs.c:37782: error: expected ‘=’, ‘,’, ‘;’, ‘asm’ or ‘__attribute__’ before ‘__pyx_f_4h5py_4defs_H5DSiterate_scales’

/space/sc15770/myprojects/tensorflow/build/h5py/h5py/defs.c: In function ‘initdefs’:

/space/sc15770/myprojects/tensorflow/build/h5py/h5py/defs.c:38158: error: ‘__pyx_f_4h5py_4defs_H5open’ undeclared (first use in this function)

/space/sc15770/myprojects/tensorflow/build/h5py/h5py/defs.c:38158: error: (Each undeclared identifier is reported only once

/space/sc15770/myprojects/tensorflow/build/h5py/h5py/defs.c:38158: error: for each function it appears in.)

/space/sc15770/myprojects/tensorflow/build/h5py/h5py/defs.c:38159: error: ‘__pyx_f_4h5py_4defs_H5close’ undeclared (first use in this function)

/space/sc15770/myprojects/tensorflow/build/h5py/h5py/defs.c:38160: error: ‘__pyx_f_4h5py_4defs_H5get_libversion’ undeclared (first use in this function)

/space/sc15770/myprojects/tensorflow/build/h5py/h5py/defs.c:38161: error: ‘__pyx_f_4h5py_4defs_H5Acreate’ undeclared (first use in this function)

/space/sc15770/myprojects/tensorflow/build/h5py/h5py/defs.c:38162: error: ‘__pyx_f_4h5py_4defs_H5Aopen_idx’ undeclared (first use in this function)

/space/sc15770/myprojects/tensorflow/build/h5py/h5py/defs.c:38163: error: ‘__pyx_f_4h5py_4defs_H5Aopen_name’ undeclared (first use in this function)

/space/sc15770/myprojects/tensorflow/build/h5py/h5py/defs.c:38164: error: ‘__pyx_f_4h5py_4defs_H5Aclose’ undeclared (first use in this function)

/space/sc15770/myprojects/tensorflow/build/h5py/h5py/defs.c:38165: error: ‘__pyx_f_4h5py_4defs_H5Adelete’ undeclared (first use in this function)

/space/sc15770/myprojects/tensorflow/build/h5py/h5py/defs.c:38166: error: ‘__pyx_f_4h5py_4defs_H5Aread’ undeclared (first use in this function)

/space/sc15770/myprojects/tensorflow/build/h5py/h5py/defs.c:38167: error: ‘__pyx_f_4h5py_4defs_H5Awrite’ undeclared (first use in this function)

/space/sc15770/myprojects/tensorflow/build/h5py/h5py/defs.c:38168: error: ‘__pyx_f_4h5py_4defs_H5Aget_num_attrs’ undeclared (first use in this function)

/space/sc15770/myprojects/tensorflow/build/h5py/h5py/defs.c:38169: error: ‘__pyx_f_4h5py_4defs_H5Aget_name’ undeclared (first use in this function)

/space/sc15770/myprojects/tensorflow/build/h5py/h5py/defs.c:38170: error: ‘__pyx_f_4h5py_4defs_H5Aget_space’ undeclared (first use in this function)

/space/sc15770/myprojects/tensorflow/build/h5py/h5py/defs.c:38171: error: ‘__pyx_f_4h5py_4defs_H5Aget_type’ undeclared (first use in this function)

/space/sc15770/myprojects/tensorflow/build/h5py/h5py/defs.c:38172: error: ‘__pyx_f_4h5py_4defs_H5Aiterate’ undeclared (first use in this function)

/space/sc15770/myprojects/tensorflow/build/h5py/h5py/defs.c:38173: error: ‘__pyx_f_4h5py_4defs_H5Adelete_by_name’ undeclared (first use in this function)

/space/sc15770/myprojects/tensorflow/build/h5py/h5py/defs.c:38174: error: ‘__pyx_f_4h5py_4defs_H5Adelete_by_idx’ undeclared (first use in this function)

/space/sc15770/myprojects/tensorflow/build/h5py/h5py/defs.c:38175: error: ‘__pyx_f_4h5py_4defs_H5Acreate_by_name’ undeclared (first use in this function)

/space/sc15770/myprojects/tensorflow/build/h5py/h5py/defs.c:38176: error: ‘__pyx_f_4h5py_4defs_H5Aopen’ undeclared (first use in this function)

/space/sc15770/myprojects/tensorflow/build/h5py/h5py/defs.c:38177: error: ‘__pyx_f_4h5py_4defs_H5Aopen_by_name’ undeclared (first use in this function)

/space/sc15770/myprojects/tensorflow/build/h5py/h5py/defs.c:38178: error: ‘__pyx_f_4h5py_4defs_H5Aopen_by_idx’ undeclared (first use in this function)

/space/sc15770/myprojects/tensorflow/build/h5py/h5py/defs.c:38179: error: ‘__pyx_f_4h5py_4defs_H5Aexists_by_name’ undeclared (first use in this function)

/space/sc15770/myprojects/tensorflow/build/h5py/h5py/defs.c:38180: error: ‘__pyx_f_4h5py_4defs_H5Aexists’ undeclared (first use in this function)

/space/sc15770/myprojects/tensorflow/build/h5py/h5py/defs.c:38181: error: ‘__pyx_f_4h5py_4defs_H5Arename’ undeclared (first use in this function)

/space/sc15770/myprojects/tensorflow/build/h5py/h5py/defs.c:38182: error: ‘__pyx_f_4h5py_4defs_H5Arename_by_name’ undeclared (first use in this function)

/space/sc15770/myprojects/tensorflow/build/h5py/h5py/defs.c:38183: error: ‘__pyx_f_4h5py_4defs_H5Aget_info’ undeclared (first use in this function)

/space/sc15770/myprojects/tensorflow/build/h5py/h5py/defs.c:38184: error: ‘__pyx_f_4h5py_4defs_H5Aget_info_by_name’ undeclared (first use in this function)

/space/sc15770/myprojects/tensorflow/build/h5py/h5py/defs.c:38185: error: ‘__pyx_f_4h5py_4defs_H5Aget_info_by_idx’ undeclared (first use in this function)

/space/sc15770/myprojects/tensorflow/build/h5py/h5py/defs.c:38186: error: ‘__pyx_f_4h5py_4defs_H5Aiterate2’ undeclared (first use in this function)

/space/sc15770/myprojects/tensorflow/build/h5py/h5py/defs.c:38187: error: ‘__pyx_f_4h5py_4defs_H5Aget_storage_size’ undeclared (first use in this function)

/space/sc15770/myprojects/tensorflow/build/h5py/h5py/defs.c:38188: error: ‘__pyx_f_4h5py_4defs_H5Dcreate2’ undeclared (first use in this function)

/space/sc15770/myprojects/tensorflow/build/h5py/h5py/defs.c:38189: error: ‘__pyx_f_4h5py_4defs_H5Dcreate_anon’ undeclared (first use in this function)

/space/sc15770/myprojects/tensorflow/build/h5py/h5py/defs.c:38190: error: ‘__pyx_f_4h5py_4defs_H5Dopen’ undeclared (first use in this function)

/space/sc15770/myprojects/tensorflow/build/h5py/h5py/defs.c:38191: error: ‘__pyx_f_4h5py_4defs_H5Dopen2’ undeclared (first use in this function)

/space/sc15770/myprojects/tensorflow/build/h5py/h5py/defs.c:38192: error: ‘__pyx_f_4h5py_4defs_H5Dclose’ undeclared (first use in this function)

/space/sc15770/myprojects/tensorflow/build/h5py/h5py/defs.c:38193: error: ‘__pyx_f_4h5py_4defs_H5Dget_space’ undeclared (first use in this function)

/space/sc15770/myprojects/tensorflow/build/h5py/h5py/defs.c:38194: error: ‘__pyx_f_4h5py_4defs_H5Dget_space_status’ undeclared (first use in this function)

/space/sc15770/myprojects/tensorflow/build/h5py/h5py/defs.c:38195: error: ‘__pyx_f_4h5py_4defs_H5Dget_type’ undeclared (first use in this function)

/space/sc15770/myprojects/tensorflow/build/h5py/h5py/defs.c:38196: error: ‘__pyx_f_4h5py_4defs_H5Dget_create_plist’ undeclared (first use in this function)

/space/sc15770/myprojects/tensorflow/build/h5py/h5py/defs.c:38197: error: ‘__pyx_f_4h5py_4defs_H5Dget_access_plist’ undeclared (first use in this function)

/space/sc15770/myprojects/tensorflow/build/h5py/h5py/defs.c:38198: error: ‘__pyx_f_4h5py_4defs_H5Dget_offset’ undeclared (first use in this function)

/space/sc15770/myprojects/tensorflow/build/h5py/h5py/defs.c:38199: error: ‘__pyx_f_4h5py_4defs_H5Dget_storage_size’ undeclared (first use in this function)

/space/sc15770/myprojects/tensorflow/build/h5py/h5py/defs.c:38200: error: ‘__pyx_f_4h5py_4defs_H5Dread’ undeclared (first use in this function)

/space/sc15770/myprojects/tensorflow/build/h5py/h5py/defs.c:38201: error: ‘__pyx_f_4h5py_4defs_H5Dwrite’ undeclared (first use in this function)

/space/sc15770/myprojects/tensorflow/build/h5py/h5py/defs.c:38202: error: ‘__pyx_f_4h5py_4defs_H5Dextend’ undeclared (first use in this function)

/space/sc15770/myprojects/tensorflow/build/h5py/h5py/defs.c:38203: error: ‘__pyx_f_4h5py_4defs_H5Dfill’ undeclared (first use in this function)

/space/sc15770/myprojects/tensorflow/build/h5py/h5py/defs.c:38204: error: ‘__pyx_f_4h5py_4defs_H5Dvlen_get_buf_size’ undeclared (first use in this function)

/space/sc15770/myprojects/tensorflow/build/h5py/h5py/defs.c:38205: error: ‘__pyx_f_4h5py_4defs_H5Dvlen_reclaim’ undeclared (first use in this function)

/space/sc15770/myprojects/tensorflow/build/h5py/h5py/defs.c:38206: error: ‘__pyx_f_4h5py_4defs_H5Diterate’ undeclared (first use in this function)

/space/sc15770/myprojects/tensorflow/build/h5py/h5py/defs.c:38207: error: ‘__pyx_f_4h5py_4defs_H5Dset_extent’ undeclared (first use in this function)

/space/sc15770/myprojects/tensorflow/build/h5py/h5py/defs.c:38208: error: ‘__pyx_f_4h5py_4defs_H5Eset_auto’ undeclared (first use in this function)

/space/sc15770/myprojects/tensorflow/build/h5py/h5py/defs.c:38209: error: ‘__pyx_f_4h5py_4defs_H5Fcreate’ undeclared (first use in this function)

/space/sc15770/myprojects/tensorflow/build/h5py/h5py/defs.c:38210: error: ‘__pyx_f_4h5py_4defs_H5Fopen’ undeclared (first use in this function)

/space/sc15770/myprojects/tensorflow/build/h5py/h5py/defs.c:38211: error: ‘__pyx_f_4h5py_4defs_H5Fclose’ undeclared (first use in this function)

/space/sc15770/myprojects/tensorflow/build/h5py/h5py/defs.c:38212: error: ‘__pyx_f_4h5py_4defs_H5Fis_hdf5’ undeclared (first use in this function)

/space/sc15770/myprojects/tensorflow/build/h5py/h5py/defs.c:38213: error: ‘__pyx_f_4h5py_4defs_H5Fflush’ undeclared (first use in this function)

/space/sc15770/myprojects/tensorflow/build/h5py/h5py/defs.c:38214: error: ‘__pyx_f_4h5py_4defs_H5Freopen’ undeclared (first use in this function)

/space/sc15770/myprojects/tensorflow/build/h5py/h5py/defs.c:38215: error: ‘__pyx_f_4h5py_4defs_H5Fmount’ undeclared (first use in this function)

/space/sc15770/myprojects/tensorflow/build/h5py/h5py/defs.c:38216: error: ‘__pyx_f_4h5py_4defs_H5Funmount’ undeclared (first use in this function)

/space/sc15770/myprojects/tensorflow/build/h5py/h5py/defs.c:38217: error: ‘__pyx_f_4h5py_4defs_H5Fget_filesize’ undeclared (first use in this function)

/space/sc15770/myprojects/tensorflow/build/h5py/h5py/defs.c:38218: error: ‘__pyx_f_4h5py_4defs_H5Fget_create_plist’ undeclared (first use in this function)

/space/sc15770/myprojects/tensorflow/build/h5py/h5py/defs.c:38219: error: ‘__pyx_f_4h5py_4defs_H5Fget_access_plist’ undeclared (first use in this function)

/space/sc15770/myprojects/tensorflow/build/h5py/h5py/defs.c:38220: error: ‘__pyx_f_4h5py_4defs_H5Fget_freespace’ undeclared (first use in this function)

/space/sc15770/myprojects/tensorflow/build/h5py/h5py/defs.c:38221: error: ‘__pyx_f_4h5py_4defs_H5Fget_name’ undeclared (first use in this function)

/space/sc15770/myprojects/tensorflow/build/h5py/h5py/defs.c:38222: error: ‘__pyx_f_4h5py_4defs_H5Fget_obj_count’ undeclared (first use in this function)

/space/sc15770/myprojects/tensorflow/build/h5py/h5py/defs.c:38223: error: ‘__pyx_f_4h5py_4defs_H5Fget_obj_ids’ undeclared (first use in this function)

/space/sc15770/myprojects/tensorflow/build/h5py/h5py/defs.c:38224: error: ‘__pyx_f_4h5py_4defs_H5Fget_vfd_handle’ undeclared (first use in this function)

/space/sc15770/myprojects/tensorflow/build/h5py/h5py/defs.c:38225: error: ‘__pyx_f_4h5py_4defs_H5Fget_intent’ undeclared (first use in this function)

/space/sc15770/myprojects/tensorflow/build/h5py/h5py/defs.c:38226: error: ‘__pyx_f_4h5py_4defs_H5Fget_mdc_config’ undeclared (first use in this function)

/space/sc15770/myprojects/tensorflow/build/h5py/h5py/defs.c:38227: error: ‘__pyx_f_4h5py_4defs_H5Fget_mdc_hit_rate’ undeclared (first use in this function)

/space/sc15770/myprojects/tensorflow/build/h5py/h5py/defs.c:38228: error: ‘__pyx_f_4h5py_4defs_H5Fget_mdc_size’ undeclared (first use in this function)

/space/sc15770/myprojects/tensorflow/build/h5py/h5py/defs.c:38229: error: ‘__pyx_f_4h5py_4defs_H5Freset_mdc_hit_rate_stats’ undeclared (first use in this function)

/space/sc15770/myprojects/tensorflow/build/h5py/h5py/defs.c:38230: error: ‘__pyx_f_4h5py_4defs_H5Fset_mdc_config’ undeclared (first use in this function)

/space/sc15770/myprojects/tensorflow/build/h5py/h5py/defs.c:38231: error: ‘__pyx_f_4h5py_4defs_H5Gcreate’ undeclared (first use in this function)

/space/sc15770/myprojects/tensorflow/build/h5py/h5py/defs.c:38232: error: ‘__pyx_f_4h5py_4defs_H5Gopen’ undeclared (first use in this function)

/space/sc15770/myprojects/tensorflow/build/h5py/h5py/defs.c:38233: error: ‘__pyx_f_4h5py_4defs_H5Gclose’ undeclared (first use in this function)

/space/sc15770/myprojects/tensorflow/build/h5py/h5py/defs.c:38234: error: ‘__pyx_f_4h5py_4defs_H5Glink2’ undeclared (first use in this function)

/space/sc15770/myprojects/tensorflow/build/h5py/h5py/defs.c:38235: error: ‘__pyx_f_4h5py_4defs_H5Gunlink’ undeclared (first use in this function)

/space/sc15770/myprojects/tensorflow/build/h5py/h5py/defs.c:38236: error: ‘__pyx_f_4h5py_4defs_H5Gmove2’ undeclared (first use in this function)

/space/sc15770/myprojects/tensorflow/build/h5py/h5py/defs.c:38237: error: ‘__pyx_f_4h5py_4defs_H5Gget_num_objs’ undeclared (first use in this function)

/space/sc15770/myprojects/tensorflow/build/h5py/h5py/defs.c:38238: error: ‘__pyx_f_4h5py_4defs_H5Gget_objname_by_idx’ undeclared (first use in this function)

/space/sc15770/myprojects/tensorflow/build/h5py/h5py/defs.c:38239: error: ‘__pyx_f_4h5py_4defs_H5Gget_objtype_by_idx’ undeclared (first use in this function)

/space/sc15770/myprojects/tensorflow/build/h5py/h5py/defs.c:38240: error: ‘__pyx_f_4h5py_4defs_H5Giterate’ undeclared (first use in this function)

/space/sc15770/myprojects/tensorflow/build/h5py/h5py/defs.c:38241: error: ‘__pyx_f_4h5py_4defs_H5Gget_objinfo’ undeclared (first use in this function)

/space/sc15770/myprojects/tensorflow/build/h5py/h5py/defs.c:38242: error: ‘__pyx_f_4h5py_4defs_H5Gget_linkval’ undeclared (first use in this function)

/space/sc15770/myprojects/tensorflow/build/h5py/h5py/defs.c:38243: error: ‘__pyx_f_4h5py_4defs_H5Gset_comment’ undeclared (first use in this function)

/space/sc15770/myprojects/tensorflow/build/h5py/h5py/defs.c:38244: error: ‘__pyx_f_4h5py_4defs_H5Gget_comment’ undeclared (first use in this function)

/space/sc15770/myprojects/tensorflow/build/h5py/h5py/defs.c:38245: error: ‘__pyx_f_4h5py_4defs_H5Gcreate_anon’ undeclared (first use in this function)

/space/sc15770/myprojects/tensorflow/build/h5py/h5py/defs.c:38246: error: ‘__pyx_f_4h5py_4defs_H5Gcreate2’ undeclared (first use in this function)

/space/sc15770/myprojects/tensorflow/build/h5py/h5py/defs.c:38247: error: ‘__pyx_f_4h5py_4defs_H5Gopen2’ undeclared (first use in this function)

/space/sc15770/myprojects/tensorflow/build/h5py/h5py/defs.c:38248: error: ‘__pyx_f_4h5py_4defs_H5Gget_info’ undeclared (first use in this function)

/space/sc15770/myprojects/tensorflow/build/h5py/h5py/defs.c:38249: error: ‘__pyx_f_4h5py_4defs_H5Gget_info_by_name’ undeclared (first use in this function)

/space/sc15770/myprojects/tensorflow/build/h5py/h5py/defs.c:38250: error: ‘__pyx_f_4h5py_4defs_H5Gget_create_plist’ undeclared (first use in this function)

/space/sc15770/myprojects/tensorflow/build/h5py/h5py/defs.c:38251: error: ‘__pyx_f_4h5py_4defs_H5Iget_type’ undeclared (first use in this function)

/space/sc15770/myprojects/tensorflow/build/h5py/h5py/defs.c:38252: error: ‘__pyx_f_4h5py_4defs_H5Iget_name’ undeclared (first use in this function)

/space/sc15770/myprojects/tensorflow/build/h5py/h5py/defs.c:38253: error: ‘__pyx_f_4h5py_4defs_H5Iget_file_id’ undeclared (first use in this function)

/space/sc15770/myprojects/tensorflow/build/h5py/h5py/defs.c:38254: error: ‘__pyx_f_4h5py_4defs_H5Idec_ref’ undeclared (first use in this function)

/space/sc15770/myprojects/tensorflow/build/h5py/h5py/defs.c:38255: error: ‘__pyx_f_4h5py_4defs_H5Iget_ref’ undeclared (first use in this function)

/space/sc15770/myprojects/tensorflow/build/h5py/h5py/defs.c:38256: error: ‘__pyx_f_4h5py_4defs_H5Iinc_ref’ undeclared (first use in this function)

/space/sc15770/myprojects/tensorflow/build/h5py/h5py/defs.c:38257: error: ‘__pyx_f_4h5py_4defs_H5Iis_valid’ undeclared (first use in this function)

/space/sc15770/myprojects/tensorflow/build/h5py/h5py/defs.c:38258: error: ‘__pyx_f_4h5py_4defs_H5Lmove’ undeclared (first use in this function)

/space/sc15770/myprojects/tensorflow/build/h5py/h5py/defs.c:38259: error: ‘__pyx_f_4h5py_4defs_H5Lcopy’ undeclared (first use in this function)

/space/sc15770/myprojects/tensorflow/build/h5py/h5py/defs.c:38260: error: ‘__pyx_f_4h5py_4defs_H5Lcreate_hard’ undeclared (first use in this function)

/space/sc15770/myprojects/tensorflow/build/h5py/h5py/defs.c:38261: error: ‘__pyx_f_4h5py_4defs_H5Lcreate_soft’ undeclared (first use in this function)

/space/sc15770/myprojects/tensorflow/build/h5py/h5py/defs.c:38262: error: ‘__pyx_f_4h5py_4defs_H5Ldelete’ undeclared (first use in this function)

/space/sc15770/myprojects/tensorflow/build/h5py/h5py/defs.c:38263: error: ‘__pyx_f_4h5py_4defs_H5Ldelete_by_idx’ undeclared (first use in this function)

/space/sc15770/myprojects/tensorflow/build/h5py/h5py/defs.c:38264: error: ‘__pyx_f_4h5py_4defs_H5Lget_val’ undeclared (first use in this function)

/space/sc15770/myprojects/tensorflow/build/h5py/h5py/defs.c:38265: error: ‘__pyx_f_4h5py_4defs_H5Lget_val_by_idx’ undeclared (first use in this function)

/space/sc15770/myprojects/tensorflow/build/h5py/h5py/defs.c:38266: error: ‘__pyx_f_4h5py_4defs_H5Lexists’ undeclared (first use in this function)

/space/sc15770/myprojects/tensorflow/build/h5py/h5py/defs.c:38267: error: ‘__pyx_f_4h5py_4defs_H5Lget_info’ undeclared (first use in this function)

/space/sc15770/myprojects/tensorflow/build/h5py/h5py/defs.c:38268: error: ‘__pyx_f_4h5py_4defs_H5Lget_info_by_idx’ undeclared (first use in this function)

/space/sc15770/myprojects/tensorflow/build/h5py/h5py/defs.c:38269: error: ‘__pyx_f_4h5py_4defs_H5Lget_name_by_idx’ undeclared (first use in this function)

/space/sc15770/myprojects/tensorflow/build/h5py/h5py/defs.c:38270: error: ‘__pyx_f_4h5py_4defs_H5Literate’ undeclared (first use in this function)

/space/sc15770/myprojects/tensorflow/build/h5py/h5py/defs.c:38271: error: ‘__pyx_f_4h5py_4defs_H5Literate_by_name’ undeclared (first use in this function)

/space/sc15770/myprojects/tensorflow/build/h5py/h5py/defs.c:38272: error: ‘__pyx_f_4h5py_4defs_H5Lvisit’ undeclared (first use in this function)

/space/sc15770/myprojects/tensorflow/build/h5py/h5py/defs.c:38273: error: ‘__pyx_f_4h5py_4defs_H5Lvisit_by_name’ undeclared (first use in this function)

/space/sc15770/myprojects/tensorflow/build/h5py/h5py/defs.c:38274: error: ‘__pyx_f_4h5py_4defs_H5Lunpack_elink_val’ undeclared (first use in this function)

/space/sc15770/myprojects/tensorflow/build/h5py/h5py/defs.c:38275: error: ‘__pyx_f_4h5py_4defs_H5Lcreate_external’ undeclared (first use in this function)

/space/sc15770/myprojects/tensorflow/build/h5py/h5py/defs.c:38276: error: ‘__pyx_f_4h5py_4defs_H5Oopen’ undeclared (first use in this function)

/space/sc15770/myprojects/tensorflow/build/h5py/h5py/defs.c:38277: error: ‘__pyx_f_4h5py_4defs_H5Oopen_by_addr’ undeclared (first use in this function)

/space/sc15770/myprojects/tensorflow/build/h5py/h5py/defs.c:38278: error: ‘__pyx_f_4h5py_4defs_H5Oopen_by_idx’ undeclared (first use in this function)

/space/sc15770/myprojects/tensorflow/build/h5py/h5py/defs.c:38279: error: ‘__pyx_f_4h5py_4defs_H5Oget_info’ undeclared (first use in this function)

/space/sc15770/myprojects/tensorflow/build/h5py/h5py/defs.c:38280: error: ‘__pyx_f_4h5py_4defs_H5Oget_info_by_name’ undeclared (first use in this function)

/space/sc15770/myprojects/tensorflow/build/h5py/h5py/defs.c:38281: error: ‘__pyx_f_4h5py_4defs_H5Oget_info_by_idx’ undeclared (first use in this function)

/space/sc15770/myprojects/tensorflow/build/h5py/h5py/defs.c:38282: error: ‘__pyx_f_4h5py_4defs_H5Olink’ undeclared (first use in this function)

/space/sc15770/myprojects/tensorflow/build/h5py/h5py/defs.c:38283: error: ‘__pyx_f_4h5py_4defs_H5Ocopy’ undeclared (first use in this function)

/space/sc15770/myprojects/tensorflow/build/h5py/h5py/defs.c:38284: error: ‘__pyx_f_4h5py_4defs_H5Oincr_refcount’ undeclared (first use in this function)

/space/sc15770/myprojects/tensorflow/build/h5py/h5py/defs.c:38285: error: ‘__pyx_f_4h5py_4defs_H5Odecr_refcount’ undeclared (first use in this function)

/space/sc15770/myprojects/tensorflow/build/h5py/h5py/defs.c:38286: error: ‘__pyx_f_4h5py_4defs_H5Oset_comment’ undeclared (first use in this function)

/space/sc15770/myprojects/tensorflow/build/h5py/h5py/defs.c:38287: error: ‘__pyx_f_4h5py_4defs_H5Oset_comment_by_name’ undeclared (first use in this function)

/space/sc15770/myprojects/tensorflow/build/h5py/h5py/defs.c:38288: error: ‘__pyx_f_4h5py_4defs_H5Oget_comment’ undeclared (first use in this function)

/space/sc15770/myprojects/tensorflow/build/h5py/h5py/defs.c:38289: error: ‘__pyx_f_4h5py_4defs_H5Oget_comment_by_name’ undeclared (first use in this function)

/space/sc15770/myprojects/tensorflow/build/h5py/h5py/defs.c:38290: error: ‘__pyx_f_4h5py_4defs_H5Ovisit’ undeclared (first use in this function)

/space/sc15770/myprojects/tensorflow/build/h5py/h5py/defs.c:38291: error: ‘__pyx_f_4h5py_4defs_H5Ovisit_by_name’ undeclared (first use in this function)

/space/sc15770/myprojects/tensorflow/build/h5py/h5py/defs.c:38292: error: ‘__pyx_f_4h5py_4defs_H5Oclose’ undeclared (first use in this function)

/space/sc15770/myprojects/tensorflow/build/h5py/h5py/defs.c:38293: error: ‘__pyx_f_4h5py_4defs_H5Pcreate’ undeclared (first use in this function)

/space/sc15770/myprojects/tensorflow/build/h5py/h5py/defs.c:38294: error: ‘__pyx_f_4h5py_4defs_H5Pcopy’ undeclared (first use in this function)

/space/sc15770/myprojects/tensorflow/build/h5py/h5py/defs.c:38295: error: ‘__pyx_f_4h5py_4defs_H5Pget_class’ undeclared (first use in this function)

/space/sc15770/myprojects/tensorflow/build/h5py/h5py/defs.c:38296: error: ‘__pyx_f_4h5py_4defs_H5Pclose’ undeclared (first use in this function)

/space/sc15770/myprojects/tensorflow/build/h5py/h5py/defs.c:38297: error: ‘__pyx_f_4h5py_4defs_H5Pequal’ undeclared (first use in this function)

/space/sc15770/myprojects/tensorflow/build/h5py/h5py/defs.c:38298: error: ‘__pyx_f_4h5py_4defs_H5Pclose_class’ undeclared (first use in this function)

/space/sc15770/myprojects/tensorflow/build/h5py/h5py/defs.c:38299: error: ‘__pyx_f_4h5py_4defs_H5Pget_version’ undeclared (first use in this function)

/space/sc15770/myprojects/tensorflow/build/h5py/h5py/defs.c:38300: error: ‘__pyx_f_4h5py_4defs_H5Pset_userblock’ undeclared (first use in this function)

/space/sc15770/myprojects/tensorflow/build/h5py/h5py/defs.c:38301: error: ‘__pyx_f_4h5py_4defs_H5Pget_userblock’ undeclared (first use in this function)

/space/sc15770/myprojects/tensorflow/build/h5py/h5py/defs.c:38302: error: ‘__pyx_f_4h5py_4defs_H5Pset_sizes’ undeclared (first use in this function)

/space/sc15770/myprojects/tensorflow/build/h5py/h5py/defs.c:38303: error: ‘__pyx_f_4h5py_4defs_H5Pget_sizes’ undeclared (first use in this function)

/space/sc15770/myprojects/tensorflow/build/h5py/h5py/defs.c:38304: error: ‘__pyx_f_4h5py_4defs_H5Pset_sym_k’ undeclared (first use in this function)

/space/sc15770/myprojects/tensorflow/build/h5py/h5py/defs.c:38305: error: ‘__pyx_f_4h5py_4defs_H5Pget_sym_k’ undeclared (first use in this function)

/space/sc15770/myprojects/tensorflow/build/h5py/h5py/defs.c:38306: error: ‘__pyx_f_4h5py_4defs_H5Pset_istore_k’ undeclared (first use in this function)

/space/sc15770/myprojects/tensorflow/build/h5py/h5py/defs.c:38307: error: ‘__pyx_f_4h5py_4defs_H5Pget_istore_k’ undeclared (first use in this function)

/space/sc15770/myprojects/tensorflow/build/h5py/h5py/defs.c:38308: error: ‘__pyx_f_4h5py_4defs_H5Pset_fclose_degree’ undeclared (first use in this function)

/space/sc15770/myprojects/tensorflow/build/h5py/h5py/defs.c:38309: error: ‘__pyx_f_4h5py_4defs_H5Pget_fclose_degree’ undeclared (first use in this function)

/space/sc15770/myprojects/tensorflow/build/h5py/h5py/defs.c:38310: error: ‘__pyx_f_4h5py_4defs_H5Pset_fapl_core’ undeclared (first use in this function)

/space/sc15770/myprojects/tensorflow/build/h5py/h5py/defs.c:38311: error: ‘__pyx_f_4h5py_4defs_H5Pget_fapl_core’ undeclared (first use in this function)

/space/sc15770/myprojects/tensorflow/build/h5py/h5py/defs.c:38312: error: ‘__pyx_f_4h5py_4defs_H5Pset_fapl_family’ undeclared (first use in this function)

/space/sc15770/myprojects/tensorflow/build/h5py/h5py/defs.c:38313: error: ‘__pyx_f_4h5py_4defs_H5Pget_fapl_family’ undeclared (first use in this function)

/space/sc15770/myprojects/tensorflow/build/h5py/h5py/defs.c:38314: error: ‘__pyx_f_4h5py_4defs_H5Pset_family_offset’ undeclared (first use in this function)

/space/sc15770/myprojects/tensorflow/build/h5py/h5py/defs.c:38315: error: ‘__pyx_f_4h5py_4defs_H5Pget_family_offset’ undeclared (first use in this function)

/space/sc15770/myprojects/tensorflow/build/h5py/h5py/defs.c:38316: error: ‘__pyx_f_4h5py_4defs_H5Pset_fapl_log’ undeclared (first use in this function)

/space/sc15770/myprojects/tensorflow/build/h5py/h5py/defs.c:38317: error: ‘__pyx_f_4h5py_4defs_H5Pset_fapl_multi’ undeclared (first use in this function)

/space/sc15770/myprojects/tensorflow/build/h5py/h5py/defs.c:38318: error: ‘__pyx_f_4h5py_4defs_H5Pset_cache’ undeclared (first use in this function)

/space/sc15770/myprojects/tensorflow/build/h5py/h5py/defs.c:38319: error: ‘__pyx_f_4h5py_4defs_H5Pget_cache’ undeclared (first use in this function)

/space/sc15770/myprojects/tensorflow/build/h5py/h5py/defs.c:38320: error: ‘__pyx_f_4h5py_4defs_H5Pset_fapl_sec2’ undeclared (first use in this function)

/space/sc15770/myprojects/tensorflow/build/h5py/h5py/defs.c:38321: error: ‘__pyx_f_4h5py_4defs_H5Pset_fapl_stdio’ undeclared (first use in this function)

/space/sc15770/myprojects/tensorflow/build/h5py/h5py/defs.c:38322: error: ‘__pyx_f_4h5py_4defs_H5Pget_driver’ undeclared (first use in this function)

/space/sc15770/myprojects/tensorflow/build/h5py/h5py/defs.c:38323: error: ‘__pyx_f_4h5py_4defs_H5Pget_mdc_config’ undeclared (first use in this function)

/space/sc15770/myprojects/tensorflow/build/h5py/h5py/defs.c:38324: error: ‘__pyx_f_4h5py_4defs_H5Pset_mdc_config’ undeclared (first use in this function)

/space/sc15770/myprojects/tensorflow/build/h5py/h5py/defs.c:38325: error: ‘__pyx_f_4h5py_4defs_H5Pset_layout’ undeclared (first use in this function)

/space/sc15770/myprojects/tensorflow/build/h5py/h5py/defs.c:38326: error: ‘__pyx_f_4h5py_4defs_H5Pget_layout’ undeclared (first use in this function)

/space/sc15770/myprojects/tensorflow/build/h5py/h5py/defs.c:38327: error: ‘__pyx_f_4h5py_4defs_H5Pset_chunk’ undeclared (first use in this function)

/space/sc15770/myprojects/tensorflow/build/h5py/h5py/defs.c:38328: error: ‘__pyx_f_4h5py_4defs_H5Pget_chunk’ undeclared (first use in this function)

/space/sc15770/myprojects/tensorflow/build/h5py/h5py/defs.c:38329: error: ‘__pyx_f_4h5py_4defs_H5Pset_deflate’ undeclared (first use in this function)

/space/sc15770/myprojects/tensorflow/build/h5py/h5py/defs.c:38330: error: ‘__pyx_f_4h5py_4defs_H5Pset_fill_value’ undeclared (first use in this function)

/space/sc15770/myprojects/tensorflow/build/h5py/h5py/defs.c:38331: error: ‘__pyx_f_4h5py_4defs_H5Pget_fill_value’ undeclared (first use in this function)

/space/sc15770/myprojects/tensorflow/build/h5py/h5py/defs.c:38332: error: ‘__pyx_f_4h5py_4defs_H5Pfill_value_defined’ undeclared (first use in this function)

/space/sc15770/myprojects/tensorflow/build/h5py/h5py/defs.c:38333: error: ‘__pyx_f_4h5py_4defs_H5Pset_fill_time’ undeclared (first use in this function)

/space/sc15770/myprojects/tensorflow/build/h5py/h5py/defs.c:38334: error: ‘__pyx_f_4h5py_4defs_H5Pget_fill_time’ undeclared (first use in this function)

/space/sc15770/myprojects/tensorflow/build/h5py/h5py/defs.c:38335: error: ‘__pyx_f_4h5py_4defs_H5Pset_alloc_time’ undeclared (first use in this function)

/space/sc15770/myprojects/tensorflow/build/h5py/h5py/defs.c:38336: error: ‘__pyx_f_4h5py_4defs_H5Pget_alloc_time’ undeclared (first use in this function)

/space/sc15770/myprojects/tensorflow/build/h5py/h5py/defs.c:38337: error: ‘__pyx_f_4h5py_4defs_H5Pset_filter’ undeclared (first use in this function)

/space/sc15770/myprojects/tensorflow/build/h5py/h5py/defs.c:38338: error: ‘__pyx_f_4h5py_4defs_H5Pall_filters_avail’ undeclared (first use in this function)

/space/sc15770/myprojects/tensorflow/build/h5py/h5py/defs.c:38339: error: ‘__pyx_f_4h5py_4defs_H5Pget_nfilters’ undeclared (first use in this function)

/space/sc15770/myprojects/tensorflow/build/h5py/h5py/defs.c:38340: error: ‘__pyx_f_4h5py_4defs_H5Pget_filter’ undeclared (first use in this function)

/space/sc15770/myprojects/tensorflow/build/h5py/h5py/defs.c:38341: error: ‘__pyx_f_4h5py_4defs_H5Pget_filter_by_id’ undeclared (first use in this function)

/space/sc15770/myprojects/tensorflow/build/h5py/h5py/defs.c:38342: error: ‘__pyx_f_4h5py_4defs_H5Pmodify_filter’ undeclared (first use in this function)

/space/sc15770/myprojects/tensorflow/build/h5py/h5py/defs.c:38343: error: ‘__pyx_f_4h5py_4defs_H5Premove_filter’ undeclared (first use in this function)

/space/sc15770/myprojects/tensorflow/build/h5py/h5py/defs.c:38344: error: ‘__pyx_f_4h5py_4defs_H5Pset_fletcher32’ undeclared (first use in this function)

/space/sc15770/myprojects/tensorflow/build/h5py/h5py/defs.c:38345: error: ‘__pyx_f_4h5py_4defs_H5Pset_shuffle’ undeclared (first use in this function)

/space/sc15770/myprojects/tensorflow/build/h5py/h5py/defs.c:38346: error: ‘__pyx_f_4h5py_4defs_H5Pset_szip’ undeclared (first use in this function)

/space/sc15770/myprojects/tensorflow/build/h5py/h5py/defs.c:38347: error: ‘__pyx_f_4h5py_4defs_H5Pset_scaleoffset’ undeclared (first use in this function)

/space/sc15770/myprojects/tensorflow/build/h5py/h5py/defs.c:38348: error: ‘__pyx_f_4h5py_4defs_H5Pset_edc_check’ undeclared (first use in this function)

/space/sc15770/myprojects/tensorflow/build/h5py/h5py/defs.c:38349: error: ‘__pyx_f_4h5py_4defs_H5Pget_edc_check’ undeclared (first use in this function)

/space/sc15770/myprojects/tensorflow/build/h5py/h5py/defs.c:38350: error: ‘__pyx_f_4h5py_4defs_H5Pset_chunk_cache’ undeclared (first use in this function)

/space/sc15770/myprojects/tensorflow/build/h5py/h5py/defs.c:38351: error: ‘__pyx_f_4h5py_4defs_H5Pget_chunk_cache’ undeclared (first use in this function)

/space/sc15770/myprojects/tensorflow/build/h5py/h5py/defs.c:38352: error: ‘__pyx_f_4h5py_4defs_H5Pset_sieve_buf_size’ undeclared (first use in this function)

/space/sc15770/myprojects/tensorflow/build/h5py/h5py/defs.c:38353: error: ‘__pyx_f_4h5py_4defs_H5Pget_sieve_buf_size’ undeclared (first use in this function)

/space/sc15770/myprojects/tensorflow/build/h5py/h5py/defs.c:38354: error: ‘__pyx_f_4h5py_4defs_H5Pset_nlinks’ undeclared (first use in this function)

/space/sc15770/myprojects/tensorflow/build/h5py/h5py/defs.c:38355: error: ‘__pyx_f_4h5py_4defs_H5Pget_nlinks’ undeclared (first use in this function)

/space/sc15770/myprojects/tensorflow/build/h5py/h5py/defs.c:38356: error: ‘__pyx_f_4h5py_4defs_H5Pset_elink_prefix’ undeclared (first use in this function)

/space/sc15770/myprojects/tensorflow/build/h5py/h5py/defs.c:38357: error: ‘__pyx_f_4h5py_4defs_H5Pget_elink_prefix’ undeclared (first use in this function)

/space/sc15770/myprojects/tensorflow/build/h5py/h5py/defs.c:38358: error: ‘__pyx_f_4h5py_4defs_H5Pget_elink_fapl’ undeclared (first use in this function)

/space/sc15770/myprojects/tensorflow/build/h5py/h5py/defs.c:38359: error: ‘__pyx_f_4h5py_4defs_H5Pset_elink_fapl’ undeclared (first use in this function)

/space/sc15770/myprojects/tensorflow/build/h5py/h5py/defs.c:38360: error: ‘__pyx_f_4h5py_4defs_H5Pset_create_intermediate_group’ undeclared (first use in this function)

/space/sc15770/myprojects/tensorflow/build/h5py/h5py/defs.c:38361: error: ‘__pyx_f_4h5py_4defs_H5Pget_create_intermediate_group’ undeclared (first use in this function)

/space/sc15770/myprojects/tensorflow/build/h5py/h5py/defs.c:38362: error: ‘__pyx_f_4h5py_4defs_H5Pset_copy_object’ undeclared (first use in this function)

/space/sc15770/myprojects/tensorflow/build/h5py/h5py/defs.c:38363: error: ‘__pyx_f_4h5py_4defs_H5Pget_copy_object’ undeclared (first use in this function)

/space/sc15770/myprojects/tensorflow/build/h5py/h5py/defs.c:38364: error: ‘__pyx_f_4h5py_4defs_H5Pset_char_encoding’ undeclared (first use in this function)

/space/sc15770/myprojects/tensorflow/build/h5py/h5py/defs.c:38365: error: ‘__pyx_f_4h5py_4defs_H5Pget_char_encoding’ undeclared (first use in this function)

/space/sc15770/myprojects/tensorflow/build/h5py/h5py/defs.c:38366: error: ‘__pyx_f_4h5py_4defs_H5Pset_obj_track_times’ undeclared (first use in this function)

/space/sc15770/myprojects/tensorflow/build/h5py/h5py/defs.c:38367: error: ‘__pyx_f_4h5py_4defs_H5Pget_obj_track_times’ undeclared (first use in this function)

/space/sc15770/myprojects/tensorflow/build/h5py/h5py/defs.c:38368: error: ‘__pyx_f_4h5py_4defs_H5Pset_local_heap_size_hint’ undeclared (first use in this function)

/space/sc15770/myprojects/tensorflow/build/h5py/h5py/defs.c:38369: error: ‘__pyx_f_4h5py_4defs_H5Pget_local_heap_size_hint’ undeclared (first use in this function)

/space/sc15770/myprojects/tensorflow/build/h5py/h5py/defs.c:38370: error: ‘__pyx_f_4h5py_4defs_H5Pset_link_phase_change’ undeclared (first use in this function)

/space/sc15770/myprojects/tensorflow/build/h5py/h5py/defs.c:38371: error: ‘__pyx_f_4h5py_4defs_H5Pget_link_phase_change’ undeclared (first use in this function)

/space/sc15770/myprojects/tensorflow/build/h5py/h5py/defs.c:38372: error: ‘__pyx_f_4h5py_4defs_H5Pset_est_link_info’ undeclared (first use in this function)

/space/sc15770/myprojects/tensorflow/build/h5py/h5py/defs.c:38373: error: ‘__pyx_f_4h5py_4defs_H5Pget_est_link_info’ undeclared (first use in this function)

/space/sc15770/myprojects/tensorflow/build/h5py/h5py/defs.c:38374: error: ‘__pyx_f_4h5py_4defs_H5Pset_link_creation_order’ undeclared (first use in this function)

/space/sc15770/myprojects/tensorflow/build/h5py/h5py/defs.c:38375: error: ‘__pyx_f_4h5py_4defs_H5Pget_link_creation_order’ undeclared (first use in this function)

/space/sc15770/myprojects/tensorflow/build/h5py/h5py/defs.c:38376: error: ‘__pyx_f_4h5py_4defs_H5Pset_libver_bounds’ undeclared (first use in this function)

/space/sc15770/myprojects/tensorflow/build/h5py/h5py/defs.c:38377: error: ‘__pyx_f_4h5py_4defs_H5Pget_libver_bounds’ undeclared (first use in this function)

/space/sc15770/myprojects/tensorflow/build/h5py/h5py/defs.c:38378: error: ‘__pyx_f_4h5py_4defs_H5Pset_alignment’ undeclared (first use in this function)

/space/sc15770/myprojects/tensorflow/build/h5py/h5py/defs.c:38379: error: ‘__pyx_f_4h5py_4defs_H5Pget_alignment’ undeclared (first use in this function)

/space/sc15770/myprojects/tensorflow/build/h5py/h5py/defs.c:38380: error: ‘__pyx_f_4h5py_4defs_H5Rcreate’ undeclared (first use in this function)

/space/sc15770/myprojects/tensorflow/build/h5py/h5py/defs.c:38381: error: ‘__pyx_f_4h5py_4defs_H5Rdereference’ undeclared (first use in this function)

/space/sc15770/myprojects/tensorflow/build/h5py/h5py/defs.c:38382: error: ‘__pyx_f_4h5py_4defs_H5Rget_region’ undeclared (first use in this function)

/space/sc15770/myprojects/tensorflow/build/h5py/h5py/defs.c:38383: error: ‘__pyx_f_4h5py_4defs_H5Rget_obj_type’ undeclared (first use in this function)

/space/sc15770/myprojects/tensorflow/build/h5py/h5py/defs.c:38384: error: ‘__pyx_f_4h5py_4defs_H5Rget_name’ undeclared (first use in this function)

/space/sc15770/myprojects/tensorflow/build/h5py/h5py/defs.c:38385: error: ‘__pyx_f_4h5py_4defs_H5Screate’ undeclared (first use in this function)

/space/sc15770/myprojects/tensorflow/build/h5py/h5py/defs.c:38386: error: ‘__pyx_f_4h5py_4defs_H5Scopy’ undeclared (first use in this function)

/space/sc15770/myprojects/tensorflow/build/h5py/h5py/defs.c:38387: error: ‘__pyx_f_4h5py_4defs_H5Sclose’ undeclared (first use in this function)

/space/sc15770/myprojects/tensorflow/build/h5py/h5py/defs.c:38388: error: ‘__pyx_f_4h5py_4defs_H5Screate_simple’ undeclared (first use in this function)

/space/sc15770/myprojects/tensorflow/build/h5py/h5py/defs.c:38389: error: ‘__pyx_f_4h5py_4defs_H5Sis_simple’ undeclared (first use in this function)

/space/sc15770/myprojects/tensorflow/build/h5py/h5py/defs.c:38390: error: ‘__pyx_f_4h5py_4defs_H5Soffset_simple’ undeclared (first use in this function)

/space/sc15770/myprojects/tensorflow/build/h5py/h5py/defs.c:38391: error: ‘__pyx_f_4h5py_4defs_H5Sget_simple_extent_ndims’ undeclared (first use in this function)

/space/sc15770/myprojects/tensorflow/build/h5py/h5py/defs.c:38392: error: ‘__pyx_f_4h5py_4defs_H5Sget_simple_extent_dims’ undeclared (first use in this function)

/space/sc15770/myprojects/tensorflow/build/h5py/h5py/defs.c:38393: error: ‘__pyx_f_4h5py_4defs_H5Sget_simple_extent_npoints’ undeclared (first use in this function)

/space/sc15770/myprojects/tensorflow/build/h5py/h5py/defs.c:38394: error: ‘__pyx_f_4h5py_4defs_H5Sget_simple_extent_type’ undeclared (first use in this function)

/space/sc15770/myprojects/tensorflow/build/h5py/h5py/defs.c:38395: error: ‘__pyx_f_4h5py_4defs_H5Sextent_copy’ undeclared (first use in this function)

/space/sc15770/myprojects/tensorflow/build/h5py/h5py/defs.c:38396: error: ‘__pyx_f_4h5py_4defs_H5Sset_extent_simple’ undeclared (first use in this function)

/space/sc15770/myprojects/tensorflow/build/h5py/h5py/defs.c:38397: error: ‘__pyx_f_4h5py_4defs_H5Sset_extent_none’ undeclared (first use in this function)

/space/sc15770/myprojects/tensorflow/build/h5py/h5py/defs.c:38398: error: ‘__pyx_f_4h5py_4defs_H5Sget_select_type’ undeclared (first use in this function)

/space/sc15770/myprojects/tensorflow/build/h5py/h5py/defs.c:38399: error: ‘__pyx_f_4h5py_4defs_H5Sget_select_npoints’ undeclared (first use in this function)

/space/sc15770/myprojects/tensorflow/build/h5py/h5py/defs.c:38400: error: ‘__pyx_f_4h5py_4defs_H5Sget_select_bounds’ undeclared (first use in this function)

/space/sc15770/myprojects/tensorflow/build/h5py/h5py/defs.c:38401: error: ‘__pyx_f_4h5py_4defs_H5Sselect_all’ undeclared (first use in this function)

/space/sc15770/myprojects/tensorflow/build/h5py/h5py/defs.c:38402: error: ‘__pyx_f_4h5py_4defs_H5Sselect_none’ undeclared (first use in this function)

/space/sc15770/myprojects/tensorflow/build/h5py/h5py/defs.c:38403: error: ‘__pyx_f_4h5py_4defs_H5Sselect_valid’ undeclared (first use in this function)

/space/sc15770/myprojects/tensorflow/build/h5py/h5py/defs.c:38404: error: ‘__pyx_f_4h5py_4defs_H5Sget_select_elem_npoints’ undeclared (first use in this function)

/space/sc15770/myprojects/tensorflow/build/h5py/h5py/defs.c:38405: error: ‘__pyx_f_4h5py_4defs_H5Sget_select_elem_pointlist’ undeclared (first use in this function)

/space/sc15770/myprojects/tensorflow/build/h5py/h5py/defs.c:38406: error: ‘__pyx_f_4h5py_4defs_H5Sselect_elements’ undeclared (first use in this function)

/space/sc15770/myprojects/tensorflow/build/h5py/h5py/defs.c:38407: error: ‘__pyx_f_4h5py_4defs_H5Sget_select_hyper_nblocks’ undeclared (first use in this function)

/space/sc15770/myprojects/tensorflow/build/h5py/h5py/defs.c:38408: error: ‘__pyx_f_4h5py_4defs_H5Sget_select_hyper_blocklist’ undeclared (first use in this function)

/space/sc15770/myprojects/tensorflow/build/h5py/h5py/defs.c:38409: error: ‘__pyx_f_4h5py_4defs_H5Sselect_hyperslab’ undeclared (first use in this function)

/space/sc15770/myprojects/tensorflow/build/h5py/h5py/defs.c:38410: error: ‘__pyx_f_4h5py_4defs_H5Sencode’ undeclared (first use in this function)

/space/sc15770/myprojects/tensorflow/build/h5py/h5py/defs.c:38411: error: ‘__pyx_f_4h5py_4defs_H5Sdecode’ undeclared (first use in this function)

/space/sc15770/myprojects/tensorflow/build/h5py/h5py/defs.c:38412: error: ‘__pyx_f_4h5py_4defs_H5Tcreate’ undeclared (first use in this function)

/space/sc15770/myprojects/tensorflow/build/h5py/h5py/defs.c:38413: error: ‘__pyx_f_4h5py_4defs_H5Topen’ undeclared (first use in this function)

/space/sc15770/myprojects/tensorflow/build/h5py/h5py/defs.c:38414: error: ‘__pyx_f_4h5py_4defs_H5Tcommit’ undeclared (first use in this function)

/space/sc15770/myprojects/tensorflow/build/h5py/h5py/defs.c:38415: error: ‘__pyx_f_4h5py_4defs_H5Tcommitted’ undeclared (first use in this function)

/space/sc15770/myprojects/tensorflow/build/h5py/h5py/defs.c:38416: error: ‘__pyx_f_4h5py_4defs_H5Tcopy’ undeclared (first use in this function)

/space/sc15770/myprojects/tensorflow/build/h5py/h5py/defs.c:38417: error: ‘__pyx_f_4h5py_4defs_H5Tequal’ undeclared (first use in this function)

/space/sc15770/myprojects/tensorflow/build/h5py/h5py/defs.c:38418: error: ‘__pyx_f_4h5py_4defs_H5Tlock’ undeclared (first use in this function)

/space/sc15770/myprojects/tensorflow/build/h5py/h5py/defs.c:38419: error: ‘__pyx_f_4h5py_4defs_H5Tget_class’ undeclared (first use in this function)

/space/sc15770/myprojects/tensorflow/build/h5py/h5py/defs.c:38420: error: ‘__pyx_f_4h5py_4defs_H5Tget_size’ undeclared (first use in this function)

/space/sc15770/myprojects/tensorflow/build/h5py/h5py/defs.c:38421: error: ‘__pyx_f_4h5py_4defs_H5Tget_super’ undeclared (first use in this function)

/space/sc15770/myprojects/tensorflow/build/h5py/h5py/defs.c:38422: error: ‘__pyx_f_4h5py_4defs_H5Tdetect_class’ undeclared (first use in this function)

/space/sc15770/myprojects/tensorflow/build/h5py/h5py/defs.c:38423: error: ‘__pyx_f_4h5py_4defs_H5Tclose’ undeclared (first use in this function)

/space/sc15770/myprojects/tensorflow/build/h5py/h5py/defs.c:38424: error: ‘__pyx_f_4h5py_4defs_H5Tget_native_type’ undeclared (first use in this function)

/space/sc15770/myprojects/tensorflow/build/h5py/h5py/defs.c:38425: error: ‘__pyx_f_4h5py_4defs_H5Tcommit2’ undeclared (first use in this function)

/space/sc15770/myprojects/tensorflow/build/h5py/h5py/defs.c:38426: error: ‘__pyx_f_4h5py_4defs_H5Tdecode’ undeclared (first use in this function)

/space/sc15770/myprojects/tensorflow/build/h5py/h5py/defs.c:38427: error: ‘__pyx_f_4h5py_4defs_H5Tencode’ undeclared (first use in this function)

/space/sc15770/myprojects/tensorflow/build/h5py/h5py/defs.c:38428: error: ‘__pyx_f_4h5py_4defs_H5Tfind’ undeclared (first use in this function)

/space/sc15770/myprojects/tensorflow/build/h5py/h5py/defs.c:38429: error: ‘__pyx_f_4h5py_4defs_H5Tconvert’ undeclared (first use in this function)

/space/sc15770/myprojects/tensorflow/build/h5py/h5py/defs.c:38430: error: ‘__pyx_f_4h5py_4defs_H5Tregister’ undeclared (first use in this function)

/space/sc15770/myprojects/tensorflow/build/h5py/h5py/defs.c:38431: error: ‘__pyx_f_4h5py_4defs_H5Tunregister’ undeclared (first use in this function)

/space/sc15770/myprojects/tensorflow/build/h5py/h5py/defs.c:38432: error: ‘__pyx_f_4h5py_4defs_H5Tset_size’ undeclared (first use in this function)

/space/sc15770/myprojects/tensorflow/build/h5py/h5py/defs.c:38433: error: ‘__pyx_f_4h5py_4defs_H5Tget_order’ undeclared (first use in this function)

/space/sc15770/myprojects/tensorflow/build/h5py/h5py/defs.c:38434: error: ‘__pyx_f_4h5py_4defs_H5Tset_order’ undeclared (first use in this function)

/space/sc15770/myprojects/tensorflow/build/h5py/h5py/defs.c:38435: error: ‘__pyx_f_4h5py_4defs_H5Tget_precision’ undeclared (first use in this function)

/space/sc15770/myprojects/tensorflow/build/h5py/h5py/defs.c:38436: error: ‘__pyx_f_4h5py_4defs_H5Tset_precision’ undeclared (first use in this function)

/space/sc15770/myprojects/tensorflow/build/h5py/h5py/defs.c:38437: error: ‘__pyx_f_4h5py_4defs_H5Tget_offset’ undeclared (first use in this function)

/space/sc15770/myprojects/tensorflow/build/h5py/h5py/defs.c:38438: error: ‘__pyx_f_4h5py_4defs_H5Tset_offset’ undeclared (first use in this function)

/space/sc15770/myprojects/tensorflow/build/h5py/h5py/defs.c:38439: error: ‘__pyx_f_4h5py_4defs_H5Tget_pad’ undeclared (first use in this function)

/space/sc15770/myprojects/tensorflow/build/h5py/h5py/defs.c:38440: error: ‘__pyx_f_4h5py_4defs_H5Tset_pad’ undeclared (first use in this function)

/space/sc15770/myprojects/tensorflow/build/h5py/h5py/defs.c:38441: error: ‘__pyx_f_4h5py_4defs_H5Tget_sign’ undeclared (first use in this function)

/space/sc15770/myprojects/tensorflow/build/h5py/h5py/defs.c:38442: error: ‘__pyx_f_4h5py_4defs_H5Tset_sign’ undeclared (first use in this function)

/space/sc15770/myprojects/tensorflow/build/h5py/h5py/defs.c:38443: error: ‘__pyx_f_4h5py_4defs_H5Tget_fields’ undeclared (first use in this function)

/space/sc15770/myprojects/tensorflow/build/h5py/h5py/defs.c:38444: error: ‘__pyx_f_4h5py_4defs_H5Tset_fields’ undeclared (first use in this function)

/space/sc15770/myprojects/tensorflow/build/h5py/h5py/defs.c:38445: error: ‘__pyx_f_4h5py_4defs_H5Tget_ebias’ undeclared (first use in this function)

/space/sc15770/myprojects/tensorflow/build/h5py/h5py/defs.c:38446: error: ‘__pyx_f_4h5py_4defs_H5Tset_ebias’ undeclared (first use in this function)

/space/sc15770/myprojects/tensorflow/build/h5py/h5py/defs.c:38447: error: ‘__pyx_f_4h5py_4defs_H5Tget_norm’ undeclared (first use in this function)

/space/sc15770/myprojects/tensorflow/build/h5py/h5py/defs.c:38448: error: ‘__pyx_f_4h5py_4defs_H5Tset_norm’ undeclared (first use in this function)

/space/sc15770/myprojects/tensorflow/build/h5py/h5py/defs.c:38449: error: ‘__pyx_f_4h5py_4defs_H5Tget_inpad’ undeclared (first use in this function)

/space/sc15770/myprojects/tensorflow/build/h5py/h5py/defs.c:38450: error: ‘__pyx_f_4h5py_4defs_H5Tset_inpad’ undeclared (first use in this function)

/space/sc15770/myprojects/tensorflow/build/h5py/h5py/defs.c:38451: error: ‘__pyx_f_4h5py_4defs_H5Tget_cset’ undeclared (first use in this function)

/space/sc15770/myprojects/tensorflow/build/h5py/h5py/defs.c:38452: error: ‘__pyx_f_4h5py_4defs_H5Tset_cset’ undeclared (first use in this function)

/space/sc15770/myprojects/tensorflow/build/h5py/h5py/defs.c:38453: error: ‘__pyx_f_4h5py_4defs_H5Tget_strpad’ undeclared (first use in this function)

/space/sc15770/myprojects/tensorflow/build/h5py/h5py/defs.c:38454: error: ‘__pyx_f_4h5py_4defs_H5Tset_strpad’ undeclared (first use in this function)

/space/sc15770/myprojects/tensorflow/build/h5py/h5py/defs.c:38455: error: ‘__pyx_f_4h5py_4defs_H5Tvlen_create’ undeclared (first use in this function)

/space/sc15770/myprojects/tensorflow/build/h5py/h5py/defs.c:38456: error: ‘__pyx_f_4h5py_4defs_H5Tis_variable_str’ undeclared (first use in this function)

/space/sc15770/myprojects/tensorflow/build/h5py/h5py/defs.c:38457: error: ‘__pyx_f_4h5py_4defs_H5Tget_nmembers’ undeclared (first use in this function)

/space/sc15770/myprojects/tensorflow/build/h5py/h5py/defs.c:38458: error: ‘__pyx_f_4h5py_4defs_H5Tget_member_class’ undeclared (first use in this function)

/space/sc15770/myprojects/tensorflow/build/h5py/h5py/defs.c:38459: error: ‘__pyx_f_4h5py_4defs_H5Tget_member_name’ undeclared (first use in this function)

/space/sc15770/myprojects/tensorflow/build/h5py/h5py/defs.c:38460: error: ‘__pyx_f_4h5py_4defs_H5Tget_member_type’ undeclared (first use in this function)

/space/sc15770/myprojects/tensorflow/build/h5py/h5py/defs.c:38461: error: ‘__pyx_f_4h5py_4defs_H5Tget_member_offset’ undeclared (first use in this function)

/space/sc15770/myprojects/tensorflow/build/h5py/h5py/defs.c:38462: error: ‘__pyx_f_4h5py_4defs_H5Tget_member_index’ undeclared (first use in this function)

/space/sc15770/myprojects/tensorflow/build/h5py/h5py/defs.c:38463: error: ‘__pyx_f_4h5py_4defs_H5Tinsert’ undeclared (first use in this function)

/space/sc15770/myprojects/tensorflow/build/h5py/h5py/defs.c:38464: error: ‘__pyx_f_4h5py_4defs_H5Tpack’ undeclared (first use in this function)

/space/sc15770/myprojects/tensorflow/build/h5py/h5py/defs.c:38465: error: ‘__pyx_f_4h5py_4defs_H5Tenum_create’ undeclared (first use in this function)

/space/sc15770/myprojects/tensorflow/build/h5py/h5py/defs.c:38466: error: ‘__pyx_f_4h5py_4defs_H5Tenum_insert’ undeclared (first use in this function)

/space/sc15770/myprojects/tensorflow/build/h5py/h5py/defs.c:38467: error: ‘__pyx_f_4h5py_4defs_H5Tenum_nameof’ undeclared (first use in this function)

/space/sc15770/myprojects/tensorflow/build/h5py/h5py/defs.c:38468: error: ‘__pyx_f_4h5py_4defs_H5Tenum_valueof’ undeclared (first use in this function)

/space/sc15770/myprojects/tensorflow/build/h5py/h5py/defs.c:38469: error: ‘__pyx_f_4h5py_4defs_H5Tget_member_value’ undeclared (first use in this function)

/space/sc15770/myprojects/tensorflow/build/h5py/h5py/defs.c:38470: error: ‘__pyx_f_4h5py_4defs_H5Tarray_create’ undeclared (first use in this function)

/space/sc15770/myprojects/tensorflow/build/h5py/h5py/defs.c:38471: error: ‘__pyx_f_4h5py_4defs_H5Tget_array_ndims’ undeclared (first use in this function)

/space/sc15770/myprojects/tensorflow/build/h5py/h5py/defs.c:38472: error: ‘__pyx_f_4h5py_4defs_H5Tget_array_dims’ undeclared (first use in this function)

/space/sc15770/myprojects/tensorflow/build/h5py/h5py/defs.c:38473: error: ‘__pyx_f_4h5py_4defs_H5Tset_tag’ undeclared (first use in this function)

/space/sc15770/myprojects/tensorflow/build/h5py/h5py/defs.c:38474: error: ‘__pyx_f_4h5py_4defs_H5Tget_tag’ undeclared (first use in this function)

/space/sc15770/myprojects/tensorflow/build/h5py/h5py/defs.c:38475: error: ‘__pyx_f_4h5py_4defs_H5Zfilter_avail’ undeclared (first use in this function)

/space/sc15770/myprojects/tensorflow/build/h5py/h5py/defs.c:38476: error: ‘__pyx_f_4h5py_4defs_H5Zget_filter_info’ undeclared (first use in this function)

/space/sc15770/myprojects/tensorflow/build/h5py/h5py/defs.c:38477: error: ‘__pyx_f_4h5py_4defs_H5DSattach_scale’ undeclared (first use in this function)

/space/sc15770/myprojects/tensorflow/build/h5py/h5py/defs.c:38478: error: ‘__pyx_f_4h5py_4defs_H5DSdetach_scale’ undeclared (first use in this function)

/space/sc15770/myprojects/tensorflow/build/h5py/h5py/defs.c:38479: error: ‘__pyx_f_4h5py_4defs_H5DSis_attached’ undeclared (first use in this function)

/space/sc15770/myprojects/tensorflow/build/h5py/h5py/defs.c:38480: error: ‘__pyx_f_4h5py_4defs_H5DSset_scale’ undeclared (first use in this function)

/space/sc15770/myprojects/tensorflow/build/h5py/h5py/defs.c:38481: error: ‘__pyx_f_4h5py_4defs_H5DSget_num_scales’ undeclared (first use in this function)

/space/sc15770/myprojects/tensorflow/build/h5py/h5py/defs.c:38482: error: ‘__pyx_f_4h5py_4defs_H5DSset_label’ undeclared (first use in this function)

/space/sc15770/myprojects/tensorflow/build/h5py/h5py/defs.c:38483: error: ‘__pyx_f_4h5py_4defs_H5DSget_label’ undeclared (first use in this function)

/space/sc15770/myprojects/tensorflow/build/h5py/h5py/defs.c:38484: error: ‘__pyx_f_4h5py_4defs_H5DSget_scale_name’ undeclared (first use in this function)

/space/sc15770/myprojects/tensorflow/build/h5py/h5py/defs.c:38485: error: ‘__pyx_f_4h5py_4defs_H5DSis_scale’ undeclared (first use in this function)

/space/sc15770/myprojects/tensorflow/build/h5py/h5py/defs.c:38486: error: ‘__pyx_f_4h5py_4defs_H5DSiterate_scales’ undeclared (first use in this function)

error: command 'gcc' failed with exit status 1

----------------------------------------
Cleaning up...
Command /space/sc15770/myprojects/tensorflow/bin/python2.7 -c "import setuptools, tokenize;__file__='/space/sc15770/myprojects/tensorflow/build/h5py/setup.py';exec(compile(getattr(tokenize, 'open', open)(__file__).read().replace('\r\n', '\n'), __file__, 'exec'))" install --record /tmp/pip-9fAQEF-record/install-record.txt --single-version-externally-managed --compile --install-headers /space/sc15770/myprojects/tensorflow/include/site/python2.7 failed with error code 1 in /space/sc15770/myprojects/tensorflow/build/h5py
